3 95 182 228
2 103 154
6 108 164 294 188 122 292
0
3 107 26 269
5 27 90 101 55 189
2 60 215
5 275 171 111 238 288
3 281 250 264
2 244 67
0
4 136 21 239 237
1 22
2 216 249
2 156 42
2 223 175
1 233
3 297 46 130
3 243 23 43
2 25 186
4 167 268 177 71
1 66
2 184 125
2 218 113
2 197 145
0
3 53 11 52
3 19 185 235
5 8 191 114 100 153
7 34 273 271 10 78 278 77
1 44
5 299 144 285 226 70
2 6 83
0
3 96 160 9
2 4 148
5 263 217 141 293 183
2 7 1
1 179
8 234 88 286 48 93 59 17 240
3 200 291 106
2 62 5
3 65 33 74
5 68 147 152 155 252
3 75 162 132
1 37
5 57 295 3 135 151
1 104
6 221 193 267 63 129 232
3 105 50 12
1 32
1 207
4 134 76 289 229
6 13 137 142 262 208 173
2 39 195
3 24 126 247
3 85 117 266
4 168 38 254 45
1 86
4 15 230 139 169
3 41 202 118
3 296 198 84
6 36 58 284 69 149 211
5 116 128 236 20 112
5 246 260 258 265 257
3 166 242 192
1 146
4 138 205 194 270
2 157 201
1 115
4 18 119 248 16
3 290 102 251
5 150 14 140 199 176
4 203 158 89 98
8 87 212 276 187 64 121 131 181
3 92 245 120
5 72 133 174 40 256
1 161
5 127 79 224 29 255
3 56 219 30
2 210 227
2 82 298
1 124
5 54 172 204 35 206
2 222 196
7 220 277 241 61 283 49 274
1 81
5 180 0 28 163 178
3 109 73 143
1 97
3 259 287 279
4 80 282 190 123
6 159 209 253 31 272 94
1 231
1 99
2 170 47
3 213 91 51
1 165
2 225 280
4 110 261 214 2
