2 38 233
4 92 89 71 175
2 37 211
4 79 118 69 165
4 26 109 42 52
2 292 194
3 203 95 141
3 284 17 47
2 155 94
3 180 217 119
4 161 19 207 59
2 299 58
3 213 295 16
4 129 90 145 169
3 57 174 78
1 199
3 193 195 266
5 294 162 138 30 49
4 290 96 120 151
4 0 99 91 206
4 261 281 204 240
2 156 147
2 101 115
3 75 127 23
4 220 157 289 66
3 198 97 84
3 260 188 35
0
2 251 274
2 18 12
5 41 103 111 55 293
4 254 228 46 9
3 40 43 143
3 86 140 215
2 223 229
5 116 62 258 205 192
3 190 51 189
2 221 85
5 246 259 285 282 287
5 36 64 170 176 135
4 148 232 10 130
3 107 236 288
4 25 139 182 278
7 88 249 200 197 76 256 149
2 216 252
4 273 15 28 82
1 132
4 167 24 172 106
5 275 105 226 50 22
5 234 8 166 70 98
2 29 68
4 241 11 5 264
3 54 242 247
2 168 61
2 136 144
3 80 44 255
1 214
3 276 237 272
2 104 1
2 74 177
1 113
4 179 238 297 279
2 245 31
2 21 248
4 34 60 53 231
1 100
1 291
2 218 123
4 65 210 93 112
3 150 185 48
3 33 253 280
1 184
3 14 191 163
3 263 158 154
4 137 102 283 77
3 212 133 243
3 227 6 20
3 56 32 3
0
0
3 225 128 173
2 159 81
5 134 224 222 122 45
2 286 142
3 267 257 183
2 63 262
0
2 187 39
6 202 146 114 124 250 152
2 265 153
4 230 239 235 186
3 171 244 298
3 110 277 117
5 296 164 13 219 196
6 108 209 73 67 270 2
3 125 271 131
4 72 7 201 181
4 87 4 27 208
4 121 160 269 178
3 268 83 126
