25 5335 6139 8816 7208 147 8239 5584 7276 1182 1534 2825 9900 2099 7939 878 8231 703 7815 7853 2024 7402 1478 438 623 8226
25 4546 7934 2706 3575 8617 4007 8937 118 740 9366 6376 2612 1382 2058 9518 1622 2820 5972 7059 927 5926 9259 6795 1722 8870
28 268 4455 5112 4450 1443 4796 3230 4117 4989 6799 106 52 2504 4369 9682 9400 8427 9530 8166 2823 1258 8183 7241 8451 6278 3488 4311 7758
27 2735 3294 5377 7849 3092 4141 572 4840 9381 1688 7101 1197 9230 4804 7177 5498 1816 5114 953 2066 1155 4427 2120 5832 432 8519 8087
23 9619 4414 3773 1518 66 2415 3867 4111 3082 7389 1516 7741 4748 941 620 4097 7480 7170 6388 1467 7051 8847 8874
28 445 1315 475 7609 8968 3314 6156 2281 9205 4089 9225 1810 283 9177 2611 7622 1165 7653 8935 6281 9293 2218 3207 4448 4516 7744 9439 6311
25 7952 9927 3311 4245 1955 7245 5503 5907 9192 2599 2042 9185 6866 2177 809 386 3150 363 6894 7396 2269 7969 6065 6976 4901
24 7709 2112 2899 7048 2107 6885 9948 2835 5166 8553 1853 6320 71 2242 5066 2139 2028 9745 6941 3304 5942 8948 5652 2610
29 5324 1609 4877 4207 5858 8585 1644 8864 3421 9929 6043 4560 8649 1850 3822 8567 9204 7279 570 4052 3324 6792 5399 7772 9781 3690 5312 3586 3259
30 7936 8637 2442 4302 2270 9632 4356 6699 6290 4388 9527 8998 9108 7443 7908 8417 7431 6229 6154 7670 1249 6489 5560 6227 3046 5162 6959 7138 7393 1559
20 6735 935 6698 161 2386 4832 3895 8916 1337 9697 2197 3943 4367 1092 2499 7469 5812 1497 8113 9918
30 4214 7320 5060 1215 3885 3530 6989 4744 2653 3710 3845 9444 9917 3078 5019 3382 6109 8769 8305 1144 2617 5961 3742 9787 4577 9797 2423 8716 5616 1966
13 313 5852 7521 8621 1401 7084 9147 8777 5718 8641 5988 5046 4338
26 8484 8379 8368 3760 4764 6181 624 1896 7286 3072 8314 7147 3553 6714 6486 5786 9994 5886 8061 6500 2249 1278 5846 8119 6060 8163
27 6558 9564 6068 608 8259 1271 8981 7643 7594 215 1340 4263 8307 6219 7624 2911 968 7827 5677 1919 2650 5438 4193 6285 2540 587 6111
33 6807 8758 4601 9267 7355 1625 7687 1054 5213 376 1102 6413 2497 990 7453 2362 8212 7791 6743 5929 3909 5564 6609 9870 5513 8930 3096 5754 4993 361 4229 195 7017
29 117 8989 7174 9199 5541 8973 691 8664 4249 4119 2397 5700 3532 5734 4712 7340 4870 25 6696 820 9802 6847 625 5051 5883 635 9993 136 9334
25 5746 6818 3119 2292 4986 9284 5487 4002 6319 575 4044 3893 3399 7942 9245 9318 9914 1957 4614 4508 3941 5499 3255 1961 1456
25 7861 3200 1835 951 9419 285 4851 7007 2057 4710 6778 3912 7678 2336 7835 735 3359 3387 9663 5463 6627 6096 9690 70 1343
29 4637 8086 7114 5034 6125 3008 8869 6009 949 2164 1000 1827 6038 4849 6554 8141 9448 8744 9210 6606 6933 6365 901 9146 5434 5471 2134 8178 9916
22 8328 9654 3729 1475 2665 8266 3811 1790 4591 3 1266 2190 5725 6801 5706 5638 2575 3944 9154 1074 2152 8375
21 211 1282 272 9945 6891 2237 8931 7781 609 242 7405 2194 2877 258 868 5493 7980 2608 8089 2170 5244
30 2384 9627 3067 5466 6639 1949 9804 6630 9526 8421 8093 9303 1647 7691 3753 2501 2580 3592 1420 8512 4110 988 7288 1007 995 4976 6358 8 5057 7093
23 2571 1803 7444 2975 4867 5990 5425 2577 3468 1884 1587 2766 9844 4634 2309 1999 6712 6589 9386 3467 597 2161 9178
21 769 1256 5690 2518 516 5864 456 5167 824 7360 9056 3320 8052 6100 9857 2643 540 971 3787 3080 7289
27 2020 4352 3199 7364 1685 1660 8796 5021 1904 744 1396 9150 9516 3962 7071 4306 6791 26 8623 8927 1427 8888 6291 5895 4522 5688 8120
28 7346 8133 4066 3105 2791 3435 9045 2167 8378 7309 4532 9810 4121 2645 6313 880 1610 8476 8875 7541 919 262 8592 6732 6046 5964 3559 8556
25 3103 225 2198 6503 1101 8991 1330 8742 3874 7403 3323 6975 2842 2085 4373 2699 4333 766 1623 8696 3713 6349 2019 9638 5665
22 8179 1355 8772 8493 6452 4430 6861 3342 2004 2124 7254 9344 4419 7199 3000 8320 4691 3612 6717 9290 5563 2276
23 8292 9305 4693 9459 9349 354 4297 6865 2525 4441 1394 122 3262 7265 4603 2496 4037 8781 3248 2458 8130 60 2492
26 9409 7319 1406 9477 3510 3364 607 4213 3851 2228 2630 7809 6926 3070 9849 9017 7367 3472 2378 4995 7087 5024 5731 3518 5474 8941
26 6912 2352 5861 6000 7682 6201 4838 7883 6886 2558 9242 6034 1345 388 7935 7420 581 3536 7317 6214 5989 653 4994 3627 6844 3665
17 4435 9935 9347 6450 567 1667 4227 286 8246 2980 8418 5321 7359 3733 5647 1677 3631
23 203 2356 856 6172 4966 3393 5187 6909 4202 9886 9592 8500 9039 7718 6095 9865 8365 418 3422 2337 1576 1300 9766
21 5218 5668 8167 9817 1415 9319 4939 8597 1297 2959 3748 6940 4512 2489 2088 1618 914 3809 8867 9025 3012
39 222 7585 7464 5017 3475 9631 601 3220 6893 1233 1348 7004 3843 2884 3101 4235 9801 2274 2340 4456 7890 9236 3707 9445 6040 8863 4325 3336 205 983 389 3344 1056 1483 8923 7617 9558 8414 6919
31 5716 6293 8338 3958 9466 9645 8273 6407 3191 2896 1981 8814 5301 970 2205 370 2913 155 801 9946 8697 1445 6667 4199 6371 9493 7888 9971 5753 5159 1254
15 3188 6902 1453 4159 2048 8689 7919 4465 2807 7845 2002 2253 3335 4127 6931
25 3461 458 8034 7341 7407 924 6235 11 9237 5309 9510 3981 2420 539 594 171 9955 2716 3800 7752 642 844 8949 9990 1558
15 6541 4807 1480 6062 4274 3501 4055 9866 7419 7452 8206 1390 8174 9024 5150
20 3147 7129 69 7172 6615 6346 6082 7021 8881 600 6231 4932 4322 3668 2562 7725 44 2905 7953 4865
31 2681 5996 9738 4593 6188 6601 657 9790 9062 9268 3673 545 5968 2939 576 7497 2832 9470 2354 882 1754 9693 5930 3246 7880 8096 3677 5604 4286 4308 1972
32 8962 2313 6053 873 6409 9286 5892 4792 233 5572 4834 7857 1695 5830 6681 8599 4012 7872 8366 1918 9803 4610 2795 8677 6934 8452 4759 8083 9281 3279 5631 3589
40 7318 2986 4788 3036 415 7248 9410 7732 7873 8261 9213 8143 3213 3499 7098 8067 3178 4155 2789 2306 5947 2014 4015 1974 5075 6760 4670 5644 4972 1808 3288 6022 6084 6477 5003 3741 9374 5253 20 1212
25 9768 2928 9761 7912 2613 1051 8903 9153 912 866 8362 4438 5288 7720 38 2435 451 8223 5840 8461 5149 5536 4911 5476 1055
30 3697 9274 3947 6356 4318 461 8843 3925 3534 6939 4942 7743 4919 701 8577 429 3998 3600 7976 3260 5325 160 9115 3390 7826 4364 9771 1312 7001 6603
26 9679 5006 7647 6122 7145 7062 2011 1308 3341 7529 2965 4684 1035 835 2389 4283 1334 5141 4022 9451 79 18 7204 9608 807 4554
32 6783 7704 6455 2787 7711 8459 9156 4664 8806 4957 7081 3906 3997 4824 9460 9111 7137 3118 8899 3214 5447 5703 9501 4743 9338 5750 3460 9997 8255 1419 5037 3858
16 8518 3457 8128 266 553 6927 6751 3765 1681 2045 4923 7185 8508 1374 3945 9117
25 6403 9068 720 751 715 1886 7785 9824 223 3761 288 2239 9708 179 6383 1621 345 99 4189 8838 9909 7459 5408 6613 5398
38 5860 4511 6879 3068 7190 1527 1843 5214 199 1873 8285 498 7284 3839 4907 5375 5356 826 135 1429 2741 5621 3672 524 999 2183 3363 654 7023 9999 8398 9443 4479 1652 9736 9131 8710 7049
38 4150 4048 5602 6216 3735 3949 320 2997 9292 5140 8750 5862 4330 8125 4876 8533 7505 3437 806 4272 9662 7970 7324 4574 7024 2481 3413 8669 6435 4931 6099 8964 1015 3819 2922 1823 1003 6342
27 8204 5235 5717 8412 8042 482 876 7903 1595 2602 8403 6179 8646 6880 8200 4407 3788 227 4647 1748 3810 829 8839 4215 3898 4041 383
22 5161 219 6809 506 965 5116 895 2346 3194 8616 2116 8097 2416 1719 2162 1032 2282 3920 5774 431 638 3857
23 5018 7913 4071 5829 3173 8037 1840 1583 8283 4114 8151 3361 5589 3447 7800 9279 3243 8142 2734 6496 637 3322 9430
26 837 1313 9926 150 5576 9297 7882 6480 4772 6643 1768 74 4828 3625 7865 5849 8438 6006 8017 3006 6204 14 5178 4126 2363 1801
20 1135 6304 3414 138 9458 9963 6963 2075 6905 9194 7273 1828 4360 2700 9582 3878 8985 4296 3514 3737
26 4855 5295 9282 1276 156 3190 7847 4658 8951 9019 3584 9433 5317 3498 6816 4638 2861 3948 5102 1772 1358 1982 1893 504 4242 778
13 2338 3114 596 1959 3905 7352 4100 9515 4524 6310 289 8552 1701
41 5137 1515 568 666 1997 3270 3740 2551 3622 9944 1799 2979 4613 6566 4930 4699 2206 1872 3818 7296 3992 6292 1870 512 3509 8764 7015 6370 8469 7421 4513 5594 1021 9609 2427 7165 5266 7409 6136 5173 224
24 2774 372 7119 6645 9819 4618 1186 8831 7435 9575 5835 4471 9456 2863 7107 5117 2199 6343 4447 6991 9818 1408 1043 2786
19 9626 6502 5711 2401 1260 2374 1756 7271 6897 505 5789 8752 2369 9488 5078 9189 7705 9922 3569
24 513 7442 1724 9897 865 1844 582 930 2406 1797 6908 7417 1094 3660 9285 3653 5392 8180 7801 2583 4728 2724 9906 7058
29 5598 4984 1593 6536 3396 6029 4703 7232 7010 893 1008 6243 3784 9073 1629 5694 1941 4971 9725 6408 5893 6339 6539 7423 1083 5095 2847 7154 2914
30 190 1874 2869 3321 7612 9316 739 1755 8555 5182 9813 7668 3772 7564 8779 8068 2778 6769 8540 1925 9468 6049 3407 7126 2579 4142 764 7026 4897 464
20 2920 5881 254 8827 5045 1368 7604 2215 5258 3306 1219 6050 3820 4054 4735 4641 8594 1569 2055 2658
23 1228 4848 9306 9087 1908 9538 7636 6832 9872 5221 2341 5484 467 9659 5747 6175 1329 4218 6568 1484 9119 9759 2604
20 3786 8040 9830 7118 6642 6605 4947 2016 121 8746 9892 6423 7056 641 7482 5246 4814 8634 5469 6153
22 403 3181 9232 5101 4232 2955 6325 5605 9416 2749 5059 8853 373 3996 7774 3769 8389 8663 7979 2100 3408 7161
21 563 8520 3921 8652 7648 4866 9508 621 1933 9009 3272 6671 7974 4616 1616 2155 6878 2131 2830 6676 8517
17 4080 4233 7156 1208 853 9737 8609 5933 5844 4426 6953 4258 6372 9957 3684 7450 2983
26 6039 3708 2008 8713 4099 1686 6719 5310 997 7689 3747 8390 3186 6846 9352 7930 426 7963 5126 2013 9032 2638 1437 4424 1898 9472
22 4475 4761 3596 3990 902 1676 9070 1791 6625 2852 5608 1946 8889 3900 8568 5364 7336 7175 7625 4783 1514 7335
28 6901 7293 24 4056 1995 3840 5710 9151 318 9179 4990 7562 1302 6389 3796 4862 7552 614 4822 4581 2728 7820 9201 2046 2490 8321 4 2819
24 3578 3024 3362 4666 6548 1504 83 4663 6414 4323 30 3045 3331 9231 3031 2380 2646 7671 9519 1112 4267 3229 4320 7235
31 7613 8953 2648 6367 8401 7334 216 2958 282 1331 9407 5526 8010 94 3187 1673 9016 9509 6990 3897 8249 6074 8499 3520 6700 1195 2773 3975 59 9532 8850
28 5983 661 7710 9249 444 6967 8686 39 7207 7394 7237 10 4762 2532 4152 4619 1432 440 5339 3015 6935 9726 5388 8275 2998 4795 7996 3883
27 6670 8803 511 9450 3615 5409 4372 5256 2383 6165 6705 3295 5428 7588 2966 6622 1405 3852 4978 9066 6341 5912 349 2594 437 5055 7881
27 6804 172 141 646 6562 8504 3065 1307 7330 2303 1383 8408 3516 4916 855 5013 4431 721 5397 9034 6546 1826 5404 5294 1327 9834 5063
25 1815 5890 5856 3409 8073 326 5562 4493 6272 1048 1922 1181 7746 2753 305 3434 1789 6928 3004 1766 9258 1187 3337 1923 795
30 700 4742 5300 3358 7224 5678 6161 5172 9647 1458 2192 4004 1498 3917 2071 7033 2894 441 7917 4991 2010 2873 8341 9910 2257 4269 4861 5653 5334 962
22 5245 9104 1500 1774 1800 5442 7626 4941 682 5729 5558 2506 7966 5038 3219 3237 9772 3995 9454 4729 8424 3617
27 6002 9144 7477 4481 2585 3462 7555 7234 105 6253 8470 8437 350 1069 943 2062 5052 2279 8115 2268 9356 7378 5607 4732 1713 4271 430
28 8878 2106 7088 3608 4585 2288 8419 2444 93 2670 8160 4690 7735 3560 3624 6264 1463 1017 9855 4518 2811 5418 3343 5836 5202 8490 231 2897
19 5902 1968 5347 8300 8530 6251 2931 8248 2484 1811 8532 5110 8633 6448 7307 6631 3886 4531 1646
26 8675 8902 2736 8620 4857 2272 2977 2810 2874 9112 3258 9911 9379 1058 5483 985 3604 1380 1287 5749 2521 2940 1137 8770 737 8700
26 4059 6649 3384 476 6021 9546 1513 4244 6974 7532 1964 8651 4032 4963 2146 9777 8340 7639 4791 4580 9507 9711 7356 9860 2597 4891
18 4143 8573 5994 6946 8761 7266 8428 7382 8242 4655 745 9973 1262 891 228 8333 6007 8046
29 8703 9216 8351 7554 9134 2982 6041 9263 1508 9229 6178 8672 1859 3061 2447 8729 6960 9618 4146 6028 4005 1076 2007 9241 749 1472 1359 325 2130
24 7020 4208 6076 2696 2482 9923 9388 1861 4566 3454 8987 8268 819 9740 9542 3164 6497 652 6731 8482 5138 8352 1522 8430
17 4687 4980 4720 9512 6737 546 7727 5872 3266 4831 4187 1025 6014 5002 9431 1202 2671
21 9890 9109 9617 3539 2885 4503 7761 2404 4136 8288 5080 9083 3639 3485 1268 6440 101 1403 4606 7731 757
25 4882 992 5069 1232 1245 7663 5603 4107 2402 4623 5792 9816 4868 1596 6180 3953 4386 7003 7491 836 8685 7722 899 3275 7766
22 4309 4255 6526 2108 1104 4784 5417 6270 3052 714 1071 5330 2403 4527 619 8197 5378 411 8090 6302 390 7714
25 1992 8832 9011 1160 4300 7120 5670 841 2370 9275 5921 3507 2144 6508 4501 7089 4390 3298 1285 8942 1594 8861 3035 3238 5538
23 8557 4437 6128 7916 529 7984 3299 8058 5071 4521 8297 1411 1535 3011 4253 3283 5236 7559 9960 7733 8098 4803 5606
18 100 9182 4355 6756 1143 9678 6591 9224 3483 6947 1167 149 7841 9211 4650 3134 4716 4374
19 823 6119 6729 6190 947 3594 4667 6298 173 4890 1885 4454 8531 3815 6599 2133 966 5848 3723
23 3471 6220 1860 9712 2857 2591 2434 3121 4565 8264 7377 1103 9967 9750 631 9048 6950 4611 8802 7349 3797 2280 6258
30 1138 2507 6663 6875 6473 2304 6491 8272 9385 3439 6454 5323 7275 5565 6483 6299 9125 4460 4917 9489 9841 7050 885 9312 336 265 7524 6997 6185 939
21 6952 3572 2382 8209 8485 4944 1248 178 357 7504 4847 2325 8422 7280 5546 5965 2080 6701 8282 1064 3042
35 1735 3739 986 5888 6398 1067 196 5123 4125 7384 9441 3211 9655 5372 5527 7982 940 1554 7060 53 201 5979 3806 7842 8172 5595 822 2858 8790 2902 4149 2376 4790 4158 3618
32 961 2061 6786 7398 3138 6662 7323 4969 6703 1004 9881 8687 6806 5958 6116 2438 2636 5906 4727 4357 5403 6796 5242 1085 3456 9446 7481 3033 8411 7044 3533 7937
33 6412 9707 7575 2944 7662 2320 6582 4366 1081 65 3829 663 3939 2348 8177 693 6386 6083 5106 1243 1108 3902 4294 9389 7591 2083 2709 9253 1462 5673 6918 5735 1510
34 8559 7329 1349 457 6420 2105 6567 6579 2467 9114 9408 561 1842 7805 6387 3494 34 1945 2462 2678 238 1971 9359 2334 8392 3870 9398 8276 5775 7257 3698 5494 1418 1304
24 825 5535 5263 7595 6930 6094 2762 1235 8809 2102 6999 6286 5297 6835 7652 2472 7121 9124 8240 2342 9465 3093 8429 3185
22 5920 507 8094 3425 8225 9800 3221 7940 8628 8593 736 184 8676 460 3486 3662 4599 1127 6761 5432 1641 5857
27 1978 6850 9101 7701 2089 5298 6556 6397 4389 1298 4464 42 9723 3352 5320 4131 9174 2876 3956 9099 4181 2529 1983 8100 6819 3892 5543
18 2147 8588 6237 8876 7856 5040 9584 7206 5522 4301 7656 773 3561 6436 2619 6468 4057 1230
41 1335 1512 4008 4706 9925 6402 658 7876 2323 3986 6716 8214 9980 7065 7650 916 6983 6858 3227 6655 8958 180 43 9748 9643 4082 6104 3628 3726 5128 9883 322 4179 5276 4864 6621 6665 845 5931 805 9545
26 3607 8978 4733 2981 9483 1537 2393 640 8244 1428 3487 4025 7632 7786 395 4975 5772 2705 466 1526 229 9007 6384 6266 8216 4955
30 6135 5406 6361 8932 209 1421 660 2422 9859 4775 4043 8688 6977 5314 8153 1657 4342 2101 5338 7523 1915 1322 1899 5575 9010 7390 598 1147 3688 8718
19 9429 380 9954 9729 9219 2078 9421 6042 9709 37 3465 1072 4053 5518 8280 7771 2339 3889 8069
23 4894 6377 4875 6200 1613 3169 2799 4555 6744 8415 487 5139 9667 7306 3506 4681 3277 4284 5130 5269 8654 3478 9573
23 6877 1465 9012 7684 1588 3470 7750 9102 9006 520 2381 2522 2871 2168 5524 9088 2223 7251 4723 7899 1088 3480 5586
33 5332 7255 8367 7263 9657 1109 1710 1902 6379 7920 338 9322 9939 7222 1591 7351 3351 2311 6030 5611 3088 7331 7018 5383 8537 7664 323 8765 9814 1751 3950 1939 3860
32 8227 4873 1414 4717 3826 9382 5626 6078 2076 8326 5303 2846 2760 2547 2710 9758 8294 5199 9597 7904 5820 5290 9260 2855 2493 5613 5531 1367 5348 763 926 9311
29 9412 9974 8382 4673 4854 645 8644 5289 4924 4400 5260 777 6126 1099 1759 743 650 4668 8887 5429 4402 4998 755 6723 4563 2843 566 6152 8582
23 6004 9071 3108 7110 3146 4776 5909 9554 7321 5350 5763 8632 4290 9862 3955 6557 4176 8345 5015 7696 1060 5265 9517
20 61 5087 7927 6596 2856 8819 3360 7153 4754 9384 915 1877 2371 2666 6624 5354 5669 3792 1452 8921
28 303 8406 7097 494 5764 7381 3210 7749 7217 8494 6962 2043 1468 2685 528 6506 9605 2595 7225 5185 1976 9223 4633 182 6481 4295 690 5646
22 4377 6150 4349 8715 8804 6425 4113 4014 2817 5610 250 2364 6802 4026 3348 8714 3681 9606 131 1084 2457 5672
21 6269 245 1627 7455 355 7490 230 7551 3285 2943 1905 1990 4598 4466 5936 1333 393 8919 143 3189 6494
21 4101 7274 4266 1783 3016 8105 2756 1854 9248 8047 7995 738 5229 3964 7160 2182 2985 3529 9391 4886 1892
21 8464 4068 7366 3862 369 9378 3846 6726 7531 7923 5802 591 4827 2204 2747 7717 36 669 5077 4197 8131
27 9411 5628 5866 2240 8667 7698 485 4429 5032 6106 1626 7848 4597 1743 7806 9148 4459 87 9616 3198 8409 4341 6895 1636 1570 4160 2117
21 9473 9685 1206 3717 1433 6821 7528 9442 813 6636 2889 63 404 8885 6766 4116 7157 5127 8701 4277 3097
32 549 9901 4586 5205 864 7117 1399 4895 9981 2702 9928 1967 3450 8220 8976 8817 3182 9348 9863 6077 3649 4102 4943 1059 3431 5111 7989 2307 7035 8331 6507 2225
20 5649 9035 5815 4291 1589 3493 85 6808 816 5074 6375 5105 6033 1988 815 5079 9057 488 6032 3310
23 6654 2784 7975 7150 1831 3466 8820 9377 5692 8883 9355 2549 1164 7517 4412 5633 7371 3890 6295 246 925 3791 1038
24 3090 9291 5955 2714 6476 3054 7867 1913 1281 6218 6268 6839 7907 5870 7651 3136 7063 3412 5960 3922 6246 8008 6750 2755
23 9752 102 1524 7933 3754 133 4639 5824 6608 9240 5061 2400 7655 346 1291 8709 923 6144 5283 7756 4760 8877 4393
25 6849 4644 3263 342 8952 984 4365 7807 7149 384 2142 6353 8860 3374 3013 8638 8354 1354 5787 4288 9486 7739 1699 6693 811
19 9314 5393 9684 9130 5619 8481 5534 9155 8016 5430 2676 3515 5573 9051 7244 5175 8084 7079 8507
26 6418 7406 7994 2781 7019 3623 1942 4209 352 1779 9375 612 7299 4166 167 5177 6867 5828 4401 5544 1663 8797 9940 6434 4332 4695
31 9847 277 1838 9705 2424 2335 6537 1509 9687 4608 1934 964 958 9732 4265 287 8794 5587 5416 1669 6594 6632 4757 9854 3265 2908 8260 8613 1562 9650 3928
26 6466 5402 2559 3891 9620 5952 4279 9300 5878 6811 3026 2834 3824 3960 6232 7012 9261 5597 4061 1851 4678 1798 1077 4231 1581 5232
32 9393 9550 6765 3972 9633 5082 9392 5660 3999 1603 5520 6915 695 3896 3756 3597 4487 1643 6775 8514 3448 9041 7369 8487 8082 4752 1544 8647 8468 4918 729 557
17 3253 3655 5090 2275 5557 6873 8571 6581 2633 4395 9060 434 2308 5667 371 6019 9354
31 9504 5424 2788 2912 8059 6141 4170 8737 2660 7197 9361 4398 9333 7715 5026 3609 3201 1820 1650 8126 2317 5346 5355 3526 4492 3125 9942 4811 8636 3069 9776
26 5885 7014 3799 8446 977 2104 5904 7195 7871 9221 4535 5196 2459 3634 5165 4313 2798 3367 2469 1190 5609 7338 9568 1633 3664 144
27 6023 8521 3989 1521 6451 9612 3556 2052 5951 5042 5548 9593 4547 5255 5073 4457 3937 4188 7776 2824 7878 8707 898 8908 1698 9198 7112
18 7499 5304 4058 1363 9452 3057 5120 6196 8228 578 716 3635 3301 5144 8404 1599 3929 8618
19 5049 1674 6024 3566 2355 7278 2425 5708 6540 2906 1188 1145 7178 8741 981 3545 3240 6914 9432
15 400 1830 2663 874 2927 1062 7045 2805 7926 5981 5302 8738 5928 6616 7343
23 2581 1273 1227 7557 1024 9002 9556 4130 843 767 3009 7949 3154 2290 9050 7578 9856 4444 5363 491 944 8712 8210
26 9563 2143 95 3418 3433 6512 7353 9583 454 6733 5482 96 8344 5420 2739 6543 3823 9695 6347 9699 6892 2723 8966 2488 8123 1150
22 4307 7430 7846 7810 3605 7434 3783 6248 292 2601 8767 1042 7365 2154 2793 676 7132 9672 3217 8834 7412 9184
31 8890 3049 1557 47 5433 7569 8188 3915 9962 9742 2527 6103 1154 678 7507 1152 4289 6758 9233 3449 7240 5490 3934 630 2252 1115 9937 8862 758 4929 7404
19 6718 5971 4228 3193 2831 3293 8922 4612 4378 9415 6653 416 1490 1812 9013 8572 6465 9277 8808
21 7270 9640 4938 2916 5838 5005 2837 7697 6777 4144 9621 2018 9713 7233 9661 7767 9756 9404 8278 4446 9326
32 1066 8965 6965 271 2536 8892 4659 8020 1430 7226 2930 7075 9889 5635 3495 9919 7659 7560 6225 4999 1063 2872 220 7181 307 5591 667 1377 8308 8980 2509 3825
25 1900 3375 1491 9065 4786 5107 8063 7793 4515 3271 8357 4694 5462 538 1073 6812 4620 9966 3131 7844 2038 7310 7436 3500 5174
29 554 5089 6360 982 993 3859 2972 4394 6904 9822 8650 2398 4086 1538 3282 3353 613 2572 1822 6936 3019 605 3179 2629 7038 705 4968 5659 3985
27 3410 3167 200 502 8029 168 8529 8038 2121 8101 5386 3606 9882 8247 1924 2693 8643 4701 3577 8912 2792 9269 7032 3497 7376 3274 910
27 6831 2934 9128 9557 4558 8956 3685 402 3225 9082 7778 9968 5976 5519 8857 8743 7822 3389 9091 331 5728 7590 5010 5461 1295 2993 9467
22 7993 8229 7967 4371 4074 1179 3967 4135 9222 2933 5072 3706 3452 1011 2503 7484 341 9746 1903 4904 5293 3755
17 1734 8426 832 9832 5050 8245 742 7599 5247 4316 7566 5512 8849 89 7959 3712 2208
21 7162 3775 5160 8993 3759 7962 694 5552 8598 6382 1780 9907 6259 8732 7139 1720 6071 1114 4922 1825 5460
29 4194 2293 9735 9613 7342 2758 7425 1016 1471 2284 4853 510 1371 8763 4259 3908 2918 5938 5151 3695 731 5505 7302 2703 6626 4239 1356 6368 7906
26 3855 7804 741 6277 6742 8823 8075 7638 7422 8502 3502 8691 2990 7212 2708 2047 1556 185 8706 75 4640 7264 8866 4883 2203 3812
23 3693 4017 2782 6896 5995 5903 1461 1889 4692 4933 7675 9107 7022 2226 3837 8891 4399 108 9792 8279 8137 3984 9304
28 157 7243 8187 4767 7513 9823 6519 3463 639 732 6862 5292 4335 996 3873 1434 6369 7584 8635 5612 9840 4785 3014 7219 1865 7281 406 3120
21 109 2056 348 1973 2548 244 8563 7729 8928 4625 8359 5767 936 2302 8522 6611 1400 7332 9791 9332 3492
23 3257 2731 8719 5915 5163 9858 2634 7802 9943 1775 3764 6090 7313 6328 2849 1739 7485 1158 1909 796 3724 5179 4319
33 4525 2026 1530 1267 956 5012 665 5241 9044 2453 8995 3970 871 7829 8510 3731 1532 514 9988 3752 4033 1317 3725 2283 5401 3455 1895 2474 9615 3923 421 4315 7795
28 3245 6026 6305 4709 5457 1474 396 2737 5464 1834 8291 692 9183 589 5183 50 1477 8218 4468 725 3720 6230 3716 1744 2157 3254 3576 7182
24 9325 3148 206 2641 4575 3338 6067 5169 1352 4584 3340 6574 2796 687 4576 9903 6092 4934 5207 3644 7509 1758 616 9536
26 6044 8747 2118 7548 3993 9720 4353 1436 7176 5941 177 4449 4092 8554 3428 7397 9826 8886 5681 3503 4418 9793 5459 746 9970 7133
20 2578 789 4654 3222 894 4571 8270 1956 8604 9455 5850 1802 4737 9873 7623 8558 1426 8735 2113 7375
26 8158 6740 5853 9636 1620 6764 9018 5794 2319 4489 1328 2841 3682 2534 5448 5585 681 5197 9660 3059 3523 2029 9069 6052 1454 980
26 677 88 713 5615 8420 2802 4072 8111 4825 6888 3489 4809 8660 1026 7898 4626 4413 5331 6614 2750 9885 7938 2286 6273 2606 797
26 1447 9920 5234 3565 4821 2924 2729 5730 1943 2996 7754 6790 1742 4442 7385 2201 8358 1070 6411 810 6118 7611 7751 8332 6016 8044
24 6115 6916 1105 2053 1169 3550 1702 2037 9335 5911 4486 5550 4730 8565 3980 6887 2092 3423 571 6979 3899 73 7215 3386
22 1635 8629 3904 3261 408 5658 584 3139 6855 890 1690 6157 4621 5326 1395 1572 3144 3744 5533 5454 1579 5449
17 9402 921 3666 2000 7637 779 8662 7587 6134 260 3395 7549 8733 1360 4095 9749 7568
18 8840 3875 4195 4358 1132 319 634 7582 9728 6509 5740 1706 788 2460 1172 5275 2219 5571
24 7561 533 5887 1879 3366 7870 4405 6921 5780 991 3432 115 8127 279 1672 453 5379 1806 6628 333 2433 1028 1128 6559
21 6160 530 5766 708 6730 4874 7068 3661 4768 1344 1675 9350 8907 140 7818 7742 7834 3284 3749 9677 6221
27 3055 1757 519 9503 5771 2230 1511 7312 6593 1985 9110 9175 7738 9798 5765 3018 9212 2545 1049 8076 6988 5762 8972 5435 6212 7173 1134
28 2316 3640 5437 7837 4677 8373 808 4734 543 4722 6923 9092 8720 1253 3582 2826 9181 6528 4254 5752 1044 6335 1153 9648 3978 6323 2185 6453
31 1097 4428 3445 417 4200 6498 9116 9457 377 1752 5453 4880 8534 6868 6442 1449 1989 827 3241 6464 6788 6147 937 1185 7052 5342 7437 0 3903 9876 6170
32 8699 1142 1251 9846 6971 2900 6426 5582 8545 2740 1668 9718 5155 1469 7239 1283 2012 7747 577 564 2574 8356 9149 2727 427 5918 9921 4812 2070 8467 2410 1020
24 3329 6123 4421 6438 169 9543 3044 5306 2505 5583 9722 2882 863 6774 5475 4312 6646 8894 3318 3581 4083 8053 1645 3347
25 3168 6239 1332 8323 5279 4029 7515 5656 6987 8645 1792 7418 7755 8812 3777 1975 5905 7478 9591 6015 7054 1244 13 5376 4846
27 6942 210 2217 280 112 1275 5367 4096 9085 1409 8815 4514 2001 6079 1936 2391 8145 1536 270 3633 4726 3687 9296 2764 6789 6644 2200
27 3869 2327 3616 4973 3066 7301 9228 3174 4714 1168 2875 9420 126 7866 1259 4997 3365 7621 5067 7295 8994 4510 9552 49 4451 8311 4140
29 585 7227 8290 1200 780 9751 9952 3537 3436 883 2473 1199 3776 67 5851 2034 1638 213 8060 5956 1039 848 8579 888 4530 8156 4049 7311 5953
26 2949 7716 4028 9030 4205 7631 9641 3524 3022 9513 6648 9492 2023 3027 4423 7326 2621 3590 4382 5103 2387 4579 8066 3957 1653 1948
24 6252 273 7948 2639 2216 2952 9842 5756 9576 5523 2153 4073 521 4001 7221 5761 6666 7192 2258 7458 4303 9294 9461 8147
23 7468 3170 3249 3411 4583 3073 2261 2642 7794 6213 3699 9880 6810 3854 6600 4122 781 2259 2114 7183 5443 5361 7036
23 297 583 3579 6168 2717 1721 3793 979 4499 5374 6680 6824 4093 7798 3099 5357 8526 8608 8561 1488 4077 4683 1207
21 1492 6404 8376 3104 1386 5287 7764 4711 4588 3547 1117 5984 1832 8727 1373 5736 6394 6725 9005 3637 2864
25 187 6815 9254 8784 9625 3816 8236 2171 8506 4528 5009 2368 7370 9941 5231 4660 3831 8678 495 2588 3630 6520 3084 8036 8350
29 6694 2278 8564 3459 1218 6393 6907 3798 7770 3345 4646 6583 8027 6803 4550 6324 7581 8811 6938 6027 8997 1953 7658 8056 8836 5209 4010 1969 6890
24 5299 2135 1046 9505 9190 6848 9524 969 3062 3977 5980 785 7634 8162 9520 6373 706 1091 9123 2172 9878 2964 4725 7472
25 7005 6924 6842 9871 5553 9795 2935 6713 728 8576 3137 9607 5181 8513 9639 2265 9218 1022 5142 6005 469 5894 702 7131 3064
27 9523 3025 5934 4914 6255 1864 2031 5380 3680 5031 7169 1393 4871 2479 6629 1671 1753 3305 6826 8221 8778 1708 2888 6177 8893 7968 391
16 4507 6985 6523 8035 7679 918 5827 9295 5863 4252 7851 7991 7268 7539 2677 2271
28 9888 7211 2649 2207 3648 9287 387 1921 3233 7998 8511 1493 2510 7124 62 5664 6948 9491 7031 6249 33 3705 9266 1847 747 3415 2845 2322
30 7399 3444 474 9649 7028 8782 2754 2234 9634 7498 8590 4221 1031 2654 586 2086 8252 3089 3567 3330 9895 9692 9531 4808 1398 1935 6573 8538 3041 2814
22 3333 610 6711 497 9164 5719 1376 1700 5913 9574 4470 5715 1487 1033 8360 6460 3511 8208 9861 8114 8091 5821
32 1323 2963 499 5507 6186 3047 6749 7380 6741 5426 6121 7082 9566 8988 7971 1159 412 9983 5093 9548 5770 9624 2533 7736 2785 236 4192 7803 8132 7600 9339 343
29 8773 378 5757 159 7567 64 6279 839 8610 3058 3429 7610 6025 733 2560 4236 1632 4946 3355 3548 5157 9502 2030 6217 1849 4458 6586 4108 8301
25 8711 3420 2235 5847 4409 7501 1871 4415 2948 6800 5211 7642 3599 2800 5145 5153 9414 5270 6675 6010 9555 4273 5855 8884 3380
23 8509 5282 896 550 1944 2119 4060 9706 1525 4590 1130 1519 3152 4960 5705 6637 8639 6545 4534 3932 4488 5974 5318
17 1178 32 3732 8694 459 4293 7724 6932 7635 6171 7433 4688 3252 5555 5854 8690 3588
21 8329 1963 674 4344 353 5627 1771 4843 2 5184 1124 931 8771 4183 3703 4556 9214 4383 7950 6840 6271
37 2297 7249 9090 4910 439 1689 146 6155 2110 3901 8505 724 4979 189 2414 8871 7262 2256 8140 8466 6929 1571 8759 3803 6176 2909 7495 3312 1506 4287 8501 4324 5047 6087 2441 5108 1547
24 9864 2523 9487 113 8631 5702 6463 952 9490 3339 3079 9435 5496 1265 8776 4708 4925 6195 9622 4926 7589 2196 9569 3620
21 8194 852 5962 8603 5444 1539 4675 6312 7091 8051 256 9074 2528 3235 6531 3034 6017 1659 1837 2463 2090
28 1543 6228 4250 5779 7043 8348 8909 1977 9950 8402 6561 8668 1068 7247 5085 1238 5580 8900 111 4719 1133 1542 1149 526 6828 1095 8503 906
26 4379 7965 6913 3281 4794 9799 4863 23 9023 7187 5100 905 4368 7099 8679 9040 7694 861 1375 5581 5884 4180 3718 7039 247 5629
21 1194 8189 477 8774 4724 3952 9972 9838 6223 1979 8656 1464 6129 3841 9594 9727 5152 2827 4375 3884 8168
20 6822 6607 3540 7108 7446 2776 463 9611 2375 7474 4559 5722 7945 3481 8983 7892 7300 2096 5029 6063
26 328 7889 4098 9628 4686 2635 1299 7267 5537 5999 3075 8524 2688 6945 9193 6640 2779 3670 1740 5333 8581 5311 8607 9850 5714 722
21 6794 4656 9469 3940 833 1746 886 8492 1357 7598 9565 7788 9047 8281 2127 3882 3804 5891 818 2862 295
25 7070 8477 6069 6329 4815 761 332 3789 175 2809 137 8830 1709 9701 4906 800 7488 4810 8844 2844 7189 7544 2689 16 3140
28 6724 3208 2006 5025 9052 2657 4328 6925 4264 1679 6114 559 5170 8049 7076 9825 7449 3551 2222 3868 5084 1950 4676 6088 1213 2450 8152 4741
21 975 442 8945 7316 4981 7730 7392 6344 2051 2263 1807 2895 8005 2752 5456 4967 6419 5791 9220 296 3994
19 7799 7041 4035 7665 1880 4138 5675 5910 1856 3794 4982 5877 2446 9271 603 9642 3914 5758 7783
19 9675 1833 8462 8309 1529 2385 2893 8799 9234 3141 8325 8460 1151 503 1018 3223 5987 4069 7702
31 7928 8586 462 6013 7683 4594 2033 6515 7812 3416 7285 104 4440 7250 7179 6578 8109 8822 9978 6773 9767 6303 470 5795 2569 1600 5286 7540 6482 7374 8327
32 9680 4913 7874 3482 4031 4806 7737 7629 6359 130 3573 9395 3847 385 6798 3296 7155 9161 2328 8757 1654 5570 5274 9250 5251 1585 3063 7261 3184 948 3965 4186
28 7040 1986 1111 7372 8940 9127 1496 1255 8963 8906 6471 4954 1737 3519 7571 7740 2970 1205 2725 3702 5889 6093 12 9196 6257 8319 1082 3043
18 8302 9138 3807 5076 1402 5168 6854 1140 8600 7910 9049 5450 1385 4755 1586 3719 6585 8122
16 768 9845 7494 4713 3373 374 2315 3278 1466 3231 7547 6385 6522 7597 5900 9476
36 5445 3149 1869 9078 580 4223 1564 6101 1460 872 7712 120 6910 4497 1027 232 8601 9247 5733 4736 3438 9908 3392 1736 2150 8474 8734 1940 5119 593 5121 8386 8934 2277 5937 3987
31 2418 6752 9485 7456 252 8407 7900 1897 5394 5094 3919 1292 5898 4837 860 4174 3206 2868 5264 2683 3745 1507 5978 5065 4540 4490 2238 9176 2530 5859 3402
23 6031 8670 7451 2711 300 5313 6488 6184 1096 2567 9188 798 8011 604 574 5932 3162 9399 8762 756 9120 7789 9915
25 8950 7808 5514 9784 857 9376 3007 2343 9553 5329 2351 6282 414 6429 5373 9905 858 207 3095 3641 9875 8267 3349 107 8019
22 2247 5601 1863 3991 2480 3319 7148 9462 5689 6602 1417 2947 8780 1714 9157 1229 8596 6091 5365 5726 6193 8211
34 9207 6410 6202 2233 5540 164 2412 7843 8413 847 3377 3496 5502 1448 6459 6619 1476 2483 5315 4000 7978 486 7850 3864 4928 6289 7855 6768 4298 6973 6417 2656 7303 8541
15 5189 4410 7546 4485 4006 5622 2921 1846 3881 9959 2379 2759 191 6314 7825
25 8731 6263 1384 3603 2426 8085 6098 9481 599 9346 1264 2388 5919 8400 1926 2631 6957 9533 9059 4631 8619 1952 3931 7410 9614
35 1090 6199 3512 8243 6580 8768 6762 6475 9118 9054 15 5472 2285 7620 963 356 2035 2232 5216 6980 3916 450 6395 9086 7100 4517 7213 7432 2347 9580 5617 6355 1642 1052 976
26 719 3817 3202 7685 3325 1311 523 4206 3157 9482 1767 151 6131 611 5132 9688 551 4417 1611 7055 4797 4589 4956 436 3671 2138
27 5510 8739 1580 6197 1365 9785 4539 6565 8721 7142 7016 5785 2590 2668 7734 7354 5349 7159 3151 2195 6124 2593 7290 8423 6470 234 8057
21 19 6493 9246 6399 3531 9226 8324 1123 4549 5104 4564 9877 2744 3834 5115 1793 5683 2806 8722 998 8185
25 3951 5721 5343 5014 7633 3124 1455 1424 7077 9833 928 3645 6415 9028 6332 5655 4902 7454 8805 5281 4500 8666 8606 8925 7111
33 6456 8728 565 6307 7287 5699 5998 7931 1338 4770 2413 7914 2478 2971 1578 2445 5807 3505 7500 3959 1901 8702 556 4230 1107 5423 7833 3571 6978 6051 5458 1288 9796
22 6575 3601 92 7628 2957 9180 8444 2141 9949 5243 1 5041 3102 6142 6516 4169 8299 8205 2165 56 7985 7123
34 5358 9283 8021 2999 6739 4705 6618 3083 2780 8296 2722 127 1875 4173 9403 9828 1727 72 5421 7291 7925 7067 3256 4148 7918 5741 5521 3132 221 4506 9499 8232 472 4292
29 7957 8024 55 4020 5359 8176 9874 9912 8257 8033 7122 8103 7231 5479 6620 8439 6211 358 8388 7470 2816 1760 7242 4896 2188 9014 2221 4177 2813
25 7109 5113 1804 3602 4628 531 9357 2332 7757 2244 5422 174 9741 4106 4562 4950 9541 9644 5129 6449 1906 8455 7896 3128 8372
20 4346 627 7401 1013 6669 2209 1531 3404 9704 4238 1520 8015 8753 1347 1730 8012 7869 9829 4951 5504
17 7657 8708 8023 9896 2887 1932 40 9848 5200 7308 954 5657 2349 299 828 7467 5790
29 1994 3918 6584 987 6437 3686 399 2866 6308 4529 7292 1370 5233 2454 2637 6592 2946 8626 3048 6576 8251 329 5198 7673 7146 1931 321 1306 5415
24 3156 8102 2357 3651 1601 629 7135 9475 1817 9089 2713 6205 214 4903 2137 21 7646 2471 7607 6995 5935 5811 8726 2049
25 3546 730 4520 6634 942 6825 2082 8624 862 6169 9843 6779 257 3844 7345 9689 9434 5467 5147 2853 2353 5977 9700 6241 3289
23 9084 7229 1777 7759 7816 2673 9353 8760 2614 4533 8961 6707 9053 6830 9807 8032 4596 240 6524 4337 4700 3369 9215
26 2828 8370 5743 1697 9478 4299 9951 5632 8343 1762 8284 909 9665 5640 1836 7895 4936 3268 532 8818 1788 6317 7042 2839 9753 7700
21 5868 3821 2180 8410 6297 4443 689 3308 1053 5925 2674 2801 8286 2358 3244 5056 1617 4680 7426 5239 7831
29 1438 1372 3239 6547 7116 2751 7209 4749 3354 6746 4256 5352 4045 2568 2440 8030 7909 4334 8730 8680 9162 9094 5826 2294 3730 1728 8879 2821 3458
23 9913 4839 6538 8659 1855 2025 6234 114 5985 7868 1765 8810 139 2392 4191 8999 8858 317 9203 1658 9938 4348 142
32 8425 5491 8118 4624 5054 649 2640 275 3570 6692 8289 9902 8253 9302 5530 496 4251 6555 2148 5634 2962 5869 2202 5845 8369 5148 5637 9168 9061 1602 5865 7986
25 4411 9042 2140 3469 7763 1584 5156 3215 2213 3689 8749 5004 153 8969 1388 7773 7328 7388 6505 6236 522 3302 8043 6534 8789
21 4885 1222 8785 5188 9208 2854 5360 9572 8974 2733 1277 5109 6287 2772 2890 3250 5737 9601 5296 7223 2508
33 7911 2838 2783 8795 2464 9252 8970 907 1325 9734 774 3963 3808 2808 7094 7616 1533 1505 6072 2186 6055 344 8330 9739 2870 2067 1665 7526 2094 2669 4820 2421 4220
27 8271 1794 6159 9731 2174 3554 7502 3750 1911 6527 6738 1450 1670 7852 2672 9528 8095 8905 2064 3180 1552 452 1120 7814 8371 3863 5723
23 3549 29 1563 2605 8653 7686 5799 7448 368 542 8312 2596 7096 5532 6572 9783 2189 3226 7473 1242 6158 2516 5682
26 3580 3236 9947 2399 9537 2600 9135 3946 2054 7125 3813 7047 2950 7362 3300 9422 4118 4172 4961 3983 5867 7184 4310 900 3611 4281
35 6689 4467 9820 3129 3632 315 1263 1693 9165 9809 7654 8938 2515 7894 2156 8116 7414 4403 3508 6495 163 5098 1624 4763 1280 6400 9308 4257 5784 4305 685 3172 8898 7460 7641
28 483 5477 8207 2573 6652 2969 8551 821 5228 2407 5099 90 686 3767 5171 2582 8347 5328 145 6535 4216 7053 6070 6569 2609 3107 7441 3346
18 311 6529 5212 4314 9103 7790 3738 6406 1029 3768 6318 5206 3056 5897 2069 955 6210 6113
23 8458 4225 6570 922 35 5043 2178 8134 9474 4128 6238 7627 6793 6102 4452 4234 3613 4721 2022 3143 9656 2679 5048
31 3654 2519 3442 1002 1630 493 8112 1189 1023 2187 7525 1947 239 6085 1747 2345 183 889 7510 647 4740 7583 4380 7753 6553 7821 8880 5011 790 8106 6288
23 1113 2661 2867 3842 9694 9000 6722 2769 1590 2452 4168 7550 5478 9588 3491 8050 4898 1582 7997 4519 3676 5407 6
24 6695 5237 1729 3370 5158 9602 7080 4104 9779 492 8136 5639 1717 9853 1749 3568 7511 6256 5509 3280 259 9169 7395 2627
28 2009 3371 8149 2718 8449 9464 3403 7102 636 7216 2712 978 2350 4526 6906 9788 8845 6472 9331 8169 9340 8405 2372 6876 3591 1614 7649 1318
23 4115 1912 9570 7361 9562 8562 3757 4582 9327 6679 3521 9653 8457 8775 2812 4774 8230 5515 3113 2298 2730 6390 3286
20 9449 1984 8395 381 98 6164 6747 3614 5001 6446 618 2409 9899 776 9590 4178 1014 251 3887 2770
27 1867 7186 3430 3966 1106 4937 9418 1387 3269 6727 4801 6996 8498 17 276 6704 3074 2555 4480 9500 5277 5254 7083 4392 1813 2456 5944
28 8175 9514 3743 8055 9666 8996 2543 8665 6882 8164 7090 515 2068 7072 2365 5261 9315 4557 3587 1608 5624 5492 2775 8238 8397 1731 1261 4622
40 6327 8783 615 7140 9405 6340 8955 481 6247 5070 1640 9272 1568 2989 4326 2021 2333 7817 1075 5882 3888 7760 8065 9716 6275 2158 9786 9932 2833 7954 58 2289 5825 9765 2554 6073 6748 3528 9380 8957
19 6208 6244 1030 7666 4003 6392 9362 7415 5569 1078 9686 723 28 1548 1890 5068 204 7983 9484
23 3849 9744 9586 7171 9836 2556 5495 4787 1045 1310 2923 7972 8233 1711 2485 134 45 8165 9551 8982 6233 2628 9764
21 3197 9202 7576 8801 4496 6120 4685 6920 5411 8361 217 6162 80 7695 6276 6972 3700 7258 8144 9794 1805
25 7475 489 2511 8856 428 881 4636 7282 8560 7830 1392 7034 4964 9324 1214 2331 5641 6145 6209 3440 4545 7784 5545 3264 2659
30 4679 9805 7891 9187 1970 1223 6280 7103 9424 5210 9072 1203 8842 9337 4881 972 6753 4632 337 5997 340 7127 2726 5871 7885 7413 2879 1680 8078 1001
21 1866 4826 1565 4958 3746 8193 518 6061 2956 4543 9367 366 1442 6018 8313 7676 7719 9887 6250 7565 3218
26 4184 622 41 8681 4285 772 4888 4331 5724 6274 2044 8748 484 1389 7322 4915 5284 7854 1351 8479 2193 6943 9336 8222 2926 8527
20 3232 8334 7337 2109 6443 5033 771 2994 7106 1289 5327 2620 9036 5257 8456 4425 9126 7563 3350 9936
23 1664 5663 422 7787 4544 3636 2115 4105 508 2682 8896 3357 834 132 1517 784 648 9067 9668 9721 8865 2544 4268
27 8190 6550 310 4617 1891 3216 9975 4523 3907 4211 8471 3704 6047 6763 339 6105 478 9760 4132 8751 791 3911 4671 8723 9589 7713 181
26 7602 617 3477 7941 6864 2898 1716 8793 5268 8416 1057 22 3161 668 9372 9924 3595 2149 6108 8201 9257 8602 6872 6911 6521 4841
27 2245 5027 4940 7203 8854 1250 4819 4920 4884 6331 1980 5143 3877 397 3443 7543 8491 6937 6564 3385 4627 7660 6986 165 1118 9931 4120
20 2432 1326 6638 7277 5803 4698 4345 9534 4498 4461 974 6166 5204 5588 664 9095 8364 8939 8535 5697
21 5948 4781 3585 1725 5650 8542 4858 1876 433 1750 3674 6174 9535 7839 6612 4548 9715 4817 4753 1495 2408
24 3629 7677 726 8574 3930 5529 5384 3142 9683 3356 1916 6037 5118 4226 1858 8611 2878 5044 1841 6782 1809 7951 443 2691
26 5517 5808 5369 5712 3050 6182 4016 9064 1339 9658 9440 7542 9812 8661 2214 2662 2988 5389 6525 9540 7667 6354 1089 6322 3781 1293
34 8213 541 3291 8155 3542 5899 4756 4605 3646 2690 2241 2264 9026 2546 4190 2687 3935 5945 4067 6651 6837 1284 3100 804 2929 6690 3464 2550 9417 4697 1938 6881 8612 590
20 1209 4842 9561 1634 2360 2694 7259 8014 5810 5136 4362 2262 4434 6817 8943 1662 6294 1705 5592 6467
24 5086 1269 5991 9965 9549 5371 6173 7823 8539 2535 2084 4541 2396 4609 9603 5645 3484 6421 5833 1829 4844 6715 7166 4568
27 5970 697 775 8766 5291 4347 7344 7503 5036 1914 8745 536 8855 235 6149 7819 3091 1486 8920 9173 7973 5776 6334 8441 3872 6045 2227
19 8219 435 1494 8298 5914 7796 8692 7305 3376 5488 6598 8454 644 4509 4474 7603 7476 1951 6364
20 6316 5954 9037 3122 4070 4396 8263 4433 2938 7777 7619 959 6530 5194 7029 1303 9891 6958 3543 5273
31 4948 1784 5751 3795 7792 2074 8346 241 9979 7645 4163 9397 2498 8788 3315 9143 8110 6560 3397 4280 2763 5691 2050 4604 6687 8580 2623 2961 4203 5446 1929
30 920 2720 1407 7884 1177 3675 8595 1211 5064 2910 938 659 7516 8025 3212 8383 6785 7461 5353 3538 2978 4030 4738 123 124 4129 9717 8070 2321 8897
20 1560 3555 394 3490 704 7558 4830 2745 9425 6117 7886 1183 7615 8569 6992 932 1379 8385 869 3110
24 672 6457 6380 8148 3924 9163 684 6431 8852 8381 5648 2003 3479 6949 4780 8215 548 31 9808 9719 9243 3652 6080 6650
23 3564 4665 7246 7086 6333 6059 1061 9930 5133 7260 8986 6549 1136 1274 1704 8724 9676 3287 9369 707 7586 4091 4987
26 4630 6058 3424 5091 9264 2431 7860 4773 786 1236 9428 2803 8975 9755 7400 4551 3383 8002 750 9145 2865 6151 831 7964 2210 8265
16 8698 8440 5809 4642 425 194 3053 2236 5000 8755 8570 2647 6834 5813 1479 6191
16 1528 8104 5769 5698 1198 7387 6374 6682 8335 5249 2757 3209 2310 2251 9371 9703
28 2576 8088 8447 4196 1146 1252 3583 4653 8150 4491 7924 1612 6683 877 3446 7672 7608 7327 4076 8496 9081 3195 6668 2487 602 1928 4261 4484
27 9313 8146 6338 7253 2942 8615 4024 2212 6089 2732 2248 5452 8077 4912 8936 9235 9310 7522 1927 9343 4161 9301 7348 4363 5439 1962 5841
21 2512 842 1852 633 7901 5695 5837 290 249 1320 1316 5966 3379 4212 9098 2655 2367 6107 2625 2697 5280
29 8868 1651 9100 934 9992 9251 81 2179 8605 3135 1314 1781 4340 2093 8181 186 5427 8394 5 6759 6899 5146 8443 3087 1157 3848 1290 6518 2848
19 957 7347 6805 3721 5441 6672 782 8695 7164 2541 1965 9447 8523 5680 3401 5671 1661 1180 1726
36 8310 7463 5686 9186 709 8099 9167 9299 1551 8917 2017 8549 5992 7130 7536 5738 6684 5217 1917 558 5053 6427 1954 8256 1703 4240 3076 5797 7304 1174 2326 4779 5973 2880 9635 794
26 2296 945 8434 1441 2537 2250 6677 9623 4595 152 5219 9821 7661 3610 5969 1666 4505 6284 7780 1184 3175 1764 5685 4823 4778 3969
19 6424 4495 9406 3544 6757 867 527 8432 5039 8465 6797 4945 3303 2936 7519 3405 762 4649 1439
29 6706 9137 6265 5500 4034 448 4953 3936 3267 5267 1796 9368 8004 1814 6337 6709 6254 1678 2719 2175 3638 7577 9775 7681 6348 82 6350 4133 7252
24 84 606 3196 1319 2072 8254 9038 8224 9132 4921 6056 8475 4351 8584 1119 78 6787 9984 8380 4079 5819 6492 6260 8171
19 8578 1346 4063 2675 7579 711 5674 3701 4087 3316 4988 3979 1444 253 9093 9762 8846 1141 7002
24 9544 9579 4167 5879 8536 4777 7256 929 2231 7298 8821 3650 6146 2087 8472 5843 5687 7644 7238 8497 6057 9383 2502 9827
12 854 6048 1655 2077 2314 7294 9423 7514 4321 8658 6635 1336
25 7013 5440 2330 3621 473 4453 4850 7272 2587 4019 2542 4436 291 3861 5578 8528 8202 3081 9206 7863 2361 9577 4018 5225 4662
26 9698 4836 8445 3317 4147 2395 3973 3913 6391 4370 547 717 4222 6428 8199 8971 4672 7269 7828 6845 5831 7105 6685 1341 7496 5666
26 3988 1723 5713 671 2041 4406 5481 5016 6820 9571 7921 5007 309 3678 787 2266 6183 1216 2767 7297 4927 8396 3626 1619 3838 9172
17 9610 6484 6771 4872 5579 382 9629 754 1839 3098 4816 6532 6432 1648 9280 1156 8515
26 2465 3758 4088 6956 2622 2667 8353 7492 2468 6883 9043 5154 9604 875 6588 4165 525 362 5696 5916 5745 9898 1694 6148 7228 3871
28 2917 8587 5227 8448 1240 4502 2429 4657 9191 5366 6357 7411 2040 2632 2552 3827 7046 8914 6720 7518 632 3427 3002 4766 8269 5368 8648 1191
28 2603 7188 1005 7465 7922 5679 5701 4561 2390 2513 9498 6036 8807 9079 2903 7875 5385 5506 7721 1696 7218 6954 5873 1683 7283 4962 3880 4243
28 3381 284 6903 5341 7779 2539 3770 4482 7769 8237 3328 5344 6137 6469 9933 5271 1567 6309 2466 5823 5625 8977 9239 6688 6315 3106 2103 1204
33 9691 7314 7064 2748 8915 6474 3802 4282 9160 8918 4085 6326 1787 6262 5801 4569 2451 5574 5742 6510 6499 6577 5781 9197 5096 5412 8391 9596 2491 5058 6441 5390 4432
22 7325 7357 6633 4704 9364 6874 278 5083 4682 3894 9867 9479 4039 7897 4385 4745 3010 4422 9413 7 9637 1718
19 7864 2324 2079 7535 2260 3879 2915 2680 5180 1457 5986 1821 7775 8234 6490 5922 2136 1129 6994
22 8630 8203 6430 4247 3974 6422 8926 2804 1501 8108 2430 2524 2514 4182 5542 1577 2592 1148 1958 5939 9673 3562
29 6110 3030 2520 2589 5222 6222 6658 1193 3657 1920 5651 2254 3391 9839 5577 5805 2443 3039 4201 2860 4765 3166 8315 6226 4408 5322 7358 1987 327
33 2941 1773 8274 2455 3910 6969 8062 1733 7534 3722 9022 3123 6678 3165 9998 2344 3659 838 4974 4381 8473 3419 4952 2267 6998 1225 1366 6011 7977 5362 2312 3679 7115
22 1888 375 9852 4648 6767 6984 6597 680 5704 9136 8064 7605 8544 9598 1998 7947 7905 8196 9525 994 4592 2163
20 2992 802 2967 7840 2220 6708 7987 6366 3127 8026 803 6075 3642 1574 5806 7424 679 8622 9782 9004
22 7379 5539 3203 3077 4317 2039 7570 1960 7483 6736 4715 903 6697 1321 1231 1131 8859 5676 5814 4339 6917 4553
28 6321 3692 3005 2738 2566 7692 8306 1272 5684 5732 3709 2129 4805 8129 9835 6140 359 8754 8117 9076 5946 1446 2987 4504 5485 9747 3643 6439
21 4833 9345 9511 4139 7143 6163 1561 8159 3085 490 6517 870 8954 2624 7168 3040 2815 5224 4476 6595 1378
25 9256 1040 4536 2436 4758 6900 1010 5593 8009 3714 2892 2405 3242 468 3926 7545 5561 5643 1270 960 9600 2822 480 5599 7008
15 9581 3398 5351 8028 1907 2991 2437 752 3835 4463 5949 51 3126 6721 1006
22 2176 2973 6836 846 5777 4602 8079 7457 5088 5917 2561 6829 6686 1649 1707 2584 628 3801 5940 3109 3954 562
21 8342 7196 3453 9273 2184 8072 4384 698 1597 6552 8904 125 8241 4818 2701 4707 1878 176 7813 3224 6533
20 3276 1628 6657 3117 4123 4477 6203 3574 5600 281 765 4573 7902 8393 3856 4462 308 5927 9599 5272
19 7092 7134 267 3038 6898 6982 7205 293 3593 6610 3473 2125 7944 3115 407 3192 5131 2976 5623
38 6843 892 9289 1489 6814 3205 560 4965 8800 5382 2246 4204 9152 5804 8833 1342 6755 2063 1423 5943 2111 8318 1116 4304 5195 2743 4483 6827 8092 6964 9217 9390 7489 4040 2032 3378 675 2664
15 7574 7085 6261 4278 5391 2394 6734 6301 6143 2553 5759 1036 6623 9646 392
23 9670 1192 9702 7580 5783 1381 91 5957 5250 8007 9987 2570 8547 8450 2644 5993 9373 5414 5842 6770 3727 3313 8022
18 9851 9401 5654 3663 1239 8851 3290 9480 1769 5081 3071 7723 4860 2301 7151 3762 6433 5370
17 1993 8967 3779 3112 4869 799 6336 1631 9363 4336 1996 6447 673 859 712 5618 8717
25 7471 3307 6922 6138 8316 5308 2417 8933 887 2299 793 7200 6187 1546 2974 8704 8322 5924 9058 2836 5760 6242 7537 4185 8674
24 5192 2531 5554 8192 8682 9171 5405 3394 8901 365 1041 4420 4845 1125 9021 7538 335 3234 4175 1126 6691 7981 4023 2586
30 1305 2166 6198 4959 5875 364 8835 3326 4802 46 9879 6970 7462 4835 6511 1606 5122 8946 7708 5035 4859 7992 3020 4416 7748 2564 5551 6405 9227 6458
22 8489 1738 2477 9288 5062 6306 1171 3060 7703 1763 7765 6781 6673 2925 3927 2692 188 2746 4909 1210 3032 9329
25 8262 6206 9869 119 5748 7445 7493 3691 9436 683 6513 946 1499 7782 7887 5028 8929 9521 5834 3734 759 3619 4156 4750 1410
26 9996 1100 2651 1845 7915 76 6951 643 9015 688 6378 7573 4329 4970 3145 8258 1770 4036 5191 8495 2761 3309 8655 1868 8453 8480
36 4494 6780 7768 2881 1778 6647 1121 9133 9033 1364 6659 5511 2439 1459 2984 7879 9055 6776 8170 9780 77 7520 1196 7439 9342 4578 8355 3158 5773 7688 4162 1080 4600 8384 8001 7527
29 4829 2883 7230 6745 2132 5662 1862 5193 1553 3669 4270 501 1639 8693 7680 9724 9278 4985 2960 6396 8387 7832 9674 3814 6501 3023 6401 8837 5230
23 4090 6381 8979 7572 8791 4050 9370 9328 4800 8725 592 8317 3552 9437 2494 9063 7144 1732 9 148 9977 8138 2818
14 3029 849 4021 6132 5451 2160 2151 4248 7506 8436 6841 5223 3942 4445
30 7862 8184 4153 8848 1369 7236 5240 2652 4629 1930 4689 8798 4718 6462 6416 4343 9547 9868 5259 6617 237 973 8657 5252 1615 8913 401 3850 4145 6479
28 4661 8198 7000 5620 3785 4062 1937 3751 9105 1741 2768 6215 255 2932 9664 110 471 6661 7859 9365 8349 1161 8124 1848 3417 9770 840 626
28 3647 3830 1422 5566 7988 1294 9320 2771 4879 7113 7167 4038 7006 1435 1786 4793 274 2091 2707 8048 1482 9200 3558 360 8235 5410 7533 8337
22 6961 7428 9463 2036 1412 5134 9298 4469 4992 4852 2191 9244 517 129 1241 6860 2616 2005 2448 7136 3853 4013
20 1883 9806 9595 409 7191 933 379 6674 8705 8121 6478 1451 2721 7893 7030 314 302 5876 7601 263
20 9976 734 9255 950 3778 5201 9106 1050 1237 334 8525 2995 9426 5215 8295 7618 5413 9567 5455 1009
21 5727 6003 5480 4260 8157 2797 2291 7707 9754 6167 4856 6728 198 103 6224 1882 8304 5839 3327 3715 3204
20 3541 57 5516 4537 9341 9778 9027 2526 1604 1761 6240 8911 7728 5164 2598 2953 68 9309 5896 3021
25 9020 8671 8191 4404 8575 5465 2366 3116 5473 9652 1037 9630 3332 6604 5975 3832 9170 3766 6869 7530 5788 4983 9494 8433 3111
18 7210 9321 8339 5642 5525 2059 154 8135 3736 8895 367 304 7158 3771 54 1234 9427 1093
26 3976 4011 9238 7762 6544 9539 5959 4892 2684 3130 509 1416 1224 8186 9438 5630 1122 9893 8000 8013 301 4977 1881 410 2211 8740
32 4078 4112 8566 5982 2790 5901 7383 3228 6081 8018 1715 812 6838 4893 6001 4889 2428 8828 6551 9961 7408 6086 5950 7596 1540 9773 7593 1549 3400 5596 2300 424
27 5387 1170 2060 1745 5307 1324 2829 9671 5880 5336 8399 6542 9122 5176 2517 534 6207 3504 1691 6487 7487 7946 9956 2145 5395 770 4538
22 6189 8787 248 830 128 2495 2954 330 202 5092 5556 8824 5963 9471 6590 9958 5190 8589 298 6955 2287 7069
22 6485 1637 9985 1523 4224 1175 5262 3828 537 7592 3774 5396 1566 904 4262 8944 5755 2851 4747 4134 4996 316
28 7553 5816 2626 696 6245 9681 7066 3451 97 3086 1065 7699 261 5186 569 2615 1894 218 4275 1279 9953 7416 7606 4157 9811 2243 4241 1247
28 3557 4109 4171 9276 4164 6192 1309 4696 7078 897 5486 7037 9964 9001 3968 7025 5793 8287 1162 5528 4674 3183 3171 5822 226 2329 7391 8154
23 3176 8614 1550 6563 5400 5238 1098 4065 544 2229 3694 8992 7960 6823 5768 3177 8045 9529 2563 6351 8910 9560 2224
29 9003 6656 9757 718 1176 5008 7614 1684 9075 1592 3163 4651 3155 7061 8627 5097 6363 6362 2295 9730 4567 2097 8139 4813 4354 6981 3780 2449 4103
28 2015 7929 6710 8642 3865 6066 6283 1541 595 4789 4217 1656 7333 9142 7961 8041 4081 5778 8336 4210 748 2073 7943 7011 6853 4350 5125 2273
24 9733 2126 4645 5305 3251 8293 7220 3372 8250 851 6130 5470 4075 5419 7095 4391 555 4771 1991 3273 7669 1473 3535 9097
26 8640 3426 419 208 8882 2470 4587 2122 6352 4397 5023 6859 6054 2945 9506 7128 7368 2027 5022 9986 783 9129 792 535 5874 6870
20 7141 6296 5818 3667 8548 3133 4607 1246 1785 9330 405 8081 1687 7932 5345 3441 6035 1425 7824 5501
21 48 7640 2904 3513 9497 6966 5967 1201 2128 2557 4669 4051 1824 9995 3876 3971 7163 2794 5508 4799 8054
28 4094 306 6012 4635 9031 3790 5709 8431 3474 7990 2095 1857 500 2500 588 6660 162 8442 5337 312 192 1481 7201 5431 2704 2411 5817 8217
29 8435 4387 3051 7438 4887 4643 3368 670 2850 8872 8873 2486 9991 7858 7706 3933 347 5549 4769 573 7836 6300 4731 7057 8374 3656 6127 2618 2169
23 7429 3527 4246 989 9159 9195 1431 7999 4899 7152 2607 1391 8841 7486 8006 4900 4151 3711 3153 4908 913 3836 86
31 2695 8736 3696 7373 9046 8277 699 4615 5782 2907 6856 6571 4046 9139 9884 1502 1819 760 8829 3297 1362 5489 9307 1086 9669 2698 447 6944 8463 398 5547
29 9743 9763 6871 8546 7811 8173 3782 2777 2901 7386 9894 7958 243 2951 7027 6444 3037 8924 5203 8756 5800 324 9585 2475 7202 1350 5661 2840 5020
27 9166 2742 8071 2181 4154 9262 4327 9837 7363 1286 8516 1163 9029 9969 9578 9358 5796 9096 2255 7073 4702 6445 2318 455 6993 8363 9317
27 5693 7877 6851 3160 6784 6587 193 7479 1470 4798 1598 7339 4878 2859 3763 2476 9360 5568 8478 158 1607 2886 4905 7350 662 9387 9831
25 9121 2123 3017 4376 6133 908 8984 8990 1555 8813 3406 4739 8031 1485 9453 5590 3598 3658 4751 9522 5316 7074 446 6330 6514
28 3833 7180 753 9696 3938 5124 1110 4137 9789 2173 9270 2359 8960 5226 1012 6064 9651 4198 6504 9113 3982 3525 269 3388 8488 8195 6461 1019
25 8786 656 4652 1257 9077 5559 2715 4552 2065 5278 8161 294 116 5614 3805 1818 1782 4237 1682 1545 3728 479 2098 5923 1226
24 9140 1605 166 9559 5285 817 7193 9394 2765 2419 1296 9351 4473 264 5468 3563 3003 879 5707 197 5030 6664 579 8947
27 8792 6884 212 655 1221 1079 7693 9209 8303 967 3476 7440 7508 1217 7556 4478 7674 9904 727 413 3517 8625 8683 8684 9714 5720 465
26 5497 7956 1776 1503 4782 9158 6857 6833 6772 6008 4472 5908 4276 1034 5220 1166 4009 6267 420 1712 1397 4361 1575 4047 8543 4124
24 5744 3334 5636 2919 2937 9265 8486 3247 2565 2461 9080 8074 27 8003 8107 1361 1440 6097 3683 2968 8825 8080 5798 1887
29 7104 4935 2305 3866 1910 4064 9496 5567 6345 7194 9774 8039 2081 884 9989 850 2373 4949 9587 5319 7427 5436 1301 1087 3522 4042 710 170 1139
36 423 7198 7512 9815 4027 2377 4084 1220 552 5208 6641 8182 7466 5340 7745 4219 3961 4746 8583 5739 6754 7838 3001 6852 8483 911 6889 4570 1173 5248 6702 7214 6112 8959 9396 8377
25 5381 7690 9769 9710 8826 9934 1692 5135 3292 3159 6020 6863 6813 8673 449 7797 4572 9982 7447 2891 351 9008 1795 6194 7955
26 2538 1353 9495 2686 9141 7630 1047 8550 7009 7726 8591 2159 4359 7315 4439 814 917 1413 9323 651 3094 1404 4542 3028 6968 1573
