23 5517 4867 5888 7102 7840 1475 7301 4523 5481 2634 6020 5314 5171 1761 1145 3561 2466 3297 8315 9173 3301 7530 5819
22 4214 9137 3430 2467 3502 9072 1747 7715 8998 2236 9571 5966 2403 1214 314 7833 9069 2113 3871 1204 1472 2840
30 9976 6135 9286 380 3366 7191 9874 5043 2591 8111 4989 7425 3216 5635 130 2039 2016 7741 4845 8439 520 5200 2282 420 75 2637 2529 2679 8501 1006
33 4601 9670 400 7114 1227 5477 7455 4618 4658 3970 3439 4776 1325 3992 4232 1152 8297 5852 7015 5132 6337 8478 4818 1982 8655 637 3298 7184 7261 9700 9993 749 6507
37 9256 553 8194 1595 8273 7900 9539 857 6886 5619 9278 6178 7935 1071 356 5605 5000 5231 1998 5327 8165 2545 7258 923 5595 7973 7127 3683 4640 7390 4129 9690 5563 3656 4091 8147 6613
19 6150 8783 8795 2686 4796 1985 350 2229 1850 4456 5215 6661 7801 7954 6445 6518 4909 8654 1569
24 9965 6669 3022 4939 4278 1339 5519 7872 8177 6469 6554 9862 4051 7747 6668 7159 9883 7765 1890 1400 2269 5845 3126 2814
31 7657 109 6961 6529 9769 6703 7691 2622 9160 9492 9949 7573 385 1750 4301 309 8912 6929 5905 1953 3834 8092 8657 226 5560 7 6250 1633 1301 2243 8154
29 2009 6607 5744 942 7172 550 377 5045 8134 5394 3271 887 223 4876 2923 9943 4272 8755 604 5145 351 6086 4633 7126 4425 7185 360 3929 2410
34 1335 5497 4414 2742 7190 4207 6141 4410 2639 5757 66 4297 8617 4892 1310 5670 9902 6608 7848 7331 7330 8812 5518 6949 6720 1183 9193 3217 3876 8633 7485 5960 1359 980
20 568 7211 7595 9272 9948 2732 8665 1597 7588 6083 576 7944 3241 71 9245 9865 3676 6441 9990 231
23 1178 5090 1407 6024 7779 2781 4872 2875 4862 6866 6001 903 7624 7439 7247 4743 5752 4463 5974 6876 2847 8925 5370
21 8133 3066 511 1233 7197 8103 1027 256 6655 5552 4621 1124 7308 2474 1380 6761 7251 5311 8371 5179 2544
33 6724 313 9262 9992 8990 252 7793 6925 6705 2527 2765 3145 7488 3290 2528 153 4727 6282 4357 6372 4827 6660 3034 8678 5115 5774 8602 1157 8053 8278 5312 7115 4145
22 8382 7000 2401 9033 4714 5660 4429 8571 3062 7958 5992 2496 4000 5151 8221 4447 6624 4570 8866 7676 2456 406
28 7640 1635 6924 5678 6475 5779 5169 5708 8283 1034 5475 5863 4567 8117 4945 6577 1582 3071 2615 5696 9145 8369 436 1080 3633 3724 1139 2897
29 2176 3257 4984 6004 4659 6164 4792 4347 9710 1415 9832 5451 6103 1827 9318 6564 6097 1112 7170 9413 755 3180 7888 1881 371 7863 1147 8122 3097
31 769 9563 9254 8803 5626 3114 6597 5064 9375 9292 473 1911 2931 8813 8289 5168 558 7067 1720 87 5056 8205 2487 2157 2550 4542 3886 4506 1327 7235 8582
19 4080 8021 7548 2292 112 5247 8643 2708 53 1556 8604 8483 308 5987 8454 7950 2819 7036 8556
24 7293 5034 9735 4328 3746 8505 9441 3495 1590 3293 3446 2447 9515 3551 6256 9181 2127 4083 3486 2669 5198 8282 8211 9829
19 7553 3972 9538 5698 1030 1700 9823 6270 7777 6974 3339 7754 9125 7470 9076 9279 7157 5616 5280
24 1900 19 7196 7572 8328 3566 2355 9421 5184 9381 3072 8672 9006 6376 1567 4793 2266 3861 9580 5873 6074 9296 4568 4185
30 2738 6455 1862 6480 4888 572 7682 1640 6951 8493 490 2438 793 8741 9372 9853 2995 1026 735 4765 3166 6759 6539 4995 2823 5190 6278 6349 8275 8046
31 9011 2464 3675 9012 5593 3879 7609 65 6898 6437 4798 7169 2825 4264 9368 7552 5484 1130 9102 3088 809 7571 6551 1905 8577 9692 6667 6950 8467 5544 1507
26 1984 4058 6329 32 2352 8421 1902 5709 6544 4617 2383 232 186 8660 7583 9212 4581 9373 3523 7376 5454 9719 2521 5937 8921 5586
18 9806 6922 8915 3717 2921 9064 4469 7866 5420 6077 3980 4275 5842 6616 7136 5659 845 2073
28 9495 1527 5601 9068 6216 6814 461 7503 8534 8099 7387 8590 3909 3165 2966 6234 2351 7608 6797 5197 3037 4183 4122 9746 4823 8722 913 8648
28 3549 9581 3555 9402 4713 4063 7558 7668 4331 408 947 2570 7492 8516 5191 6174 5152 4576 366 4188 1976 4900 888 3132 1426 6514 8372 3110
19 1605 7203 8075 8272 7732 9821 5945 3878 7345 2331 4412 5469 9873 7859 5618 6817 4337 3797 9317
28 6160 3773 1201 934 7278 3584 9934 6605 3085 319 1525 5498 8140 5943 7966 1373 333 936 3303 4367 1446 4922 9960 2908 5536 4220 9940 7111
26 9504 2020 8127 5360 8314 7137 1687 4816 2124 9723 5448 9094 6612 9502 2709 1936 1802 9521 3911 3040 8880 3898 6770 1120 5876 9850
30 203 5235 530 7554 2275 2187 7903 7684 1922 5317 3315 2154 3428 9516 5908 9460 43 8186 9848 2889 7963 8041 9260 4191 8927 8619 36 3388 7204 2329
19 372 4980 7465 6168 146 3373 4119 1568 6757 5486 1588 4552 5872 4009 7024 3730 9726 6586 5859
21 6424 726 4260 7064 7226 403 4344 2115 1539 388 4853 4335 7326 8986 322 4193 7307 1837 3612 9560 9765
18 992 5069 9156 7248 4224 8551 2513 6772 9420 5099 283 1057 189 2214 8081 6158 7289 8131
29 7936 9306 3196 1113 739 208 1564 3418 6746 3862 338 3776 1603 9403 7592 6054 2177 7340 8651 5165 7671 2980 2494 8479 1607 7821 8385 6944 8414
25 5377 799 3493 5730 9355 7940 1464 9074 801 717 62 1440 3801 3964 5010 6295 4142 2363 8251 131 455 6170 8980 9517 6111
27 957 1844 2025 4397 2614 2753 4388 5016 4874 6774 1477 6219 9839 2485 9856 4916 3844 2909 836 1894 6788 3162 3517 3254 2583 8430 7281
22 6023 9104 3958 7366 8348 5380 6163 4825 2398 9506 2994 4655 7887 4176 4574 932 4192 2830 6302 4886 8137 7472
22 3444 4807 159 1220 3623 8981 4840 9822 3154 8809 2452 3164 6075 1162 2965 6600 3455 2120 8887 631 9714 976
20 88 4673 1223 8573 422 4021 8192 8806 3450 8873 7786 6860 7400 4763 132 5685 5434 6994 2238 1254
31 5554 8236 6182 7816 4558 4396 6261 6062 6213 2128 8938 1897 9082 6454 2958 8343 3432 5080 2621 6776 1229 9598 2517 8623 9184 5653 5973 2516 818 710 8618
19 8758 9679 1997 7628 64 310 967 9089 4460 8846 4380 4797 8669 1795 5972 8230 8777 5057 4451
30 5049 6884 3778 3615 6512 5366 9385 2241 4138 6678 3498 9150 4304 1632 2759 38 5512 3179 7820 5869 7717 8249 7051 5623 2730 8321 4522 1573 1230 5939
27 2135 665 290 9623 4802 3753 6081 6915 7147 2632 7216 1485 3567 4468 6105 1742 331 9007 7487 1287 8333 9703 6348 2411 2449 9117 4622
29 7325 1228 975 8445 6971 567 3918 671 9641 715 5001 3232 9872 5658 9444 512 214 9445 3242 1975 3536 6688 3920 1028 6079 6227 7290 3204 1378
19 7323 9475 1733 2440 1387 7352 6996 6777 4870 4373 2801 5128 1122 1092 1303 7670 5096 4918 391
25 6706 9459 169 2140 4595 7276 8554 8253 4036 6259 6017 2647 4551 5463 2029 1085 944 8441 4267 6702 3035 9259 6603 6152 6439
30 8204 1637 9617 6969 7811 5279 2737 8403 9407 173 3127 2065 7034 5170 6162 5986 1432 1505 3467 6532 6542 4514 8709 3237 2925 4719 5889 4339 6919 4891
22 9121 7862 8699 4233 119 5818 9246 4111 320 5308 2713 4722 5729 34 4342 2812 9616 3835 6731 7756 4108 4041
23 4648 6265 4153 9628 7638 709 6643 6201 5417 1702 67 1767 2607 9155 6861 3590 7675 4975 7566 4771 9552 7617 8870
21 1867 8484 7687 315 3403 354 8996 3338 4642 6336 5464 1781 30 1029 3091 4946 9760 4983 2608 6721 4013
22 1543 2774 4761 8263 4613 1357 5904 8533 8475 668 4535 9422 4110 9149 4361 7029 5175 3240 5461 3456 8267 4545
15 1406 9349 1069 6714 2081 1434 8107 6014 4081 8124 5814 9025 1939 9374 7223
23 9401 8520 5222 823 8035 8033 6313 6116 6326 9884 8511 281 7360 6636 1807 919 9715 593 4599 5048 299 900 2658
17 8406 8675 3616 3105 6966 935 4653 6719 8542 508 217 5288 2317 68 79 4324 3012
27 3603 9464 1222 9249 113 7927 2377 2780 6268 5156 1504 6920 282 9268 584 8151 6778 3300 9946 6588 3183 7526 8712 9417 2224 8490 4846
22 1986 9345 4782 353 3463 9075 6930 9474 7506 3262 37 3756 2011 1933 5357 6281 4155 8638 2371 6979 6311 2627
16 2357 7666 1721 599 7479 4843 515 6823 103 9857 5146 2347 5644 1726 5390 6185
21 8310 6044 4546 9804 6674 895 9330 9709 1889 8161 6460 5385 3004 8354 7408 5930 9814 1185 452 5159 3643
38 9752 2828 1353 3029 2495 6677 7683 9419 425 6089 2246 7746 5444 8855 2299 9237 6325 6146 3195 9588 9662 8418 8567 5397 8169 9266 4408 7618 8132 5266 6631 5439 7772 8726 8884 6288 3021 5543
29 5717 3147 4428 1835 141 1256 8506 1752 9263 1168 659 5704 7949 3805 5033 8930 7132 1125 4187 5364 3306 486 5612 3109 3638 8497 3405 5044 8770
22 730 6316 560 2600 2304 6333 4628 7122 1981 1448 1389 9083 8596 9541 2204 2405 4075 191 5505 6107 3791 142
19 3692 5060 5996 8816 7135 2368 4942 8599 6712 8961 1519 4597 2437 9036 4991 8836 3223 1540 4951
26 6502 3411 2324 656 8029 4720 9341 7085 5878 5981 3961 8764 773 1737 3479 5066 7752 2148 312 2083 4288 7264 1636 2300 2964 7356
24 2432 9406 3826 4973 9649 8956 396 724 2160 4371 5243 3501 670 5651 9870 3006 7491 1089 8183 9887 9454 4197 2609 6453
29 9913 741 6338 2952 5815 5994 7334 9167 7501 1459 5583 7187 3686 1368 595 8010 4564 848 651 1517 7269 4998 9115 3063 5435 562 443 7161 2530
22 1978 2543 6716 636 5903 2122 2710 1302 8872 6495 9849 9315 1916 3815 5625 3595 738 7027 5274 2946 6621 6127
24 3795 7210 2291 382 402 9377 8339 9612 9213 9983 5133 3308 4100 8922 6117 7868 574 7522 1991 7660 8683 9775 6285 6365
34 3580 6206 5628 908 6484 711 2653 8798 330 1429 3906 3625 2501 387 586 5071 3841 3331 4715 9855 4381 6347 8345 4999 1277 236 1118 573 5811 2145 579 316 9614 5273
22 3988 1097 6689 9166 4826 2681 2942 6537 1381 4575 7727 3828 2837 104 5313 3061 4660 7095 4676 3288 8265 2818
22 2123 7097 8694 3082 8296 3231 2406 6591 5770 7581 9471 7773 3822 4378 1270 7708 1021 4680 1713 4134 7784 638
27 8175 6663 5245 7810 8189 2696 8791 2320 9228 2281 6238 1513 7009 2959 2213 5525 5039 528 5843 2392 5129 2069 2746 7343 5923 5718 8022
19 3156 2519 666 3537 649 9130 7415 272 5135 9964 6374 9479 2611 6802 8977 9535 1919 3927 9568
28 7188 1421 3181 4227 6865 2831 7143 1861 4491 6730 1631 5532 1672 8881 6733 3982 8126 1678 6037 2877 7369 5207 3995 1950 3745 8622 6242 3569
30 8518 5192 8559 3329 5727 583 5875 9483 9631 5405 8062 4920 4147 9264 4690 5534 1996 9416 2542 4526 496 4745 304 2728 791 111 7813 56 4729 5253
37 303 4170 4285 3539 5120 5457 5503 120 8326 4093 8748 9629 9110 6157 4997 1643 2328 9423 2139 5177 4864 3423 5797 9986 5833 9942 5935 8320 3028 6872 2993 7214 3903 7131 7943 3985 8171
22 3605 7028 9134 9276 8373 4062 5804 2084 7802 5479 4804 25 237 8931 2763 6049 5832 9211 2750 3093 1290 3850
21 3546 9291 7372 102 5662 5933 5382 5582 1604 2582 6775 8330 2701 8999 6606 3698 7953 3042 9876 4962 8210
19 375 5746 7209 2315 7873 9192 8656 2409 8360 3186 6383 3336 4732 5918 995 4671 7481 2376 566
24 493 6420 3910 5861 9100 5572 2444 8030 286 2052 9706 1671 5098 4465 4391 6214 8753 8580 424 398 4799 5476 1226 3069
19 8346 5212 9981 1508 4117 2760 7113 3163 8650 5862 4521 3342 9835 3599 1337 358 8895 3504 349
22 61 8575 5783 2969 8799 2021 3135 7749 4358 405 9824 5136 346 4252 3713 1172 4181 7878 1544 7906 8897 3994
29 222 4935 1630 502 3663 643 5627 458 9611 3267 9103 774 3139 3137 9447 505 7604 1769 5965 123 2342 8762 9656 4556 9977 7964 2839 2586 4803
20 4349 9549 8902 364 6013 1364 969 7707 7021 736 4889 9049 9041 1895 605 3441 9404 9525 5077 7586
31 4184 5507 9202 3966 691 2613 546 6462 862 6897 1235 8896 3392 9231 4748 6286 3668 8899 3485 8005 3864 4422 5924 1133 8724 1149 7739 4315 1614 2408 4047
29 9974 6430 6903 1863 2791 1102 4705 498 4981 3077 6179 8788 183 786 5725 3624 6560 1818 2400 3353 3794 2265 4148 5229 6092 8340 4610 8398 3853
31 7911 1206 775 7162 6218 9566 5962 5116 9132 8148 7907 3341 3597 7653 7921 7291 9528 3448 5223 3653 3318 8859 2767 1285 6300 1495 679 421 1095 5978 5508
36 7229 7561 3239 2293 873 5766 3461 9469 7648 2954 1081 2829 3772 8574 4433 127 6868 6406 5851 9644 7678 4457 8141 3706 5067 4982 4614 1616 8417 5787 6598 4700 8959 1677 343 3514
31 627 57 3510 6729 2323 5700 6386 4512 3609 2587 4562 6945 2111 1171 5389 5589 386 4740 4527 1321 4459 9958 2970 5634 3733 270 2976 746 792 7814 8217
23 6794 5205 5751 1250 4300 133 7508 6793 5140 4343 4073 7982 5587 5938 885 389 1333 7084 5131 8837 2833 3971 3618
17 9675 6456 9411 9944 9018 4623 135 6223 1853 5349 33 5781 9223 7589 6664 9176 3380
26 3640 4704 462 2907 2910 1041 7610 2417 6366 6583 6262 9547 6829 1308 7262 3437 2034 551 2459 6826 9895 1190 522 8908 9396 5415
23 1090 5091 47 199 1873 6871 4068 85 6243 916 8293 5801 8584 2018 5103 1719 8317 1049 882 2175 8985 3014 2610
31 2465 4437 8434 697 1634 5009 9101 9321 3487 5268 880 5565 8110 7556 8692 7072 7272 6754 395 7918 14 6287 5022 466 9154 2310 8452 7395 8797 4332 6997
21 8102 4536 7249 7263 7019 536 8025 9933 8476 620 1413 5488 4325 2481 5157 9280 9391 2114 6955 8178 4186
31 8509 3821 3477 6587 7770 2640 6593 3215 8481 5692 6253 6863 6811 9366 9230 7909 611 9221 8822 8496 8522 1661 2624 784 3095 6973 1952 3264 906 757 5125
25 1515 1269 6849 1324 907 1431 3470 9028 1286 8115 4259 7798 4669 8362 2380 7841 3171 5800 5524 1205 1156 9203 4901 4479 9906
30 6252 9405 7574 846 8768 481 2330 6346 4074 4906 7195 8264 7060 8052 9384 8197 8457 1482 2334 5633 3526 7590 6592 3932 1829 2251 4728 5652 2152 1951
32 8203 1002 1240 753 4887 1511 6098 9195 7525 2938 544 8628 7528 6033 4835 2933 5007 2162 2197 9531 5676 4023 532 7989 5162 2865 2564 302 1191 9461 6246 8535
20 3409 4502 8300 5386 9458 1159 1458 5041 1401 2974 1624 7022 3563 8751 5322 2491 9309 5731 1377 2848
31 5086 1773 5282 3816 3047 5393 4958 9505 6426 4784 7516 1921 7286 2892 4590 3788 4360 6382 6211 3823 9683 7388 6100 4251 7495 9437 5110 2046 9787 3792 8374
22 9707 8213 5887 8040 5710 8191 629 7631 8991 1774 118 1320 996 4336 2256 7155 8281 7518 9793 7568 3679 3478
19 7864 6711 3865 9410 5208 7014 3210 239 991 8679 129 4524 2872 5185 1144 2427 1202 9024 464
38 610 8489 6815 1414 4877 7108 8190 7874 9564 3770 1584 2515 4159 4857 9785 8563 6602 698 2431 155 4550 1391 1058 621 8472 8356 1974 1484 1987 6934 5138 966 7681 2998 9146 7789 4177 2134
18 4008 9561 2537 6562 867 9962 8742 6680 8819 4773 4345 3360 2344 2237 9959 5840 4416 6151
25 6783 8670 1272 2642 6927 9031 8094 3798 7120 2896 2680 9073 7417 1736 2510 7189 345 4462 6626 197 3787 4286 6434 7733 1510
25 3103 3632 2079 6222 2539 7569 7636 4072 9388 9139 2547 9079 3774 7333 5261 7886 6646 9618 5492 3897 7623 5806 9014 9196 5063
27 6879 9282 3475 326 442 6367 2141 5830 7217 4569 7285 9798 7354 9730 2472 5893 891 5578 8002 4458 6147 49 4904 4861 2287 1579 939
34 5668 8653 1968 4164 8028 5901 2173 1532 7411 7271 8539 1943 3738 676 1073 5430 9788 8727 503 340 5980 1824 5624 6509 4333 4598 1940 4860 73 2219 6358 6959 4393 9430
20 8302 2036 3073 1106 3839 2402 9975 2285 1236 8460 335 7854 9509 5561 6651 4313 7074 2961 1652 2618
21 3167 5719 3807 7579 4957 6519 8547 7061 5655 8974 613 6506 8561 3252 653 6065 1129 3934 7977 6569 3883
28 7399 565 9191 6652 6155 6067 3685 1474 4426 2805 6297 6800 1000 1266 500 628 9455 7774 9716 3613 2779 642 2475 3662 7238 51 3543 2724
22 734 2497 4834 1896 2045 3053 8284 2768 6483 9017 167 3996 1669 9465 2450 4474 3335 7881 840 5953 4338 9573
21 9140 1609 9090 166 8376 6756 3573 9136 2960 2413 305 1964 5427 4026 3001 1155 471 9781 8106 465 5538
27 713 5885 6752 2605 9557 4213 1297 9105 1797 1050 4625 3948 8109 7782 5284 1882 3472 9674 5401 6988 2195 3769 5912 8013 5333 3002 9956
27 6189 4882 7430 1746 6283 4775 1340 8576 4423 5502 8821 5052 6589 4768 6937 2752 7158 1739 2873 1798 221 8238 251 2554 3928 2664 9329
25 986 9846 7150 9694 1791 2332 2558 3123 1839 4571 3937 3219 185 7317 9745 8202 1390 5429 9609 925 9067 4697 4392 8260 8377
29 6649 9450 5287 9842 5487 1891 732 3328 2348 7616 3854 4461 4619 6617 7511 5321 4218 1706 2723 5144 8723 5726 107 5661 7996 3781 2227 9334 5723
30 837 1105 8262 4848 8629 5584 7931 7316 8597 3124 2425 6904 8037 215 8288 3808 6106 581 2350 7550 6847 3343 3604 9178 6991 7154 6080 590 7375 5606
27 2531 9852 854 4024 4944 3754 3877 7361 4430 8911 6926 3374 1775 6497 4212 5122 9973 6555 195 9660 7981 2257 5121 4896 188 4735 2671
32 3148 3307 5466 5602 5712 1949 8644 2395 2 8246 7098 3896 3282 2749 8466 5761 1772 2826 6960 1572 1611 4294 6449 1545 1427 2827 6489 4215 2277 8710 247 2276
19 9935 5808 4966 5809 2900 5941 6181 1681 7206 2125 972 347 9597 879 4257 6070 7424 3931 3631
16 3321 6786 6575 2375 5824 7542 5999 1420 5259 4831 5378 7233 3943 8971 6933 2208
29 8630 5387 306 7512 9190 3319 7078 8182 4202 2997 3691 4065 4499 8687 6681 3967 357 492 8400 7819 227 6779 7893 9239 7736 9530 9486 8613 1705
15 719 3830 4497 5088 8416 6855 1259 3707 765 8532 9350 182 5753 327 5672
29 4794 1689 3575 7941 2108 4907 2665 7176 9837 4566 4012 3075 4730 5530 978 8469 4505 2336 478 7402 6995 5703 5607 5750 1174 3250 6964 8838 9172
19 7429 8179 3426 4914 6550 9633 161 4786 454 5019 198 8531 9107 7419 9415 1044 3427 6665 8232
19 445 1580 5866 8188 8909 6713 7680 90 8646 1370 3018 5509 8676 3658 2598 6998 6911 4127 7986
25 7444 4223 8085 448 7613 76 674 1537 7762 7007 2552 2546 4850 8294 8233 9293 7377 1039 5195 9693 8592 764 8647 4760 5395
24 9901 3891 7355 3068 477 3666 6850 6864 3443 5310 7256 4470 5005 8026 9222 3299 2682 6471 6109 2435 1506 8142 5961 4795
23 3951 271 3119 4299 3044 6463 5210 4472 3694 288 875 77 4974 3820 2629 4126 6011 3369 1456 790 3480 9860 4750
26 5693 6656 8840 2056 41 225 9466 9182 6029 5829 6956 6190 9963 938 924 8074 8544 9435 4762 2430 1610 6947 1608 7845 747 7391
24 9619 7612 5516 6026 1470 4279 9333 7807 8562 970 8437 686 8170 243 9258 6516 6236 6673 4341 8790 1730 7412 4504 7496
22 7952 7357 1734 633 6523 4070 2107 7080 5442 740 909 8935 8050 2168 1103 1184 8066 8663 9257 438 3500 3755
22 7867 2333 4639 5221 8976 7337 1316 8749 7642 2712 1165 3309 3151 3000 8818 3415 8825 4731 644 3041 4540 5821
30 7877 9820 5686 4196 1724 150 789 1620 9729 4441 3925 728 6806 1345 8662 693 6619 7875 7822 3283 2294 9057 4284 4401 4611 9646 3284 6750 1293 2055
23 6965 1170 444 4895 5690 8072 8510 9077 1679 3404 7403 3305 8065 3926 8442 7607 5450 6018 5270 1366 763 9635 4987
25 489 3176 1221 2787 2198 8023 8266 4270 8268 3416 8842 8904 4560 1388 3649 3379 7721 6183 4444 5252 4785 630 2098 6384 7937
24 1209 7861 2838 5955 476 2480 3530 6630 7086 93 7065 6319 9647 8745 9208 7790 2947 5278 1945 1770 4168 7362 9786 8594
17 8157 1433 9575 8101 3429 6344 9718 8632 4053 4442 7012 2951 7723 664 7181 59 295
20 4115 761 7246 3793 2568 7341 2729 3211 6982 6683 1789 9470 1765 725 1445 9642 7696 1813 1312 8543
25 5113 7690 2957 607 6764 7110 1930 7594 285 9784 5074 3489 8627 2063 7265 3039 3678 2562 4508 8634 6568 781 9522 1479 1318
21 9544 9138 8882 374 1412 7729 6290 1016 7619 2939 3538 6395 5677 2458 2985 5242 1878 6461 4531 8865 6063
21 3696 1100 6188 4938 9054 15 2835 618 2048 7414 7697 723 1566 9021 2894 8048 6545 9791 4678 8834 1173
33 8292 24 5716 3596 3786 7792 5012 2967 9952 3622 3133 9219 4699 1800 1154 537 3873 7809 6753 414 7780 6852 3359 9967 6637 2666 8391 6118 5024 4484 9277 8674 1718
25 6039 1422 4481 6579 244 7629 3784 6038 6030 9826 9843 2420 1167 5196 5403 8032 2616 4978 207 1374 6291 690 1454 5666 9834
20 1492 4225 1111 6119 2212 7920 8952 9968 5849 9704 5490 1793 8765 1542 5264 9648 8384 7533 3749 3120
22 9393 1860 5699 7208 5187 4764 5256 865 2311 1463 827 9697 985 6408 6341 4926 3899 3327 0 3858 8862 3737
29 6654 4644 2426 6277 3833 5847 9602 3314 352 8760 3316 1551 5956 7240 8286 9331 495 5922 1216 1158 8156 430 5545 3611 1562 3665 2221 6073 3286
31 4665 8786 9705 95 5425 3435 9537 4247 5082 6197 1264 8105 819 2526 6205 7620 3011 7221 7449 3516 7839 145 7771 3884 143 8100 9717 8947 1210 2509 8789
19 6851 4537 2074 9813 1651 3372 174 6240 6184 9748 2004 9453 5217 426 7902 362 9585 1826 265
22 5948 533 3976 4781 1215 1309 8038 7654 8814 2473 8817 9593 1885 6072 1358 3243 3804 8090 7606 1658 3349 1288
22 7109 6076 982 4940 8854 2031 1004 9950 9634 3251 2192 6525 6894 9342 3703 6099 6576 1662 2103 7311 5265 3528
28 9084 8728 7373 7692 5263 8254 3102 771 7076 2215 1749 334 1383 9431 4466 7725 1812 783 9307 6723 6417 3734 9336 1408 8087 5174 4725 8957
29 6412 8351 9613 1189 4636 5070 2702 4046 4400 4204 4985 6609 7062 3919 1075 7106 9978 7775 8199 4179 5828 8919 6627 540 9243 6323 3417 8327 5408
20 5816 9579 3058 2518 5611 7598 6684 2150 1780 5823 4684 5338 1018 914 6310 1014 9095 1841 3819 321
20 5161 7243 2525 9027 9858 6908 4893 5522 5722 5114 6284 4557 858 4161 1244 1356 6700 4399 3892 9354
20 8435 2937 4493 4064 9720 2935 4317 5548 6565 8963 9163 1317 3763 3142 6628 5820 6050 6354 1127 7601
21 3654 4885 5358 2512 3311 1346 7916 9897 5250 9408 3547 1065 8390 2433 8828 6948 4438 9323 9048 5368 4160
33 6228 6547 9926 5541 3775 3602 852 2041 9436 5835 2596 946 8027 7510 9092 9480 5482 7025 337 7003 4436 9777 4052 9201 6371 5030 8508 5404 4077 3690 7057 5173 6467
26 1993 9627 8219 1723 5054 3169 5838 9320 2033 9810 7990 8857 2137 7016 4565 7646 2891 4417 1925 3581 7426 7600 3492 5485 8120 5697
33 2026 3849 277 7685 655 4875 4205 1067 4409 5036 4588 6574 8883 7090 890 8415 8491 5739 3953 2443 5597 5203 7050 6499 4668 9622 6614 2953 7241 4040 1559 5631 7058
22 9550 4706 3512 6639 8485 7637 5473 9778 4858 2116 6682 7497 78 2563 7639 2703 8380 6690 5147 9294 6193 5874
30 9216 7585 8892 7934 8071 3885 4643 5853 494 4137 4209 8928 5694 8068 2222 4222 8304 8966 3337 8461 8907 6401 6052 9129 623 4695 6748 4158 2322 4865
22 1315 892 2944 8155 9751 821 1792 4992 5600 5106 4439 4932 3031 7486 6187 1007 5877 6108 8581 5037 9467 616
30 5991 8557 9412 4788 1024 6742 7994 6498 5291 6596 8620 106 8143 9740 7632 4082 9098 5153 1486 8920 5418 8487 8858 148 8 1698 807 9915 5244 7441
20 606 3104 9947 1592 2044 6064 5951 812 2913 2534 9386 7299 5886 3198 652 1354 2592 4319 144 7795
26 4679 7104 4112 5112 9511 1276 7686 4724 3974 1716 2758 612 8492 4329 456 7570 5344 1989 4419 752 2446 7844 4116 8451 6534 8119
25 2356 7186 6710 2748 92 4696 1271 1037 6085 2345 3233 2906 3968 4454 9989 917 3481 2146 564 2030 6230 7183 1599 12 5029
22 9514 292 8077 5963 866 7212 884 8914 7447 6126 4253 1682 407 6553 1665 1483 1180 5669 1848 8503 8910 108
24 2883 8711 3462 7234 4353 4105 7167 1402 3874 2804 8779 3079 4801 9899 163 5 1344 8738 5413 9339 9061 4273 6585 431
22 8128 8464 9738 3482 4130 4990 8827 7857 3345 4682 2590 3320 9352 6501 9756 9932 9217 8707 526 9771 3224 8941
19 1267 2566 1529 3008 3122 4832 5701 6138 7101 8121 6813 6604 6142 8759 6941 1903 955 6390 8690
15 7475 1627 2167 9429 5241 9303 355 1451 3511 3582 8474 9713 2620 8942 4189
20 3708 5721 3317 9524 7498 5559 7726 1979 1946 3813 4529 4694 614 5421 7124 8810 9966 7976 2096 8802
33 6822 4143 6735 1735 3697 5213 7180 6647 6000 8093 3278 5228 9376 1741 4770 4800 11 7551 7659 6928 8689 8565 9957 8047 149 4578 446 7980 4726 3255 9304 181 1038
24 9733 8586 9187 168 5799 2673 4756 368 4965 8693 808 9055 4190 468 9529 5594 8894 8082 4812 4530 3518 9711 1948 4955
29 2576 5324 9996 9805 7428 2711 9845 2717 3993 8440 5603 9392 8225 3811 397 6025 2142 7507 963 5102 3449 4182 4580 3872 9198 4778 6191 7182 1300
29 5858 409 708 6078 5351 6896 193 9135 6571 8504 4561 4477 2882 6042 8470 6082 518 6763 1411 8621 8135 2303 3900 3803 3322 4911 8517 6559 7123
23 4525 3236 4150 8290 6618 1104 3534 8160 8993 5097 2560 6397 1533 2803 5687 7473 5897 7300 479 4069 5361 8808 3664
14 9625 9920 5990 4838 9562 8603 5608 2242 2027 3383 2987 1086 5150 9004
27 8878 2784 8412 3054 8546 6762 1973 2601 280 8245 3222 6094 3086 6056 8933 4559 8064 6131 27 3201 9661 3003 3094 4230 5776 2922 5891
27 7346 1995 8566 2881 7232 2250 3433 5441 6885 847 6862 2842 9085 4334 9783 3256 4616 6691 960 418 2080 8083 7228 8332 962 805 1547
33 5970 4078 3647 5189 950 8739 1079 1944 3191 4136 3159 6629 678 4746 3509 1469 6264 7743 7071 6299 2012 1836 6543 4681 3515 3959 9434 3716 8043 3652 5596 8308 7002
23 8024 3564 4511 8146 7380 1101 3205 9238 1647 2690 7924 4089 2630 1717 6906 4701 7898 3118 3628 2255 9922 6148 901
17 6670 8774 1994 6967 3949 2648 2082 6963 8312 5032 6572 427 2070 1404 8735 6968 9668
27 4894 6110 3149 7224 1349 9815 2261 3394 4880 9655 1307 6375 9828 9624 2844 6423 829 1099 242 3158 8313 16 18 5388 2905 9776 5504
21 2536 8713 1913 6407 2505 8164 5675 7382 2956 3610 9327 2478 4102 367 7031 9520 571 3350 82 2677 9097
25 2949 6466 1208 3325 9252 1799 9809 5684 7205 1541 7626 9395 8218 3660 3177 3226 5834 4199 3020 7563 6035 5977 7146 5646 2203
30 7005 920 2006 1563 9045 2240 2797 8615 2393 4772 137 2684 3893 9592 9911 2859 4290 7923 7378 1035 8756 7244 4418 5749 7283 7039 7350 5458 7968 6364
24 7716 5615 7245 6566 3007 7339 754 4856 1859 9866 8841 3962 9667 6370 5336 3832 6511 9643 7995 9343 1801 3533 2492 6060
21 164 5553 4206 3701 1771 4899 4106 9244 8067 1053 5373 9877 6887 1126 6217 5813 7669 2704 3520 8861 7049
31 8703 5445 3855 248 6784 1660 5238 3621 1937 1132 8917 1932 5527 517 6891 5985 594 8427 470 9519 8775 2302 393 5149 3711 8744 8625 598 4897 7069 6870
26 9325 9087 4666 881 7457 230 9242 2565 3894 7699 521 3209 4166 577 4626 6428 5740 9398 8558 2879 6022 5272 8235 7748 4363 6644
24 2147 4056 2385 7010 2670 5428 9722 8500 9456 6486 1926 5059 2792 262 3312 7432 8528 4287 7087 2318 9390 3741 472 1646
26 9743 4154 5982 1453 5008 872 6548 5794 9022 7730 5260 6874 9194 7250 8906 2756 5639 940 9170 9955 6289 7201 9600 3637 7524 2755
18 1066 7451 4255 6186 5285 2335 5539 3614 2548 1371 5166 9302 2863 941 1694 6322 2326 675
34 5424 6745 5359 3334 4657 2453 4830 2288 5803 9141 3532 2374 5909 8860 7914 9029 2567 1832 6254 5038 9653 3587 5950 4283 2005 3705 3153 5588 2165 5895 4383 2289 6257 7001
24 9847 8055 6657 2972 6751 2645 9183 7461 6215 94 931 2071 974 2575 1704 7597 1641 390 8070 5460 7166 5293 3185 9916
19 5025 318 4528 4744 3751 1239 4085 9687 2740 6114 4487 3296 9269 2155 9312 4766 7338 2845 8019
31 5299 9851 4833 3358 9890 4450 1489 9002 3740 9370 2667 9043 3121 6905 3016 9224 2054 999 5681 4572 8771 2811 3497 6725 1659 3681 3671 3591 2914 2880 7766
25 4495 8187 1257 3326 7823 4087 8261 4369 813 8776 7482 4548 1114 2460 5773 6623 4972 480 2286 7035 8717 7834 5230 4241 9476
36 5868 1784 1363 3384 4421 3947 8796 4587 1365 7712 779 9980 640 4718 4449 889 5309 3704 3979 449 4385 3977 6590 8006 2727 429 89 2349 1258 5148 3287 296 6981 722 4120 5501
27 328 2118 8973 5356 1348 5567 4365 8159 2343 5092 6137 3391 2688 7728 7280 2674 9162 5754 7827 8849 1969 5095 2864 5376 2200 8939 4277
27 585 7227 3579 2651 2585 1655 4327 475 7698 7045 275 5226 2884 2654 7179 841 1714 7273 4950 9235 3344 5667 176 1809 685 2185 2049
20 6361 2523 7312 8259 6422 6156 9185 8428 9080 5882 776 28 1116 158 2369 9591 8685 1645 3400 1966
25 7119 9666 2930 6563 7763 5511 1684 1331 9462 7365 3213 9886 4340 4235 1711 2476 4015 3260 8626 3324 8714 1928 7577 9650 3313
31 8329 1192 2603 9144 8955 8555 6698 9180 6580 1553 3228 2924 105 8793 514 1707 8523 1151 855 1274 1022 4434 4492 9332 2249 9206 2822 488 383 3965 224
21 2934 2657 9610 3915 9357 4871 7440 7363 7962 151 7315 3888 255 4954 8318 4609 7947 6954 927 9891 4563
22 3732 8737 8585 5650 9632 2104 1224 7068 6785 1166 1444 4236 3070 9295 5117 6318 9365 504 6136 3687 2836 4490
25 9473 284 6526 1644 2248 5101 9023 1783 2268 6149 5062 2991 5648 8287 45 1623 7458 2617 603 6487 898 2886 329 2628 6016
31 677 3375 8073 9830 3531 9731 3842 7984 6641 6515 3722 531 2722 7757 1715 7599 9945 964 3234 6432 525 2775 954 7268 5555 6317 8364 6294 797 7700 9796
23 8890 6916 6485 3990 3362 3779 5711 8042 6398 5289 2856 1182 2434 1920 4359 5793 2685 373 5319 5775 7539 2878 5294
21 2507 3129 5343 7446 5347 8826 7778 8918 9868 5911 6517 5379 9725 3505 9108 2650 8488 8168 9749 7783 4156
25 6399 7448 2802 6642 365 3065 1907 3247 9900 1629 8807 2903 4902 1237 7760 7200 973 1764 2131 3407 301 9669 7831 7714 3723
20 2015 6381 3729 6818 1186 2235 1109 933 4749 4326 1857 1649 7853 9582 2503 6314 5591 8080 2138 5471
37 1372 1833 8804 2077 3802 2652 1589 8486 4107 2984 4711 5959 4443 4591 4403 4289 6610 1096 238 4579 4612 4747 7523 192 2692 1385 705 8964 13 6715 1064 2794 8607 635 7537 7467 2813
18 2695 8158 1177 8548 4656 1051 1967 4394 8645 9665 4144 4620 6918 5839 1403 6212 1758 7527
23 423 4717 8868 617 5579 1352 2244 4539 5610 1042 4092 6803 3508 8889 8524 9426 9174 3744 7851 5342 8507 9759 729
23 48 2296 7329 6048 9702 4139 5713 7344 6380 6451 3340 952 3 4805 4638 4407 2093 2524 7718 4949 6145 3440 1439
27 6901 1273 7319 8614 9763 2171 6638 7614 9229 9298 5917 9917 1690 434 1917 5979 1811 3484 2772 1375 6400 8196 3488 9794 8923 1642 2019
22 7174 9199 1282 9328 6983 2059 5061 5483 9727 9367 2553 6071 8867 7175 3957 6057 5791 3978 7349 7008 5443 6931
18 3693 4733 1625 3657 4173 7351 5738 2988 1638 9688 1546 2595 8456 650 4961 7673 2170 998
25 9274 6645 2981 951 7870 523 1255 6378 3570 7817 5367 6385 6180 556 3720 3357 8929 5489 2423 3046 7826 5432 5296 204 2843
31 563 7020 7442 1613 3921 5557 2412 2916 8034 1692 3052 10 6414 9177 6504 9801 3491 1618 7694 4952 8702 3413 3670 4261 2689 7744 1708 5423 4509 1602 6494
24 5137 4059 2920 4585 7171 5182 8953 7933 2174 9671 7860 8108 2668 1754 1397 5946 3600 7688 3529 5812 2683 1892 9227 2117
20 2278 5332 3557 2589 1864 8368 8864 8407 1639 8018 9553 1650 5216 5199 7932 2308 9893 5613 770 5944
19 5902 4017 4689 7829 2228 6873 9930 2062 467 3098 2532 9356 7832 9147 6007 7151 2764 5931 5108
20 5890 210 5620 3368 9570 9353 379 3594 9527 745 8408 7279 6899 2358 4936 7302 8139 5446 1088 4592
19 6069 4109 8118 6985 4787 9941 6008 9867 7735 2274 1606 1766 8946 1906 555 246 1437 6828 4133
18 1323 2982 4249 6165 1612 2996 8958 9275 2971 7806 6980 5796 5822 4174 7257 8948 5637 6458
31 6694 3758 212 9030 8652 2809 4045 6987 8237 2209 9397 816 8725 7536 7046 6204 7781 6671 8358 3800 205 9468 6653 2936 1131 258 5431 8352 2196 6093 70
24 84 3055 4815 7693 874 1246 7812 5107 2479 9724 6816 4824 5042 9400 1956 5568 1915 5762 632 7979 7059 7565 4281 6433
28 5406 9347 8104 9559 1465 3364 660 7808 4035 5400 6192 6491 6907 4930 8252 9621 7945 5664 5233 1548 264 7850 6732 7168 8084 8515 702 5046
25 9164 2121 7453 7856 516 2156 1870 5083 1275 9510 5529 4603 8172 3856 8704 2820 7855 5111 3942 9010 2888 9747 9387 8350 3032
18 9680 1729 2626 8209 4245 5679 3451 7534 2362 4971 4517 9961 440 834 1478 7955 6844 9281
20 8167 7663 1455 3799 369 3999 9113 2068 3736 4322 6343 1334 1231 1490 8114 1148 4295 4308 6258 3619
22 9626 6133 2132 2110 8173 8610 1785 9882 1534 1314 2051 8200 9919 3659 9841 2707 4132 9399 2211 7219 2786 1823
23 3869 4467 206 921 3866 4913 1046 4029 6379 2366 4314 9896 5180 6859 2662 5574 8465 5320 5691 160 6005 3275 5790
16 8588 3112 817 3174 1394 4608 1591 1688 7734 3806 1361 4165 5573 2097 667 8874
30 3170 8715 3050 8940 3490 9576 6196 7724 6203 8431 7275 2017 509 4276 8844 4912 4234 1382 1535 7815 3777 8975 2860 9389 860 6440 8000 8972 7335 8054
32 7040 4475 6360 6503 4084 7737 8303 1466 2388 6061 3761 4533 487 8432 3553 21 3908 1298 6090 7500 5705 5028 9587 7336 5251 5521 5581 2301 1731 4779 1306 4929
20 5237 6305 7546 5134 6274 3556 1626 6810 6391 538 6790 2484 2199 2448 6845 2968 7437 5688 9499 3408
29 9888 6831 9128 3420 6747 5307 4406 8691 7879 9774 4851 2612 5925 9991 4708 3917 5795 5772 5940 5392 1851 9997 4753 5788 5784 9369 3274 9123 8123
24 3030 5654 7116 2927 7267 6161 1695 1199 542 3292 7220 8750 8705 4033 2462 7961 588 6557 8061 6046 7052 7083 9383 3617
23 580 6058 2731 3425 81 2846 4221 2359 8291 9247 4453 7635 7972 1498 703 8153 7107 3577 5281 5355 2855 4751 7409
23 311 8642 529 839 7794 2076 578 663 6134 7006 545 8039 3768 5365 8752 7970 9338 971 4310 1452 7215 4883 20
26 5300 1135 6765 6280 596 9000 6102 3258 9378 9929 1502 3434 824 2102 9907 110 1279 7959 4271 9494 9005 5058 7603 5825 7713 2983
23 219 2338 8243 1725 1587 4101 2477 8401 826 7999 3438 9236 1140 8944 5206 681 2870 3460 5533 5275 5867 6019 2770
25 8149 6741 8459 2893 5995 9859 7645 7384 683 1396 1796 6940 2109 7322 9863 7674 1017 2489 5528 6835 5506 7720 7544 8696 8893
35 3607 4910 7704 9744 6340 4602 6893 9265 1245 6989 5998 4828 52 5023 2766 5929 7998 115 4471 3767 8366 8871 6129 6324 8729 8845 4480 5236 8608 9772 8405 1077 9797 3641 4348
24 3025 3578 5510 5295 8766 1263 7513 8901 1181 7883 7091 3323 8992 5104 2232 9995 5013 9253 810 1467 2188 9827 4311 1923
28 8587 3651 9595 5369 608 5976 5715 4582 8852 5807 9639 363 4933 3330 4030 5585 6175 5741 9551 1056 2890 6632 9169 6717 1082 3812 5225 8850
27 9078 3381 2578 8529 2207 2220 9513 897 9106 2089 6953 3027 4915 5640 8248 3933 5470 6528 5468 2149 9414 6388 1728 5683 9909 5857 4243
18 200 6843 6633 8449 5636 7988 1667 6601 3476 6707 7695 3277 9984 3766 7885 1280 9854 2172
25 4071 1530 348 4355 3760 5837 4532 9284 5907 4104 4821 1031 3709 9153 6620 8673 6362 4688 3356 2943 4898 8144 5290 8180 5848
23 6239 9314 1843 6615 4854 8772 3173 9287 639 3474 2874 7321 3397 6478 1423 5765 3503 9340 3015 2064 401 9484 5817
26 8792 4863 7445 9226 4007 5514 2390 7650 2129 6743 4634 8553 294 1033 3099 7890 8983 3143 5617 3431 5707 7413 6881 2321 8138 3880
17 6115 2714 5576 2551 2898 23 6389 8136 3682 5785 253 6561 6224 8341 2821 3887 5865
22 3743 3197 4171 7041 8631 990 267 6416 1941 5139 851 5768 9358 5081 2743 9124 1877 5075 3464 6546 5551 5547
26 2975 2399 9543 1524 3459 7662 9209 8869 4979 5258 6704 8011 7288 413 7753 835 1703 5276 8455 2372 6889 4242 5362 5682 9532 6221
22 297 4494 1883 2520 8747 8609 4969 5569 582 8550 7750 6047 6443 4389 8525 3598 5283 9875 4820 9567 4649 7404
29 1888 8736 1557 6474 1143 3790 987 9379 589 4498 2950 339 6225 6830 968 2144 344 8234 673 5643 165 6330 3113 1060 831 432 8363 8185 3458
29 9691 2436 1005 8698 615 2305 6159 1755 6809 1676 332 7435 6910 3845 9701 9498 3963 7547 6301 80 3150 9728 958 8162 323 6411 7304 869 5348
22 768 8420 853 2661 7309 9681 876 8945 4607 6120 5323 4043 5154 1117 7153 1435 3207 3944 1278 9921 9808 3975
32 2384 5440 3090 6409 7092 965 9838 1123 8450 3750 9816 5292 114 4382 1816 7454 2183 1821 1329 2895 2588 2876 4780 2469 6520 8913 1683 6334 5065 1473 6978 9536
24 4842 5771 9799 8059 4869 5158 7103 4031 2119 4384 4293 742 4135 997 3045 4395 3365 7421 6892 7160 5003 9764 7702 9770
35 700 2917 8708 6875 2233 1500 128 3936 6331 9574 7630 744 3757 894 1555 4055 6556 8954 2239 2306 5346 2726 2194 1059 5989 8349 7358 4577 6084 9606 2606 811 587 8612 4716
20 3253 3527 6740 266 1218 6413 3843 3269 8960 3494 1924 9240 5186 5805 3074 2929 4510 1577 8057 9766
25 9003 2327 8020 7134 1942 6009 1176 7769 2989 1872 1583 5167 5910 4547 7755 8514 139 8240 3019 2013 3106 9999 8949 6943 662
19 7468 672 1013 5743 658 3190 1884 8229 4594 2386 2360 5523 3752 9091 7858 9601 1865 9918 4374
28 6307 1908 9712 3083 8664 8353 977 1914 9659 4368 6306 9050 6267 4518 6055 3115 1971 8526 7917 8322 7997 6351 7416 1128 9507 4445 1805 3289
25 7913 902 4836 1010 3291 896 98 9481 4605 6856 6066 3930 3714 6552 1727 591 4917 7030 8537 2868 6976 6895 3727 535 737
36 6780 7463 2429 1142 7787 1685 7048 2126 4256 8659 7761 2644 9741 4964 5329 5968 7018 5255 3521 6447 803 2739 4754 6303 7121 5641 3684 8982 8389 2747 2593 3627 1938 2463 5798 3402
33 7471 1384 3208 5769 8198 6173 7882 949 4654 6345 7627 46 929 5564 8014 7418 5763 6429 4960 6531 6040 8208 3387 4650 6209 5737 5438 9088 6112 3111 437 5900 1084
20 2919 3393 5913 9346 4584 2633 9442 3639 9767 184 4169 6095 5778 1238 2182 7776 9676 6958 3576 3780
15 1874 4586 8370 6767 7884 720 8334 3759 3689 2807 8888 1514 5407 9638 3259
30 2418 7088 9696 2245 39 1193 4496 5050 1509 7971 7661 5810 912 815 569 9148 9982 7658 6990 9066 1442 5328 822 3890 9615 6867 7803 3837 4079 5051
23 3840 9042 7535 2660 989 9433 6939 9678 7865 2218 8829 6611 324 2267 6010 7105 4149 5836 6177 4813 9971 3762 4292
24 157 2166 7464 2217 3542 9871 833 8937 6883 3101 6755 8307 4076 2655 3385 4702 9427 8891 3172 8091 8319 2540 4553 8337
31 4742 1200 6536 6202 8979 3414 6237 1294 3117 6977 1656 7462 1449 7520 2396 1291 7908 7033 3902 6505 1481 4226 4375 7038 2223 6153 2298 7202 3836 6795 8480
26 9020 8425 9497 7912 6041 6921 5915 979 2541 6122 9143 4114 2099 1072 3824 5802 3389 171 7652 1268 5331 7165 6482 58 3238 7011
25 7957 2912 4208 9109 6128 3354 8239 2810 1428 6308 7871 7960 3078 2678 2500 9161 4067 2798 7484 2094 9439 4354 6470 5449 5571
24 1593 7768 1399 5695 5160 7679 1980 6737 485 8605 1417 6838 3847 6854 9802 4674 8299 8706 7055 4172 4976 298 778 4296
25 9409 9071 9165 1496 8419 459 22 3212 9060 7529 3152 2911 5638 7128 6472 2101 1622 9488 8900 7880 3677 5884 2488 9818 6405
24 5218 2973 5663 35 9979 6425 2270 3851 2407 1393 5172 561 8387 534 9663 4321 1600 2795 5410 8089 6685 8152 8463 1558
21 1138 273 961 956 849 6749 699 8785 4366 7282 1880 9800 7560 5297 7925 7842 2201 7423 3870 7297 3923
23 3281 1194 6739 8378 415 4302 9225 9490 3650 5969 8335 3507 8697 9344 9732 727 5419 5645 8934 9220 1570 5592 2659
24 6912 2538 3200 5920 7876 9273 3646 4866 2948 7474 4712 2793 9908 2381 5767 547 7703 7328 1241 4604 6275 1927 8589 5047
27 5227 4387 6942 6493 6836 832 1252 2180 4246 8831 7493 5031 9779 2866 1988 1450 7521 8241 7443 3634 9739 3809 259 1213 4905 948 8519
24 187 8965 2788 3188 9037 8176 9362 7830 9652 4128 9299 3473 2945 3912 5984 6697 4473 8635 4431 8145 7667 5604 7017 8001
18 9289 3991 6121 1338 6824 4947 5004 8181 1283 9578 2003 274 220 7625 5531 9432 6 795
38 5649 8962 8978 8784 4020 7846 6473 4098 156 4099 254 2602 7587 3266 1501 8593 1819 4001 3661 4039 2416 6396 8422 6104 2050 4934 3100 9197 3076 4151 5142 4162 3718 4691 1961 9811 9311 1055
26 6807 5598 3540 7799 6438 4703 4141 7456 4318 4767 4924 3377 2414 8242 6436 3187 2014 99 8130 2824 5855 3107 136 6650 2271 4662
30 2106 6304 8477 2577 8367 2072 7236 4555 233 3940 3765 122 8545 689 2841 8746 2721 9056 6957 1395 5035 5549 2490 8482 7946 9555 6521 7742 6853 263
35 3572 1313 780 9657 5957 147 7764 7562 7805 4549 5520 1197 1493 4739 8258 3913 9348 1856 8875 5176 9699 6328 2091 5337 5257 7517 3206 5542 2656 1576 234 707 7985 7758 7824
29 1447 3655 9869 5480 5500 6392 9151 6848 9951 2715 2694 4198 6043 8049 4903 1828 7505 4632 3960 5759 4146 4413 4956 4791 4501 5436 4811 6096 6693
24 6662 8848 718 5087 9065 3867 4356 3550 126 6923 877 8383 9039 2191 6686 96 5181 2087 859 5515 6792 3922 8311 557
27 2559 3294 7975 541 9485 5540 6825 175 1904 5267 930 2977 5301 3895 3130 5556 8016 6140 1670 1289 9081 3352 1351 257 3452 9803 3825
26 6031 4011 6570 2915 5262 4698 2042 7237 7145 2636 6431 4152 8231 5164 4237 785 6427 8570 2226 8994 6015 2638 7476 7163 3848 3588
20 7965 9267 5089 6132 2663 1260 1048 4219 2231 3499 6540 6530 9689 804 4672 8095 7053 5204 4790 5665
24 4455 4873 9685 1386 2000 202 7926 4398 6513 2762 2086 9233 1666 1196 179 3519 9491 4814 3081 3889 1808 9898 8012 7869
28 7575 417 2904 7255 1494 6248 74 7004 9300 83 714 8361 7142 4878 5384 5302 8381 3700 4993 5850 4402 5657 1574 1350 8541 2457 8331 4103
30 4346 1040 9255 7253 6984 1441 3721 3263 4250 7381 8316 8851 4489 9651 8549 6171 8471 9111 8097 7582 2445 1068 6812 8388 6510 5745 8636 4018 6271 3969
21 7956 172 6356 9297 5656 8212 527 3194 5526 2461 6027 9047 2533 7978 4483 4928 868 5831 706 6477 7436
26 7928 1332 1503 8823 7364 4003 9795 9288 2346 8616 4941 905 1657 9605 6936 5178 5932 6229 4178 3140 8195 3644 9608 9290 7303 994
29 9305 8112 2675 2470 7066 6821 4125 8624 1810 7386 7130 125 3382 2058 8732 981 2389 5580 4118 597 2579 5916 4390 8499 5459 3719 4350 1247 5398
26 2571 6321 3333 3017 1838 3051 1146 9457 9912 5622 8150 1392 6833 1179 7096 6738 7942 2092 6339 743 1011 3868 1136 491 8641 6917
21 7499 8731 9171 8257 7422 7274 4503 2095 5550 2325 2283 1957 2499 9910 2038 2193 9058 2100 2623 4554 8700
27 474 7401 9158 8298 4372 6659 893 1756 6858 5093 2190 1854 3096 2555 7800 2028 7892 6599 5671 8256 983 1347 3033 7896 8113 6492 7173
20 3371 6913 1778 7434 3989 506 9382 4819 1436 883 4777 453 7738 592 201 4596 1732 7242 7938 4759
22 6410 8395 211 376 6805 2706 1160 7284 9364 5188 8987 6332 5614 2832 3419 988 3630 1615 4303 1242 8424 7138
26 2247 7677 9127 6476 645 3038 1330 6359 767 7392 7394 5864 3924 5155 3406 2451 6231 820 9914 3695 6878 5286 7079 6782 392 2169
21 1776 8462 5566 8682 8984 1779 6699 5732 1842 279 7796 1342 8058 8250 4543 2365 1954 7514 6766 8216 8375
31 2316 3398 1845 4376 5756 9512 5782 4667 524 7407 8116 3939 6353 8763 3161 1119 8969 1468 6999 9903 7904 1893 7218 3998 2785 6421 4808 5232 1701 1722 8301
12 5018 8448 501 3436 4734 9322 6442 4847 3916 2549 5896 6789
34 3410 8787 7156 6718 8207 7580 1518 4629 6251 9889 3225 9754 1217 3351 4351 5513 4025 5194 7788 3089 9096 1036 4837 6986 4923 9126 3048 8716 2133 8538 9577 8527 1019 1150
25 8271 6125 2181 5954 1852 2230 3952 1886 4163 5305 7745 4060 7099 1621 1262 6226 4500 9664 3248 9271 8096 602 3983 4269 8069
18 6139 5437 6446 5621 194 2955 3981 3026 701 9188 3013 361 2339 469 4298 9885 759 2273
17 1674 4088 6634 8686 5014 2857 6839 7531 1094 5073 7852 8568 3010 4817 4931 9936 4432
24 6123 622 3202 378 7117 3424 7043 2741 6708 6857 2023 6167 695 7260 1296 7306 3506 4037 2849 654 411 1691 5318 7731
22 5860 2216 482 7922 4482 1047 2075 3645 9894 1416 8512 9438 5706 5680 213 9518 8839 1234 5467 1015 9637 6350
33 1992 9463 1319 1565 1491 2635 8995 4274 1110 5375 9972 1175 2777 800 4789 9548 4096 1163 7327 7305 8399 9285 8600 2744 5339 7431 8201 6796 2902 2604 2361 5494 1003
25 7314 3445 9046 4583 6946 8951 4167 9251 8830 7266 3905 9833 5958 8815 8003 1265 6834 3131 5575 6207 1760 8276 1425 3838 4268
32 6198 7557 4050 4806 8800 8761 2319 692 6975 3747 8811 8498 4370 9142 4004 9565 6938 4262 2918 7634 6640 9750 7332 2493 6594 1497 2353 7983 3535 3229 9938 1261
16 2297 4986 2556 3859 6909 4879 8413 3946 4736 4478 7655 2066 2574 4707 2454 1093
27 8086 7901 7576 4027 1817 6357 7894 4123 1198 1668 8359 9324 72 7294 904 7063 1108 4061 4519 4216 8295 229 8386 6419 1552 6573 3422
22 497 2992 2899 8379 696 9133 463 3818 7148 399 6578 5353 6769 4201 9590 4231 1107 3715 1935 7410 8718 1001
30 1512 5856 9546 4485 9118 552 1686 7502 3421 928 9939 4651 733 180 9969 8344 1806 3399 3363 7838 731 4589 6028 8569 8215 5673 1663 2698 1304 7252
30 6877 2751 1311 7643 3606 7077 5472 9361 278 559 9534 1846 8936 8997 1187 6508 5126 5141 9540 8905 6635 7593 7348 5202 7951 1052 2032 2441 1343 2597
24 8184 6220 439 8079 8968 1523 6272 7701 9742 2887 370 9157 1292 7797 1578 2778 9009 8305 4448 4859 3771 3571 910 9131
27 5304 3276 7948 661 4953 3583 4677 1281 8324 6799 5422 293 4420 5870 8357 4809 7541 9755 7919 460 2858 9953 3688 7649 3586 9380 7093
25 7270 945 7837 2979 3466 3997 7152 7125 3285 3178 6130 2024 3447 1786 6249 6687 1849 6496 8684 1619 9120 5055 3522 86 3043
33 7889 8338 3585 864 704 3938 843 1768 9482 121 3182 9425 777 4890 9994 1596 2978 8436 8733 287 8754 7452 5871 4534 5325 3175 5363 8885 6500 2202 8611 4927 1410
24 7710 7287 3601 1369 5453 2745 1709 5219 5914 8438 7651 2364 2419 9762 5072 3814 2022 6394 1249 4239 317 54 2815 2252
23 9757 5491 5193 9319 9038 8536 9270 680 3554 9112 6235 9016 8863 8658 289 6373 5493 6890 7719 5942 2806 8877 9545
32 8578 2008 7929 2963 4200 8681 507 3220 3735 1460 3524 575 5452 8591 2557 250 6972 641 1759 788 6468 6535 1083 1379 7427 1367 1549 6448 5011 4606 4203 7393
32 4307 1830 6402 457 3057 9556 4664 2482 4645 1248 2796 7397 7622 3827 9924 2800 8060 3272 5742 4573 2001 7213 1362 844 8778 269 4005 8943 8222 5760 2210 7112
20 9523 5381 3108 5764 8988 3829 8446 6488 3401 9892 5053 2367 5277 4631 9493 140 5846 6533 4042 7825
19 2442 4652 3454 5642 2153 8601 4710 40 42 4963 8680 5414 4977 2853 7374 4641 9215 5988 9970
28 2581 4379 3471 1794 3667 6244 6012 9761 6538 6658 5306 1875 543 1461 2279 3136 4647 5496 2047 2851 9489 6435 9008 2067 750 1699 4305 3863
28 1664 6952 1601 6021 3203 3230 6932 2264 5780 9554 8494 3846 2057 4452 1409 3635 838 9122 3552 6143 7545 7023 6760 8677 3914 1195 9878 1134
21 2060 9620 1804 9954 646 1211 5674 152 9232 7389 1947 8688 5906 2370 6801 7895 7910 3882 2010 7089 3626
26 4829 6404 9927 4507 4028 8285 8595 9790 2468 4675 4211 6758 7706 4175 953 9261 8336 766 4516 5412 124 6935 6768 9599 7310 2940
24 5402 4693 9503 2999 7602 9636 6279 5792 1855 3907 1516 4810 878 7385 1673 2719 8393 6144 6166 1740 3059 9119 5647 3589
27 6296 1955 138 4852 7689 4440 116 687 9780 4849 7254 450 5898 8757 8015 5755 8540 6522 2391 548 1858 1585 9596 4364 4054 9241 7042
37 7804 3608 1879 5535 3049 1121 7118 8410 3904 4937 1045 5094 6387 2769 5919 8583 1965 7178 8649 6696 5330 8394 1025 4738 9603 4627 7767 1536 5239 3390 9210 4908 2502 7459 5720 9673 1207
18 7993 6263 3783 6648 2852 9062 6415 8833 2254 6006 9686 7578 3955 1990 8269 1522 6840 4057
18 8932 8695 6808 4415 6581 1999 4486 7504 2085 1782 8794 7199 441 7144 1847 4600 2625 9472
32 4435 7141 1803 6327 842 1550 5632 3782 943 1499 6459 8325 5183 50 2263 9594 8886 8668 3935 8495 9086 1696 9501 9250 2816 5949 9200 3702 762 3310 1887 3279
26 29 1054 8564 6558 6255 3785 5303 1098 7370 5076 8125 4868 3060 6232 3367 1219 4943 6914 7992 1868 8468 3945 4049 9782 3134 2280
35 7406 3669 4405 1831 9496 4002 2272 688 5340 6727 5100 1471 4330 510 7047 9053 8730 9672 2514 8056 5826 291 4210 1617 9840 8365 4010 3558 4769 6088 6368 1488 7818 7489 2130
31 1438 8950 9283 8088 2105 9645 5240 1963 4515 2179 2159 2901 1787 5734 4217 8598 2340 806 3235 3144 6464 5345 1526 5209 7359 756 9371 3184 828 3860 1929
17 1305 519 2869 4661 6293 6902 6527 2205 1753 4822 7897 8853 4254 6992 218 4670 7899
25 9207 3249 8277 3193 241 5433 9015 7298 1328 5827 6679 8270 1554 8805 5546 4925 7974 2725 911 1295 9931 1594 6045 6479 4538
25 2735 6053 6900 8989 7759 9737 4663 6692 9682 1814 7433 2687 5747 359 4097 3268 7540 7991 9446 6051 9589 4140 796 1115 9558
21 4637 3739 3138 2511 2641 9478 7647 7466 1243 9360 5997 6276 4306 2262 9905 3087 1091 1825 8397 5499 4157
18 4758 825 419 3036 5214 8876 7081 4988 260 3560 5733 9542 9807 2705 7100 9204 3545 5254
17 4094 7230 4194 9925 9186 886 249 918 9335 3568 9013 5599 7509 1972 8847 3386 5629
25 4377 1815 9864 9819 1745 5465 2078 8228 2599 7149 5880 2619 2761 1405 9310 5789 26 5015 101 6355 1076 5926 3559 8453 2862
29 394 1970 5027 3157 1790 8926 2580 9584 4258 7177 2486 6846 9351 5085 3355 1654 7615 5447 861 228 8206 3192 336 3941 4757 410 4741 794 7460
28 2941 8967 4630 4411 3160 6450 601 9035 5952 8843 5689 6312 2309 2854 2535 3332 6709 6791 1822 8639 8255 3742 9214 1909 6993 3620 8098 2691
26 4948 4959 2799 6059 9205 8244 3748 694 3155 2850 1918 3592 600 1763 2373 2699 1648 6827 31 9451 7044 5248 5334 2090 3064 1653
29 9313 6269 6208 100 3370 2053 3986 5040 716 5372 6452 9880 2561 3973 6820 3376 6841 8924 6195 7828 3265 8423 6481 1141 7611 669 4683 3562 5841
24 3544 8521 2260 1443 2206 7564 8009 1078 484 1487 7483 6622 5975 9040 7644 5456 9308 4967 1360 44 9168 2337 4723 8226
15 435 5006 6393 1008 624 3672 7987 539 5993 4240 5936 2007 2421 3347 6260
13 6418 2112 4228 7555 4014 1 634 4881 5570 1284 625 8433 447
22 6457 3024 4635 428 5892 2754 6625 4248 3673 9152 2035 3725 2483 8045 3831 609 5002 5246 6869 5084 6465 8008
38 6695 6002 8832 6199 5971 8306 6101 1023 6068 6832 9070 2397 5374 3496 4646 384 6292 8916 4263 682 276 4362 4692 2932 4386 7324 1675 8769 6315 3412 1744 9443 60 4 5964 3128 6210 9736
25 190 3245 2718 2928 1326 1430 2573 4034 5899 8063 2498 1531 4038 6320 4312 2572 2378 619 1063 1070 7596 8392 4022 1788 6819
21 6403 8640 8671 9394 6567 1376 751 7277 8667 782 9789 6734 3395 5396 2428 7930 7621 4721 3246 8443 6087
23 117 8637 6172 8835 9684 2415 2771 9928 3593 1960 8721 2990 8129 7094 2676 2295 8347 1161 3084 4476 4424 9721 6113
26 2061 7891 7140 3468 9817 3636 5352 6882 1598 863 9175 9337 9825 850 7368 4774 7371 5078 7073 4844 5224 1043 5758 8044 758 8163
27 2143 2790 6672 8820 4016 5123 4121 8220 1840 1012 8903 4970 8720 1253 1476 6728 6773 7835 7584 7480 5109 5927 5609 8404 4968 8174 8078
23 4839 9452 1777 3789 7915 6584 5495 2439 5537 2037 8051 2341 7353 7239 9708 7740 416 712 2734 6194 8879 6595 1418
29 2455 4709 9179 3565 2184 2867 3901 7383 3680 8224 8007 8767 984 2504 7259 433 8780 8824 4019 7313 1571 5736 8579 4229 7905 9032 937 4446 325
23 7198 8323 3875 7193 7515 1355 5021 9508 6352 2817 3221 2861 5220 8031 2693 2387 9218 1901 4513 4427 2136 1341 1958
25 4687 55 1697 9477 4404 1912 2234 9424 7296 2290 2043 1538 63 2871 4316 4131 7405 5118 3023 2962 7469 7559 1983 5399 9753
31 7013 8342 4624 6582 8444 5724 9234 7037 3295 6888 3699 1762 6298 7532 9440 5786 8402 2700 2186 2631 3726 6837 6490 4737 8411 5269 5474 3080 4320 7641 9326
23 4090 7320 1560 7438 9586 1738 1299 8193 2151 8743 9363 6169 8017 9572 6787 2569 8355 6124 2258 4488 4783 1575 8279
30 268 549 2986 6804 5881 4352 3396 5409 9044 5844 216 3796 2808 4280 4464 6309 6666 2716 9533 748 3525 3728 8781 3125 7450 4994 4752 3378 8740 3857
28 9698 3541 9052 1480 4291 3146 7847 196 8214 1169 6722 1424 1561 5211 1834 7222 1061 9998 2584 2471 9500 1712 5068 7295 5119 7705 9569 9677
19 2720 2424 245 6200 2649 8801 7164 9879 9844 3141 2506 1743 7367 6444 3273 3954 1751 5883 5854
31 69 1251 1628 342 8970 7633 8560 97 9658 9988 4323 3465 1457 7420 5630 7538 6549 5947 8076 7478 1462 2161 4755 9 5130 3950 926 7751 9831 3712 1962
27 8227 3817 1866 1869 9316 6377 5777 922 3199 5562 2422 4884 1977 7194 6962 6880 1934 2834 814 134 5590 2646 3810 1899 570 6781 9773
30 7070 1757 1528 3442 4048 5017 1910 6247 7342 1710 2178 9159 2164 2394 1188 6798 7292 8513 5271 2672 5728 8734 7664 3642 9063 8223 2002 7054 5127 9792
27 7709 499 3092 5967 2776 5124 5201 5879 3648 3710 177 2284 7543 9248 9604 17 5249 4238 4265 787 3548 9861 648 7722 307 2697 2312
29 8458 856 7567 9019 9418 5143 2404 3009 7231 1876 6036 5350 6363 2789 2522 7056 2379 3244 8280 6675 9189 6524 1074 3189 2594 1336 5894 6241 1212
33 3067 7379 7494 4520 5341 3513 9116 1693 1959 4282 7490 178 6034 8004 4919 5921 5462 5326 9904 2088 2354 915 1322 9034 341 1225 1419 7836 8396 8606 6266 1087 1137
18 3168 5371 1062 7549 3852 5315 3214 1164 240 899 5735 8572 8701 4996 8552 170 626 3346
22 4309 5983 6003 830 7477 9836 9923 4006 7082 7967 870 3674 721 7225 3348 2158 5928 3956 7519 8036 4841 1898
22 9449 513 8856 1232 9734 9026 2040 6726 6736 7939 3361 798 8166 9051 451 3280 8409 1398 1153 6273 1020 2225
29 3005 8274 8309 802 8426 6842 5748 9640 9526 8530 3116 8502 9987 4685 4266 4244 9001 7605 154 1748 5577 2757 6369 9448 7969 2643 3304 8429 6342
29 3457 6541 9768 554 9985 300 2736 4615 6771 2885 7843 657 3731 9881 1871 5391 5411 9758 7672 261 9428 9093 3764 7396 7591 5416 6032 2253 7133
26 7398 4066 7849 4593 7711 91 4113 5163 7791 3574 412 5105 8247 760 1820 3881 647 9695 2733 5079 7192 5316 4095 2259 3218 3984
32 8773 2313 483 9654 5234 8447 381 3270 2382 6245 3261 6744 9114 3227 8661 4541 9607 5026 7656 4032 6091 162 7032 9301 6335 5354 4180 3302 2926 5714 8898 4124
27 5335 3629 4855 7129 2782 9487 4544 209 4195 993 7075 5702 7785 5298 9812 9583 5558 2189 1520 7139 7026 9099 6701 2307 6676 1680 3987
26 7318 5934 2783 7347 772 4686 8782 8719 3469 7665 2314 4921 1203 6970 4044 9630 3483 959 1032 3056 404 1581 9937 1931 1009 2163
22 3453 5426 7207 1521 871 235 4086 684 5383 5478 8473 6176 9359 9059 6154 6233 1586 5455 8666 2773 5020 2508
