35 1109 3968 846 1067 9150 5696 9752 2710 7227 2983 7671 1679 9634 6364 4204 4818 5611 5577 6968 8295 7200 1117 9626 7333 9088 5381 25 2054 8077 2385 8070 7294 4526 2338 4329
31 8607 8364 552 2012 6973 1278 3898 5875 7840 2176 893 7925 8253 8734 2325 4032 5249 7459 3284 1963 6924 9169 3714 7325 9083 4982 8922 8160 5774 5481 9799
15 1846 4355 9223 6847 2808 1395 2251 6111 6628 6760 2974 6589 3214 427 1820
38 4501 6425 2496 6003 544 7969 1608 2013 5416 6177 7976 9648 8581 7784 5597 1435 8122 3310 6552 6941 3514 1070 9197 6494 211 5631 801 8230 3787 944 6254 7052 415 1263 390 2716 8548 5690
31 4481 68 5116 6922 6822 5693 3917 8469 8642 5055 8862 532 6206 3382 7676 5741 8158 1336 6768 7003 8704 5469 9114 4073 7360 2553 4721 4042 6040 65 9580
31 9445 9460 811 7695 276 9200 3560 2633 2401 5683 1759 1081 8153 2590 9299 5013 4719 5708 976 8600 8632 9020 8376 8776 4237 6881 8731 4353 9109 3634 7722
20 1813 5062 1048 7087 4673 2450 8741 2158 5704 4726 7308 9800 1087 8817 8795 6431 5526 3760 5029 9358
29 1788 8078 1907 3537 2303 2183 8466 5890 777 9010 231 9455 7099 2237 3047 2312 5186 3329 9807 272 6937 7169 2405 9620 8823 1580 5092 8585 3708
19 3921 5303 6437 7240 1292 4179 8814 8422 7692 812 8271 5623 4569 8647 6201 9148 5844 5418 2254
34 2440 3628 4870 5483 2599 5829 1260 5253 7767 5279 911 5441 9824 4033 6376 6977 52 8319 9929 6775 1234 3002 7228 9886 3661 3527 1474 6136 4384 5960 1345 9958 7688 2084
33 2870 6423 3704 2785 5613 9584 2963 6935 462 674 8256 1219 3086 6357 7345 2066 2044 2369 4277 6338 7803 8420 921 6831 242 6981 2104 4674 4354 7474 2467 362 2623
29 6229 4967 6497 8052 1220 2096 8235 6515 4732 5818 9218 7018 4112 6396 7248 3880 6685 9294 2361 4198 3029 5143 9206 267 9472 5319 88 1762 3334
36 280 4071 3503 2263 3306 3623 8410 5167 7960 9436 1104 886 4431 3553 8907 3488 6025 6684 2324 6991 7570 2861 672 1251 8456 5243 8433 4320 7125 7386 4592 7926 9255 1864 1508 7234
30 2758 3240 3104 8227 1835 3524 2051 5117 8093 8442 5084 3500 3121 9704 3893 5752 9729 4167 4191 6476 4806 9843 6920 9041 8640 5836 6625 2406 711 1289
35 8858 8961 4447 450 8966 9504 8076 530 4465 6268 8330 5480 1935 8435 5606 1068 8341 1832 5790 4934 6249 5123 8973 9684 5011 6541 6501 8940 5702 8777 6761 677 8353 5618 1551
33 9890 6640 8026 7636 502 1700 2535 3373 6874 3427 2457 7765 339 1352 7725 5373 7750 6617 2087 3414 3761 9401 5099 1501 7562 6911 9633 6076 4346 7223 8272 3956 936
23 3448 4801 523 4349 8083 9669 2622 8012 3300 5506 1988 1319 1618 2382 2656 8020 58 2462 5642 9608 769 869 6135
20 8854 3216 968 1740 1138 5125 81 8316 8511 7560 7673 2379 3088 1733 6987 1077 9479 1646 1916 1921
34 2603 3831 666 7179 553 8934 8297 7581 9811 2609 5223 9986 927 1609 5369 7135 7195 2643 8967 1698 2193 5505 7196 9323 8276 8519 4704 5150 7083 2344 9924 8510 6013 8658
34 5588 2191 3505 7787 294 53 7605 6866 3341 8876 4892 6115 4986 6719 1461 8226 9823 1224 7273 1720 2029 9783 7366 3012 7963 8521 7139 4979 894 2627 9934 7789 145 4644
24 3160 1824 3324 3997 3678 1226 5314 5964 3290 2939 1439 6170 4106 1346 1973 4162 8208 4133 8088 1900 1629 1550 8062 7996
32 6885 4494 9194 5503 551 2701 2403 4724 9970 7330 6585 8604 9501 4813 4829 8200 7888 5287 4164 9345 8800 658 1335 7220 4367 2501 5805 9030 4714 4254 6830 6627
25 9151 9168 4803 3987 9930 5181 5210 4116 6296 5947 7431 4776 4839 3419 355 8825 4007 4729 2784 2393 652 624 3530 4775 1911
22 3423 8710 6699 1756 8320 4997 1837 2009 9964 3543 5220 6451 3418 6712 2229 4086 1953 2579 8501 1739 7593 9330
28 5260 5966 5241 4239 2459 659 8261 5612 8250 43 6944 8262 1163 7443 5135 3231 4513 5164 6401 9514 7687 5812 6916 2478 2357 7774 7364 6588
22 389 1040 1809 8547 9190 4278 5499 236 8577 5687 9529 3407 3191 8844 7585 7510 176 9496 5180 3943 5569 1653
46 5371 9371 746 445 8128 2205 9804 8282 8613 6790 1390 1414 484 8263 5406 465 5083 9703 2859 6018 4992 2666 5962 274 5546 8168 1927 6075 4051 9893 9897 3255 8452 8091 5871 4142 8065 4426 7658 5981 8556 3578 2514 7107 8596 966
31 3856 7496 8431 6275 7144 768 4134 9554 6553 7409 360 9664 3828 5006 1451 713 8982 5174 3376 3928 7762 6043 4972 5034 7226 1155 8408 6661 9878 6929 4767
31 9925 7539 1734 7120 9915 5863 3439 3544 1883 2509 6705 5550 115 4011 751 1146 5652 8242 5076 6403 2333 9266 3162 6095 1443 1841 7106 1615 6947 6561 6806
31 9417 1359 1410 5460 434 9477 7691 1871 6097 1301 4864 6287 9952 1085 3317 57 1552 4340 6302 5415 8496 4159 2023 7376 1716 9759 6303 3668 6217 5050 5211
30 4398 8125 9850 6250 8841 5086 9980 2569 794 190 3487 7830 922 2800 8871 8550 6432 6146 4557 9239 6307 2192 8806 1843 828 3424 2422 1543 1981 6279
28 9049 688 7205 8366 6931 5112 3476 4005 1042 1760 4273 9548 2760 5297 48 998 8732 263 8310 4389 9237 7599 8557 6631 7396 8240 9969 4347
32 1111 13 3632 1271 9868 3972 1499 130 5171 8176 1994 8328 3254 8974 5366 4658 1544 3269 3700 3067 1391 8133 2026 8869 4770 9649 8126 4038 5819 4063 2810 9600
26 2414 8407 2332 3460 2813 5669 7742 931 5945 8865 8553 789 4158 8894 4873 9906 2757 1537 3621 4778 6934 6290 7303 9667 3207 4965
26 9413 4052 4949 5097 4784 3225 9406 1083 3835 560 7267 7001 9730 7143 8161 3509 1859 1337 6709 621 4407 9164 3906 3769 5561 6576
33 5831 7277 42 5130 8492 7529 540 4034 2358 6027 8874 734 7876 6993 2354 9367 1272 4549 5040 2485 2447 7217 3253 7254 1381 6659 3655 6260 5543 9645 953 764 8392
18 3775 7084 421 6718 9955 2106 1167 1897 9126 3313 6252 3584 538 2131 549 2733 5225 2537
29 4119 4260 8394 1312 2 6754 4716 3151 8042 8477 67 9618 4749 5839 1452 9002 8087 9070 5799 3017 9298 4731 139 2575 9849 9523 9723 3161 9918
34 2863 2563 8170 5965 6231 4227 4495 8970 3984 8812 6666 5568 8538 5198 8446 1952 7025 8334 5519 3723 7898 1780 1578 3089 3613 783 4705 8747 3859 2691 1486 24 6722 6865
31 1566 994 4088 8017 3866 6304 1440 720 9338 5403 4163 9012 9821 9689 7000 1962 3695 6601 1771 5027 1265 6870 8881 3413 5158 3727 9285 581 3289 7002 951
29 8141 9189 9321 4701 498 6819 1442 2892 4504 1889 7838 8284 4914 8956 2615 3175 5299 803 8086 3990 8902 6751 3014 788 9866 7806 3403 4915 9346
33 3720 3873 6669 5461 7603 1588 9907 443 513 2409 8655 7614 9973 8611 6948 2842 3807 2235 1879 5994 8882 2206 8034 1231 599 4859 6289 6248 9962 7804 937 4699 2267
34 3183 9248 6200 330 6030 5999 1241 6708 4533 5411 2998 5600 6192 1188 758 3499 9103 6387 6443 3600 4208 1107 8635 5873 4999 1583 1812 2248 2938 2572 3653 5410 7747 7649
18 9601 4057 3682 5229 5689 7809 6892 3888 9276 2488 9473 8048 7819 284 3726 7461 8306 5953
27 6130 2452 9522 3367 879 7286 4137 5601 2928 9923 2708 1632 7578 2473 9199 1992 136 4462 5872 9201 8302 7713 9347 5870 556 5789 3870
31 1573 5233 2384 7728 8820 9795 2499 2689 2947 9281 8245 2913 1747 8337 6208 449 4522 8608 7749 7594 6070 2729 8179 2115 9074 2990 617 5667 2616 8589 697
27 1769 7320 2996 9019 9636 2126 5654 6815 3164 1198 1282 7878 3892 972 7816 4515 1823 5651 4429 4154 1663 4772 151 7857 7453 251 5864
28 2368 1125 4769 6283 4903 3318 675 2410 5850 4809 9660 7761 3058 3273 6814 4092 782 4199 3026 3248 4016 6691 3023 6602 7972 8749 9320 1655
20 4960 9340 1925 3266 590 8526 3243 6824 5036 4520 1444 3585 2631 5977 7204 6723 9715 6271 8470 6479
38 5835 3832 6257 2330 9747 3331 8615 6007 6994 5556 5074 9658 3742 1158 600 1494 7859 7779 2113 8041 6336 6964 2277 1476 3617 3221 1529 8690 9661 4908 7601 7505 806 9698 1428 5970 3901 9643
26 1572 3042 4469 1595 4318 6516 9754 1465 215 5313 4030 4627 5434 5490 2116 7076 1796 2743 2033 1103 254 8051 6823 2681 4576 3143
30 45 7245 528 702 2279 8958 4758 4575 925 7374 7419 4243 5137 3124 9845 628 4421 7515 247 4285 5338 6517 1277 4733 9953 4337 4973 3030 4963 6974
25 4523 9538 1831 1468 6578 9951 906 3238 2762 4545 4799 9274 4687 2977 8578 4359 3666 8524 3933 3966 9402 9539 735 3081 6943
30 2921 7689 6123 6481 393 2439 7880 3402 3194 3127 2780 3686 1314 5493 4987 562 5745 9938 3140 2117 3752 9642 6495 3664 5216 7861 3008 277 5738 2507
23 482 8177 4794 548 4214 8193 3291 6421 3411 7278 5169 6449 4019 1948 7682 866 3891 7103 5891 1481 29 1937 1313
26 6781 9166 7031 1779 2933 3177 2221 9719 232 5401 8700 1802 2989 5023 1933 3609 96 3125 7964 1757 5992 5995 2211 5907 5897 6942
28 9392 8447 4808 5511 7481 171 2101 425 5911 1549 7190 4856 7522 5530 9029 7355 2425 9981 7783 9946 2362 9271 2180 6852 4936 9774 5926 7764
25 596 8977 7384 6864 8234 9258 8681 8679 4388 3774 5311 7407 5791 3817 7846 5761 680 66 7994 9998 2128 9028 6404 3645 2532
32 681 1139 5901 4858 4527 8483 9110 1329 1000 9654 8899 567 3095 8591 4633 6670 3920 6166 9877 2270 5393 5927 5463 3732 2081 1922 959 6 8268 3472 5320 6014
40 6198 2636 1113 291 158 6779 5201 2435 9133 9084 7455 4888 8760 7877 4295 4382 918 8378 9552 4723 6175 9122 407 7447 8656 5929 2035 1438 5762 7669 1318 7019 2964 8559 2703 6972 4479 7100 3148 8819
26 1049 3907 873 653 7915 8365 6218 8848 3185 8460 5343 9376 1020 1849 4906 7072 3464 3638 2222 7311 4663 269 1372 1333 9476 2809
33 3592 5030 9224 9033 6073 338 1283 6267 1151 1839 2897 5162 239 2019 3889 1918 8401 9066 4819 6505 4604 6894 6116 1331 7480 4850 9034 455 5985 1327 1369 2456 7911
31 7418 5919 5492 6970 5855 9286 6622 606 2289 4374 6693 6612 6352 3010 8842 2981 5484 9162 9901 7826 8054 4022 9879 5316 1297 5776 6077 7544 5711 9679 3232
25 5046 3902 9592 6410 7158 7668 6299 1412 9415 9690 8602 8623 6574 5018 2923 2465 9672 2576 8444 4505 6660 7968 9544 503 8629
27 7855 89 5797 208 3703 3934 8904 9442 2286 4127 6367 5409 5539 4244 4868 4330 6782 3493 192 3734 6447 2829 836 5930 4678 6787 5921
19 9791 4824 1051 2578 4730 4377 8389 1193 709 1102 5114 9487 8839 5203 1513 4265 3459 8941 9784
37 7678 6891 256 5566 2252 2141 3 9095 1985 320 8718 9622 6547 4025 546 8666 4985 5367 1761 1052 8688 8757 8868 7241 4528 7145 7892 114 6273 8535 6907 7595 6577 5548 5317 2969 2565
34 1999 6319 3932 1890 5051 4867 589 8711 740 9235 4454 2613 261 2680 3167 257 620 8639 1744 7388 8864 5270 6998 7124 5978 8138 8459 5605 6579 453 5678 7841 5851 1954
30 7584 4717 8237 6844 9537 2801 4251 6470 8423 36 8689 2909 2020 6999 5869 1636 7924 5971 7836 303 5003 7497 217 932 787 856 5725 7089 9724 7756
26 8103 405 5528 2169 1855 4597 5925 2771 2322 5090 2685 6426 234 8283 7093 2886 4649 4846 1966 2987 2991 6086 8981 6498 7470 6596
35 7609 7674 1599 5008 6785 1691 9721 4104 3033 1521 7610 3105 4130 8089 1034 7953 4373 1713 5485 5447 7221 913 165 2958 9722 3688 3988 7791 7991 5196 4683 950 6663 6656 6121
29 7704 915 5865 416 7026 3557 8701 4393 6500 8506 5757 5838 9562 2548 6386 6143 8137 5468 7255 5328 2669 6408 1957 4287 4840 8979 5527 2444 2783
31 4996 6284 82 2201 3644 5429 9862 2833 9283 2837 3978 2527 4700 505 8291 5636 1065 5563 2461 3338 2377 6880 8451 1538 7705 5918 4600 282 5473 3006 2217
29 1187 9632 5680 1373 8239 7028 3348 4089 9362 888 5659 7340 1321 2428 2872 169 1977 7547 6381 8570 7446 4816 4342 8729 7717 4580 7951 7435 2556
29 6428 6897 2652 3171 6687 5377 5462 9042 2395 5896 704 93 6329 8832 9249 2610 7941 1489 1456 4453 1741 8571 8331 7160 1202 8252 9517 5635 3422
26 5532 9131 4607 5082 3716 1707 8398 5238 7473 1032 2178 7188 428 3806 8560 7075 1353 255 1156 2543 6733 9422 637 8225 8298 224
29 8523 6980 9942 1670 2954 3954 2049 5868 2919 2946 4835 403 8775 3063 2256 8773 2216 433 890 2347 632 3163 8994 9765 2170 2530 7194 8715 6511
30 5454 5334 5537 2228 8714 3186 1131 1944 9781 5508 5584 7811 1724 6763 5306 9609 815 8599 17 8069 9569 8308 4468 9713 517 196 6153 7156 8195 6546
24 5500 6668 3198 6595 5675 1590 3696 7412 4692 106 9461 8988 5291 9311 4713 3941 5268 9507 4365 4902 2945 8336 7398 6356
29 6507 3169 2874 9695 7694 1862 2305 2085 4391 3804 9356 7347 4478 3777 7703 2124 5834 4424 6786 5884 6946 9226 9357 5785 5184 6052 8880 7837 7165
32 9145 7494 9913 7720 8513 5938 9891 9627 1750 6538 9733 5951 3246 4930 1847 7378 5272 8186 6514 2932 6259 5576 1703 8079 4959 9277 547 6012 2942 3202 4793 5723
27 9685 26 8751 4697 8309 9247 3515 8892 710 7792 3028 5581 7363 3344 7757 1240 3843 8312 3597 5088 5719 5305 2203 7174 1875 3381 3540
28 2854 7914 4989 6681 8727 6643 3625 5748 6523 9087 521 9502 580 8780 7167 6545 367 6288 2592 8156 6020 4220 880 4531 4411 3555 9192 969
34 7642 4634 4390 3765 1737 5525 2918 4298 7356 177 4044 8004 2055 4178 1695 228 1126 9158 5080 2032 9292 3370 3790 6984 8430 5300 8393 9766 368 6573 1079 8236 825 2659
25 8099 3492 7946 1842 6155 7982 2506 2242 117 8668 5701 1919 2130 5187 8139 4623 9671 4202 3550 770 2282 218 7843 6240 2894
23 577 3233 6021 1124 6563 73 7910 5157 1689 5861 4263 6015 9135 4423 9381 4477 8321 5589 7521 4422 5432 4821 2994
24 9141 5801 2698 8134 5207 9937 5436 7327 4642 4500 2408 5782 8796 1088 9046 7999 463 1230 3809 6316 1279 2819 3159 9838
27 3236 839 1816 2693 9732 9385 6411 2908 7866 9936 2541 8349 9737 2595 4376 4546 8436 9430 1453 5648 4493 5627 7961 104 3823 3135 6358
37 3076 3025 7323 1772 404 7482 6395 365 9272 1368 4457 3234 8147 4262 2188 2076 2825 2184 259 2671 2653 8587 6400 6343 5750 1006 2421 1110 6053 5809 2814 4998 9768 2494 6216 7577 9577
37 4852 558 570 7760 1512 8657 108 563 874 2736 1325 4175 2531 1310 8211 6233 2071 7328 3456 2092 3778 8038 9081 861 8601 4328 2740 4509 64 8707 7168 8397 5620 9305 3274 3305 8694
18 9180 3209 7203 4874 9093 9983 9497 6457 6182 5622 8461 1225 7563 8326 6569 749 2400 8228
25 4114 1348 3312 2966 7952 3722 1242 1986 5442 9651 9233 5346 981 6466 2271 2118 2639 148 2742 1332 8354 6903 9176 8112 6149
29 3181 2145 5052 9456 3040 8687 184 5121 2028 6228 1392 2684 2420 7818 1628 2884 1978 5946 9112 5466 5734 5633 378 2904 4791 6969 7066 2611 7021
35 159 3385 2860 8549 7116 5783 6566 9184 685 1730 1248 6672 4456 2877 8185 729 6147 2540 5827 744 5573 9641 5853 7780 1561 2159 7897 3995 1995 8522 6264 1027 1533 1268 7348
35 835 1712 5583 3064 2469 8890 4186 2048 5706 2258 2470 9870 4885 3144 9057 5405 8801 8115 1418 2108 7626 1781 3824 5498 9920 3433 1669 6619 7457 2962 7281 2567 8484 6094 9650
28 7759 5049 288 1152 252 4031 1643 5397 6997 2818 8686 1382 8140 6565 2111 5239 7285 5288 4102 6608 5364 8344 7714 8648 9637 1672 7854 6598
31 8019 929 9761 6242 8790 7359 1009 6436 1423 8917 3545 7082 4344 9068 6388 1719 7733 9426 9551 2453 4372 2700 5807 7971 6047 4536 9374 2427 2261 8932 7134
30 1833 810 747 9384 3536 6794 7468 3565 3603 4266 8350 924 7884 7242 5817 2657 7276 1511 1403 2806 7848 2133 840 3751 6896 6700 1755 3237 1470 4798
29 5724 7845 4093 6731 7338 5105 6230 8993 576 4497 6318 4782 2100 7928 4696 3416 4851 5095 5688 9647 7684 5250 1129 4228 7807 1361 6415 6305 7187
31 8450 9054 7186 6992 9052 9123 2429 8968 2001 3785 59 5420 1405 6780 8925 6701 3458 3512 5958 9676 8113 3438 2250 2214 6059 6397 4412 4256 4875 7652 1154
34 6440 6543 9589 7552 9073 5400 8368 5228 3604 8912 2552 9231 9090 1749 7009 8390 9959 8761 7795 9596 9659 9419 8414 3776 1394 6349 6373 9744 2655 9950 3601 2630 5707 9418
31 6214 6748 4966 6032 9027 941 2745 3724 5700 1647 2705 9043 3251 6510 5716 8279 6414 7702 844 6453 4727 5431 1619 1041 6066 1974 2626 2306 3829 9431 3531
25 2864 687 605 4082 397 2853 4953 2274 1028 5293 9267 51 6178 5808 4614 1886 2290 100 1806 6285 2619 5629 2571 6988 2985
22 306 2442 9394 4004 9762 5821 8325 8476 9216 337 5718 7763 613 2292 246 7716 3497 8192 8043 7050 1350 1766
31 7426 9872 3425 957 5185 5714 3669 7916 1477 4559 1207 7387 2826 2903 1829 2171 2893 6846 982 4737 834 1645 7879 8929 7287 6251 4995 4518 6784 8670 6090
33 436 5608 34 8543 8625 2472 6445 795 939 6919 8588 3055 8145 2148 3812 9709 5038 3093 8905 1989 149 4416 1375 6141 8695 4490 940 2544 3816 2620 5591 3059 8443
29 2922 2805 8786 286 3579 3350 8872 8108 1322 9989 5916 3887 9728 9694 9344 8355 6594 9928 4211 2196 5765 8243 809 4270 6818 2925 1212 6148 9895
26 9688 9104 5195 479 9236 4622 6211 1612 3430 2083 2790 2204 2982 6757 4129 3596 7821 6372 3397 7252 4608 3098 4984 7518 2862 1288
31 4077 7382 1942 7448 1924 9787 9635 5881 1558 1257 738 6554 5883 3275 6205 3651 2064 5822 7243 9375 6918 715 6529 7034 4000 7486 6717 9535 8750 8574 2804
30 3883 2234 612 4807 9797 5942 7724 6961 7442 7607 1420 5772 7202 1349 1172 664 512 270 8867 6905 588 8537 3788 9369 8229 6489 7770 5344 9474 5717
20 395 4474 7992 2168 9428 1515 4483 8943 3454 6849 5072 9666 6758 1815 9805 4981 7655 6587 5033 9307
34 660 2830 7782 8404 1377 2350 6474 16 2479 6313 4046 5968 4795 4396 2050 2355 1128 8015 4045 4551 8475 999 4742 2702 97 8930 4709 3307 9859 9032 12 3796 9687 1445
42 3709 4397 2803 626 8386 3693 191 6871 5129 4909 817 2752 7464 6427 2175 3018 7503 3743 8413 2463 9365 8254 2372 7758 8908 2951 9999 4752 1949 4403 2336 2896 3447 857 5091 1010 1184 9452 6513 7997 1503 2349
30 8440 4338 6796 7918 5721 7979 8118 460 8540 1659 4323 1674 6795 2542 3839 2500 914 5248 3113 7353 6050 4654 9195 6107 5445 1374 814 3074 5375 2895
25 8464 4200 4641 5133 6872 3110 2474 3146 8939 8248 5048 1774 3552 2309 4010 6468 8357 4024 7490 9582 1287 5402 7246 451 7326
33 328 4392 8400 8339 5713 221 6703 2846 4062 4064 7282 4599 5847 9250 1701 2759 3204 4865 5331 7231 8984 4225 7057 5494 3521 1626 7094 3962 2075 5021 2956 5240 3857
36 7849 3636 6227 4246 2793 5973 6857 8130 4436 4231 871 2068 6434 1589 1244 9833 8371 4492 7437 3445 4234 6144 7 6109 1699 2529 8716 4651 9881 2883 5459 575 2911 7422 6246 9914
28 2139 9243 7115 6292 2212 250 3871 8649 9583 4938 5071 2629 7847 199 3629 6484 1413 6119 3639 7829 5814 5286 8763 2483 1119 3421 9152 5193
31 2202 1062 5197 1956 7020 9702 2614 3396 598 7117 9771 2522 7706 4612 9434 5259 8498 6953 7079 3394 7403 2605 2597 3577 8836 7289 8218 8024 4643 3285 6647
27 9670 1965 3123 9454 8072 4983 2394 2728 4647 9178 683 673 1046 842 4035 5616 1355 4971 3469 6281 9450 4366 2197 7801 8928 7537 7456
27 3153 2000 9933 9967 1604 6049 6369 6167 83 9127 6224 4448 1571 8614 9534 2492 7732 1101 3658 7619 1869 7583 6667 8011 3218 9556 8311
33 4322 2795 1205 3701 4957 706 9229 3541 1657 9499 7024 2624 1872 6609 1144 2390 1147 5664 2970 7013 8860 3400 6695 7632 5778 9614 1649 2458 2376 3349 8402 8514 7527
28 1785 2851 4768 4804 8724 7439 6234 1597 1210 8765 8897 610 5784 4193 5142 5768 7043 2464 8650 7681 1848 9377 6798 1464 5486 6164 1627 4171
35 4935 8205 7871 5934 4507 132 319 883 5457 0 8289 8680 739 7036 7275 2686 7620 6448 611 4669 4570 325 444 8684 5979 8863 2102 4255 8672 3041 3467 5849 9971 2215 6061
23 493 2512 3322 7151 4828 9310 168 5781 4988 430 7623 4125 6725 2625 4233 728 5933 7954 6702 5538 7738 5044 7215
34 4616 1746 3501 3201 7867 1681 2218 7259 515 1229 9533 6244 2477 5502 1118 3794 832 6323 3013 3004 6297 7945 2074 4075 4036 8803 978 79 1786 172 4872 2386 2288 7207
27 1717 4065 9858 5703 7575 2166 6966 4183 6280 1725 8532 7598 9006 5900 5222 7776 4120 3894 1094 6904 5419 646 6067 3750 2031 2902 7965
32 5160 5383 3316 8530 8833 1854 383 6361 8005 5878 3784 4241 21 5451 5230 30 604 1858 6877 3432 5986 3689 8818 7517 9778 1705 8986 1801 6442 6038 3188 2661
34 2772 9443 27 2604 5585 4567 435 1904 6186 3078 301 5804 3525 7159 830 2929 6315 2596 4056 8563 631 776 4626 8071 5961 579 312 18 7647 47 9927 1106 341 7947
41 1666 9988 3496 8183 4994 6294 3149 7699 8027 8584 3036 8575 2775 7185 9975 9898 6854 8914 9380 8274 2320 203 3637 9089 2262 4845 8975 9598 386 4438 471 1502 5139 3077 7646 5656 2848 7921 4586 2155 4361
34 4764 3756 2890 1060 3482 7016 6551 8417 6393 5163 3100 7415 3825 353 4440 9464 7104 6114 4617 7233 4351 6223 6653 5775 4968 3691 1506 8030 6560 6771 754 5294 7907 4188
37 5254 5465 1568 8568 3551 5245 1140 1600 5079 3103 6727 7988 7670 3986 4401 384 6137 4943 5191 4149 7500 4482 381 3378 7095 1528 3270 5715 614 5009 8241 2731 5936 262 4461 2099 647
18 7653 7331 6102 7429 3819 2125 9400 6802 6045 1376 2941 2190 9977 8554 1634 3354 4811 8479
32 9488 7394 3811 1462 343 7296 8292 4589 6648 5811 8769 9655 831 7265 4139 8990 5924 4836 1845 2754 9337 1116 5271 897 2079 2063 9025 5882 2915 1540 3918 7936
28 9696 2069 665 8733 3099 3380 5 5860 1095 3114 9350 7800 5070 7071 5281 8616 5063 9902 8597 9252 8313 2723 4886 349 9099 7178 8887 3913
30 8039 4759 8983 7222 8053 4286 9708 690 91 3513 9059 7927 8369 5974 8035 6026 4098 9232 101 1803 4464 3964 4203 748 7465 5261 9828 8743 3580 3107
13 6042 9777 6658 147 8493 594 6698 1617 6203 1881 7362 7820 9982
22 9820 446 1614 8120 4152 1441 703 7406 2027 2233 3802 7950 6862 2935 8348 2741 4606 146 5824 3022 197 439
36 6975 2223 2241 9591 7219 3051 9242 8257 8178 7441 4672 4745 4185 5355 3340 9919 4565 6145 3926 7171 9483 2387 3567 3837 4240 3043 2692 583 1351 1710 7113 5593 8916 4594 3554 900
32 9888 554 8919 1976 2482 5857 3610 9329 8645 7680 5068 8025 2030 4667 4511 954 7696 3801 1517 4434 6621 1495 299 1362 7092 6662 8010 5016 8343 8846 1601 3227
32 9246 1387 5113 6475 9836 3746 8594 8050 5446 7054 6309 5694 4952 8915 5504 2845 3401 8223 8362 9617 8148 1673 9409 179 1164 7293 6131 3977 2383 2778 5549 694
31 7828 5552 1014 2293 6826 1861 4316 310 7549 8691 153 2869 4146 222 7834 1 8171 1732 535 4780 2676 6803 7786 9234 347 876 8738 1447 8708 5491 4890
22 9814 78 816 7096 487 8438 4156 956 4350 3821 980 7484 9812 5106 7404 2187 2043 6834 315 4907 8810 4516
23 5917 3735 1197 9640 8933 7751 8182 4446 1797 6483 9411 2287 4335 8370 9387 6611 2564 3852 8021 1979 4039 9573 3375
25 2672 5388 8740 5345 2343 2815 2673 9909 4048 3532 6210 6183 5909 5265 3674 7218 8119 1684 8838 6799 6339 566 2329 4978 4625
27 3562 1339 667 4476 1239 6710 6990 456 9182 7748 3989 4833 1920 5767 8787 5943 1598 733 9262 5422 3690 2726 6222 287 8539 6142 8465
19 9740 6868 5796 9571 7078 5413 9593 7983 3241 6129 5122 4756 2727 5743 3862 374 1378 3930 3196
30 9075 6890 1909 8699 3139 5318 5177 2281 5407 8013 4684 9993 8448 4368 3301 2181 1286 3749 6019 9062 2210 7224 8202 9865 9572 3687 6901 8409 2789 9138
34 2209 7574 6770 5846 9366 2430 3001 7870 996 1370 431 363 1971 6191 7377 3635 3129 4054 3869 1379 5087 6023 725 7274 8998 9108 2503 3426 3352 3588 6534 6654 7772 824
40 1893 2140 2253 4887 3019 1340 9395 6312 9798 4736 3791 5064 2122 8573 2900 8189 7587 7975 9846 761 122 2816 9656 7920 4013 712 4121 7754 8542 5032 4947 4352 9003 3758 4268 6269 3366 696 6320 2936
38 2713 4115 8590 8781 1196 2365 4091 7060 8693 9856 9494 9391 2961 5570 8723 7401 7390 6856 7284 6651 3494 2495 5691 8722 6996 2549 8480 4725 5061 1775 5321 3673 1061 9221 5110 6266 8959 6835
30 2378 2182 6610 3782 2836 6928 3172 2295 901 2973 475 8135 775 2432 3884 354 9480 3789 3200 8014 4848 9205 5408 113 4319 9686 9064 8290 4345 3038
33 6613 6001 5941 8870 7475 6402 504 745 6300 4348 9808 6572 9889 833 9815 5412 7525 4689 7596 6024 7236 9867 72 7640 4563 2934 7868 7970 9767 6952 2007 7272 4275
27 6340 5898 7408 9599 2136 8249 7142 6226 361 2419 248 6195 8300 9016 5111 3178 4216 9333 6391 6548 8622 3713 6435 4111 6843 8395 9837
30 2849 94 1134 5209 2005 128 928 7430 2346 6128 8791 5887 5053 1307 8593 545 5803 6646 3321 3096 131 1047 2798 3594 5893 8853 7055 3614 4297 8105
30 9031 5756 170 4718 780 220 1300 7239 8991 5353 1245 5596 7597 7423 2606 6878 4312 5956 6527 4854 4245 364 622 3861 1500 3141 8953 2105 5950 3633
26 8097 8579 1148 3992 8277 2642 6112 4566 1354 9976 6586 1069 1960 3795 8661 8826 7056 92 157 6048 2690 8405 2471 634 9947 8270
33 8090 2091 476 6879 656 2649 2916 1505 4655 9097 8627 8238 5856 4460 452 8391 3879 8558 2730 382 3942 2632 6743 5067 7932 241 9922 3561 506 7697 977 5988 2367
29 7138 3491 7545 2711 7648 2573 3620 4309 8293 5682 2057 4657 9116 3314 5852 5497 1856 3461 6807 7292 1931 2566 3066 2328 1022 6377 1255 3072 1522
37 23 7708 7723 1055 5619 3158 8123 472 4665 4822 6238 564 1401 2704 6100 6714 887 4645 3359 1656 1565 9512 2827 1902 118 7862 6355 4362 9069 7048 1594 8555 3015 9900 1105 561 5517
33 3511 9129 779 4777 1969 289 3272 4395 141 8458 8150 9327 2011 6674 7785 4343 4177 7033 6134 6851 5531 9570 8198 2045 4939 8340 9819 2866 7938 2999 7850 4707 8194
29 3612 9625 7650 2873 5348 2920 4076 4083 7743 9420 219 9921 799 8509 7586 9290 3213 7438 2321 8457 5858 6923 7535 7551 7711 4877 4698 1651 519
36 6261 6603 4581 9459 6416 1964 5333 6150 4529 4248 6618 9745 6740 4638 1011 7942 7300 5579 6836 3437 7081 8333 2663 1073 7410 9701 829 458 963 9508 1731 4150 44 3938 8770 730
21 144 9120 4472 4101 778 334 7288 7088 8373 398 3945 9364 5017 5665 8955 1393 1396 9916 6955 849 4901
38 8220 7735 5387 7625 1639 1693 2986 822 933 359 3020 5913 2010 7199 7102 9325 9796 1221 9405 6124 8495 9611 6571 1901 5004 9132 7736 821 459 6335 4291 1939 1237 1181 205 8895 4832 3106
25 6096 8980 5247 5153 9559 7541 5739 8488 8000 1427 1694 1044 6945 8837 7514 7433 7141 7211 8531 8382 4620 2927 5787 3872 7471
19 3339 8778 3278 4314 2298 8798 3398 161 3508 2889 772 1463 2093 882 3931 2213 2016 511 531
28 9257 6152 1745 2755 5598 5224 3281 9183 3299 5969 3675 189 8426 1480 1702 8403 853 3357 9210 5792 9657 752 7463 3979 6633 518 655 9882
30 5955 8504 4922 5467 7864 1275 6869 5244 8251 2097 7875 1493 8222 5972 7564 1013 762 3046 9706 8671 3976 5722 8163 5337 5276 1798 1891 4771 6730 3082
23 4503 9699 4249 1644 5148 2770 8478 1012 3480 1419 4582 2080 6502 7184 226 2598 9801 154 206 1475 6506 2041 582
19 9213 9992 1556 6720 5940 9549 6359 8441 174 8528 1726 7630 9036 2926 7319 1484 4037 9204 1793
30 7984 1492 2198 8678 1751 4896 2186 1776 2868 8418 6616 1411 4110 1620 110 1121 5100 391 7450 2299 244 9779 9644 4508 5888 3538 8802 9018 7533 9343
36 6424 2163 4466 3302 8885 4455 7149 2334 3130 4792 6033 3797 2052 3315 7645 9228 5108 5219 6337 3003 198 9852 992 5267 1356 1328 5217 7987 3219 2667 2088 4026 2776 2807 212 419
23 684 4307 902 7038 7664 4079 6711 4945 38 6581 292 9466 7532 1885 9177 6345 3641 7193 2455 6848 4571 8110 9841
30 9997 3391 3755 15 5351 4313 5296 9393 1258 4524 7163 615 8131 332 4519 8813 1171 1783 8847 884 6528 6736 3965 7454 2363 9306 8582 3607 852 4512
27 993 1035 9646 6407 5744 8500 3558 8463 5183 8296 5438 507 2660 2307 5389 5640 8301 1987 5663 5120 7644 8060 9293 3138 6157 3517 8385
36 3190 625 6347 5557 6597 3867 4311 4442 4050 4553 4282 9451 6535 266 8652 2943 2651 644 1709 5998 5993 6399 6544 3368 9547 9616 5982 3971 2792 705 4861 9048 6704 3547 6533 7805
26 3039 5832 8080 6322 2236 4015 3489 8562 4435 2121 9844 1936 6850 4496 6592 9004 6317 2454 8117 9244 4380 3652 5470 4419 2587 6422
21 7639 1365 3264 9785 1917 87 3304 2513 8345 7321 6841 4538 3853 6087 9711 7182 3112 7508 3197 4897 2850
30 7833 152 3877 910 1021 4660 3455 3323 682 9238 2129 8646 6978 1174 8055 8191 559 6439 6334 7428 2319 3428 5676 3874 5172 4485 6593 6737 1665 4977
23 7318 5057 6910 8624 489 8889 3298 8159 584 8278 4578 4761 585 4406 2521 7040 7027 7266 4537 2177 4695 2585 2107
29 9692 5740 5914 1983 9492 1818 2841 1076 9462 7842 5610 3479 8214 1182 4918 2225 7737 6607 5614 8028 6346 9198 4012 8606 5559 9869 5609 9991 2504
30 3815 7337 5213 7380 216 851 1810 6185 2260 4157 6380 4207 1828 6054 3466 7507 4928 483 9521 6342 3165 1018 9652 186 3311 7731 3663 4437 7775 4789
28 7576 3268 357 6520 1487 5218 1821 9220 1326 3850 5830 2404 7005 5132 557 3250 2821 2714 5755 1246 3773 8380 9275 4932 8104 6181 2094 2786
28 8172 8896 9718 7358 5886 3122 6389 5312 5793 8437 916 2817 9207 5732 984 14 6079 4894 3485 5572 1324 3864 4209 9680 808 4196 5747 5991
28 2822 2993 6330 9441 5794 8324 4560 5251 3283 2608 9172 3882 6277 9368 5440 3147 6060 3923 2300 2326 4378 2226 6649 5989 6900 342 2443 1947
33 5634 9714 8669 5595 8481 1863 6556 2747 555 5188 5302 2917 9289 4247 4900 8213 3364 2852 4100 5874 3502 2165 7701 7271 1114 9119 3916 3924 5430 573 1295 6390 9802
35 820 9282 5564 8717 3671 7721 1203 7526 8911 1525 5189 3846 1320 8231 2077 903 8960 7808 7573 4301 3915 5421 5283 9000 7913 8962 8772 6478 2269 9505 4923 9607 2561 411 9932
34 7590 4611 1660 4805 1415 3640 9678 9725 1253 5935 7672 4882 8294 6010 1553 920 1054 2315 1383 440 4498 7420 9245 7391 6089 8719 5560 8203 5996 661 9342 2828 6008 960
24 2734 8946 8246 7335 9899 9096 4588 9153 8677 1206 2276 6772 4862 9810 3325 2246 8612 7571 4206 2612 5571 3717 121 3767
40 9742 4974 8044 1768 1186 7351 3702 4165 1004 5670 9880 8154 6715 9056 1867 8859 6398 7893 9876 2695 193 5394 3535 3327 6120 1743 7023 6789 9603 8449 4267 6986 5677 2953 6325 6068 5780 9296 1946 8799
42 9215 8644 9435 6168 4910 9515 6519 9491 3905 619 3608 7037 7131 1908 9279 2683 4779 1853 7238 2753 1876 3939 2364 1906 759 1426 5920 1026 8473 1078 2905 4296 7440 6832 2796 9353 7166 9398 2487 448 2907 8216
22 9447 678 2840 1683 9575 1358 8901 6180 46 807 2515 7469 6840 1857 4176 3542 8965 5101 1958 9705 6650 8387
29 3247 5326 3533 7235 9227 2906 5308 2301 1132 9051 3507 8142 8489 1664 2006 9630 5487 7635 8304 2665 9749 4863 1180 1208 1019 2588 7197 4552 7315
29 4796 5545 676 8828 2774 2039 4055 943 3362 4281 322 5330 1294 9736 7831 2739 1135 418 2245 9775 423 5558 9903 6103 7600 4593 692 8032 8830
32 3361 7793 4632 1192 593 979 3091 1735 8728 5404 3685 5015 1838 2581 9588 2283 536 1523 7064 7283 6004 6458 3624 5358 6745 7477 9134 4940 9968 6810 8631 4712
33 3611 2583 3659 3903 4788 8754 6057 2562 1602 7046 3336 4201 1228 3035 4212 9871 1308 4815 3571 4070 755 1970 4439 4308 296 7128 8045 7524 6688 8081 1404 6639 6088
18 6956 3681 7815 8318 9809 1436 3065 1830 8288 3000 6158 7444 9536 2360 8174 2498 9071 2594
31 9053 5876 6557 7030 5889 6620 7416 3292 2137 7436 5368 4356 313 868 8047 6773 6460 1929 7237 877 6624 3897 5733 7127 2650 160 8985 1877 3451 2059 9094
36 9887 8152 6600 9984 9956 896 9251 4250 6876 9055 9864 2266 4550 7483 5235 6860 5028 7062 7771 2502 2370 2534 3646 8490 2278 6518 5081 1591 6467 3450 1449 3800 5681 4184 3504 2980
27 336 7922 477 7798 7147 4221 9675 565 290 5763 39 5488 6098 2967 5540 7889 3549 9566 6193 8822 4920 4173 4449 8811 1686 8768 4418
24 691 9756 4394 2835 4489 1880 3944 4128 7909 9209 2445 9174 5098 7550 6645 162 1658 8427 2046 2275 2834 8068 8314 4300
27 8598 3145 5939 9382 8746 8111 2950 5010 7661 6069 2924 8630 4488 568 5001 6884 3293 6058 7933 6239 2065 6366 3168 4954 2143 6524 5551
30 6808 5529 3694 3405 7488 2058 662 2194 5496 7432 8552 6882 4855 5356 1496 2407 5816 7797 9663 4253 4484 3842 8660 616 990 2249 9410 8307 9212 4331
30 526 8709 2517 2550 4951 2526 1421 8074 6746 2018 4628 1787 6188 9187 6174 3389 9312 5746 4740 7881 8116 7959 3217 5339 5190 4210 4884 5650 8412 9995
22 9960 8406 6677 1795 5542 930 9407 6562 1302 648 4375 6375 3963 8942 8411 9945 3045 1266 1607 5284 7690 722
33 2086 1491 4710 3412 1016 3556 134 7111 9883 54 8755 9458 2724 8094 7663 2056 6418 1195 3085 2484 348 9396 9574 6031 8467 1782 8188 4459 1576 7604 2380 8978 4539
31 1808 4904 1826 5952 3950 571 721 3346 3195 5512 2313 9363 6085 4547 6187 4603 4417 1662 112 9653 2174 3395 7504 2356 2486 6455 4615 4532 5256 8114 3748
30 5535 188 4917 4084 422 7769 6676 1784 1039 358 7352 4544 3277 5828 8721 3390 1892 9668 6539 9776 5825 8827 4853 7452 4336 2025 7280 7413 2516 9383
31 4830 7781 4765 2940 2930 7467 4315 8264 4521 5879 9203 6138 8215 7032 642 9072 8066 4310 756 6106 9532 6194 6679 7902 823 7411 8100 8516 9045 3868 7417
34 3581 6683 2648 3128 8949 9130 3919 1715 8001 4370 3813 5329 7935 6272 539 7491 3068 2047 6127 19 329 727 9061 3947 441 2294 1790 8788 426 9001 9388 6680 9555 1363
32 2098 3384 4754 2351 3851 1961 1804 1932 8569 4017 1980 9835 1290 5501 2802 2761 6555 6333 2002 8664 7451 1031 1183 9557 1943 6490 7741 8374 7424 2481 1991 7162
19 8057 1807 2715 61 6983 4976 1149 4880 3798 7989 6696 214 3222 9124 4381 2273 4135 3642 3818
30 3660 2855 8445 837 243 7580 5975 1532 8260 7039 872 7509 9060 7310 8210 8425 7210 6839 9530 488 8888 4409 3374 4105 5660 235 5536 2008 4605 6898
22 4671 9039 229 9848 3780 1127 5301 1002 1524 527 4428 4919 2984 5332 6232 6270 9085 6243 6694 2718 4962 4014
26 3440 1472 8502 1938 5908 3471 6756 3150 2147 7865 9147 6331 793 9309 1261 623 264 4299 5697 3294 1162 542 5649 3478 9613 5644
31 8654 8851 6151 4458 3575 2244 7161 1417 1422 5910 9489 8381 1222 6793 848 9793 9372 55 7114 5590 955 6353 4668 1696 885 442 3936 574 1397 5666 7368
31 4506 333 5959 1466 9211 9037 4169 4068 3781 5031 1562 541 3297 3904 5843 8857 8861 7172 324 5899 6788 7070 9341 9319 6801 6828 4619 8167 7885 6480 6173
21 1752 271 4535 9568 3854 6212 2794 8377 2832 2788 9067 3484 7400 1482 522 9355 4618 6314 7956 1687 1638
28 5266 5336 2399 3005 9751 4933 8992 2489 3745 9854 5425 323 1622 7536 6590 2647 8352 4601 2617 3470 1736 3193 4475 8997 137 5085 3226 3279
27 7633 8653 7937 9288 1398 6341 2687 6215 9949 9760 4136 9300 6378 7247 3728 7832 5630 3087 3626 4155 4681 2712 3406 5586 9615 9161 6441
34 2600 3590 6392 2152 6493 4587 1293 5138 8462 9425 4679 8358 790 4941 9855 907 3449 533 1504 4276 5026 5246 4787 2259 9840 9638 2392 7977 4108 7923 4841 3101 1315 8753
34 4172 8725 3922 3772 6889 4219 7232 1430 7381 9439 6738 1888 4630 3648 1431 7209 3506 686 997 7554 9769 412 1721 9264 3574 3319 1884 8735 410 5753 2618 6308 3970 1738
27 2146 4166 2914 1178 2744 3090 473 1269 4823 1630 8007 7493 6629 7778 5541 9674 5242 5628 1284 3483 5845 1928 119 5361 4871 2518 7414
25 7080 3516 750 3258 6664 7485 5705 5769 2255 1585 7919 643 9673 633 4686 8767 6605 4781 1945 8576 5615 7788 7029 1150 9163
28 9111 2156 377 5673 7297 3833 429 3733 5949 4639 8375 9665 6912 9339 6412 2699 369 6365 8497 4610 6104 6739 1471 1201 9379 7339 8918 6496
24 4006 1024 3680 5726 5323 311 7981 3429 6037 6606 2577 6665 5800 5443 9734 5252 905 4706 8367 9834 4613 5398 8317 3386
40 2820 1408 9727 4662 7566 60 4734 8920 9240 5168 5749 9677 1371 5417 123 7077 4218 1145 6433 3108 318 7189 1213 8720 326 1190 4879 3372 3282 4491 9578 5025 5449 7498 9610 5232 8485 4688 3583 6906
22 3860 2858 5815 5109 7707 8285 9546 2318 258 781 1621 3446 9098 7615 6526 9171 4558 520 607 860 75 6405
27 9328 5325 9038 6655 3598 6509 5298 791 8564 4145 9885 8258 5350 6072 4027 1169 3056 1216 6383 3206 1455 3498 9576 8363 8583 7540 6091
32 773 726 8948 4797 736 6464 8726 4942 2536 6902 3481 6263 8794 1564 4990 6176 1416 5692 1450 3244 1334 1569 2162 5155 516 8782 103 9748 2719 8351 9510 9478
24 8927 4757 6363 1264 9753 4363 5547 5352 7312 965 3969 707 699 3084 9082 1454 1518 5859 6960 7978 8945 9697 9481 6632
31 5324 4259 457 7279 5182 7065 3803 9851 6084 4443 1214 7589 9185 5073 376 989 95 8095 4043 5385 5444 8662 3792 6219 7389 3224 2510 6783 5161 9100 1648
24 8971 6046 9219 7253 1217 9619 6690 6800 2373 5786 9681 1457 5179 5458 2449 7434 3980 9065 1718 4008 7852 5621 3957 4364
32 4107 7047 3827 9735 5990 1770 6409 1688 2725 3229 5661 3356 1262 2944 4332 8329 6861 3576 8758 3602 6122 9682 9013 3699 695 1254 9170 3157 587 8416 5042 6202
19 9506 2524 9806 6225 8628 4021 8931 5292 1490 1176 8886 9326 4094 9026 4324 9972 1357 543 6022
25 156 3265 2607 5984 5475 7611 7698 2965 1913 7176 5671 3320 2878 4379 5848 5379 7012 1409 2070 1497 4631 5257 4866 126 9700
24 1711 1386 1130 8903 1675 304 1575 5474 2558 5904 986 6915 1029 2888 5806 1941 5039 3838 1112 77 4746 371 3810 7010
21 8346 1896 2297 5967 1285 9612 9076 2768 4096 1093 6859 7405 4341 3886 4648 8233 3276 7634 3097 4463 7399
36 5798 5944 8592 8415 6237 8697 3347 7201 4621 107 4385 3037 7316 1007 2132 400 8206 1168 7873 6735 6591 5820 5672 8098 9102 3223 1086 6241 5234 8633 7659 4783 7683 344 9987 3474
22 8745 3518 784 9315 3528 9092 8455 1142 8667 3408 2988 4441 2641 3526 6101 9301 9524 4646 6532 3308 3697 4635
30 5354 4122 1560 6766 6105 2391 8873 6286 8603 1792 2763 753 1074 7766 4383 9118 9156 9896 1624 1157 3900 8779 3710 9912 8244 8305 480 3808 85 5255
36 5455 7148 7511 417 5134 7173 4067 3844 6459 2746 9437 4929 9908 5592 7059 1650 3360 6082 700 4534 1611 155 366 9691 3994 4790 464 859 7520 5173 7730 20 7553 7123 9404 5269
18 1025 164 6274 7958 116 6809 9707 3672 6530 3189 7627 4675 4912 8136 7192 2881 5915 1791
30 2765 8472 1531 4944 6767 4514 2937 2735 5124 1825 8144 7860 3034 4883 9021 7225 9511 3252 7314 3566 2688 6126 5341 3510 714 2257 7164 9894 9403 9354
24 1141 7216 7343 8049 6262 1680 6368 8512 2675 838 3220 6827 2402 6853 3475 2438 5363 983 6909 9788 6360 6029 5374 2528
29 5751 7752 4001 2167 6452 2238 6550 9186 1082 2062 3434 3134 4081 3759 5075 6692 1887 8031 8999 9525 9624 3539 9105 1850 8785 9493 346 2812 7371
35 4661 5206 7230 273 8950 1080 309 167 9165 9324 3770 1555 9842 7097 4223 7939 2004 99 1584 1640 4404 6967 6083 7479 8379 2602 2112 867 5902 7073 3958 7004 4585 8096 124
28 9351 5837 3991 4802 7011 6374 2756 5574 9484 8421 7299 3205 2654 9979 5603 3834 4471 3657 9077 8804 2164 5607 8102 1479 1527 105 9710 7908
30 2717 4473 701 2265 9940 1123 8204 1160 1342 3182 6652 7045 1256 9007 4470 1950 424 7710 8525 6641 1296 4333 5414 767 9550 2199 5221 9291 5928 3116
25 102 3119 7251 9773 3443 408 7675 1777 1259 9839 3228 1091 3896 6521 5567 8866 7825 1388 6071 948 6169 6883 6564 2668 5823
27 9058 934 7132 9361 6093 4415 432 5912 7110 2179 4432 987 5382 3262 413 865 4402 4410 514 9553 7372 8075 3848 2706 6732 1990 6172
28 187 671 8299 5147 2335 2777 3044 7890 3951 5151 7667 6634 9495 7993 3546 9780 6213 4161 3054 9996 5495 1366 8303 1084 7140 5657 2976 8744
38 8546 8698 6791 4878 4400 2971 9884 5658 7191 9540 3335 2674 7891 7755 7304 1545 5514 5906 7370 3982 1870 32 4090 8764 6469 495 847 9449 5089 3841 1800 4584 3946 2311 240 9860 6065 819
34 8085 8267 7883 3235 6463 4252 4302 6419 466 1433 4334 8347 1045 2891 6582 858 6450 645 985 7495 4269 6420 6108 2865 1108 2072 2694 5728 6713 6293 4762 1697 9847 1177
28 5014 3878 3383 5258 1429 3050 8663 7773 2359 9485 2232 6522 2538 5175 3415 4258 635 9564 923 5617 1903 3718 1910 9541 3935 7263 1235 4690
27 6197 8995 5077 3618 5553 5632 3410 7383 841 6764 6162 8518 4413 1249 4288 8926 8626 3365 5625 7101 5686 485 7602 5764 2308 5813 6017
27 138 6635 6623 8834 84 3131 7949 1097 9222 3616 3343 7155 3822 4653 4405 7685 5866 988 1432 6886 3257 7858 5685 5231 5948 6133 3595
30 5555 8063 9397 2912 4126 9961 22 5159 420 1218 3379 8815 3174 3094 5093 7588 4213 6321 307 2127 2773 3032 2621 3133 8742 6797 3328 6189 8619 3529
25 1179 8545 7006 2767 2339 7249 7679 4452 2843 7745 1304 3166 5024 2114 7853 4109 3895 6724 2839 3615 5145 7966 3589 3062 946
25 3763 9565 80 2337 1098 6531 3975 5282 5905 510 7007 2682 6895 2327 716 595 6938 967 1008 4755 6825 5437 7090 2523 2451
26 9957 8835 1038 4715 5448 2024 3332 4562 9818 9792 6406 3684 5730 4103 1613 8016 7373 1273 7548 4222 6503 9080 1446 120 5562 3570
28 4189 7822 9662 7313 5903 5472 7579 8936 4053 9803 9467 6328 5278 2230 9545 5894 5450 8759 3007 268 9639 8527 732 6324 7746 6011 3173 8265
26 3875 8551 9561 6092 9128 2570 627 2353 1677 9121 4948 3741 4174 9280 9359 7146 2508 6384 7206 2460 9230 9905 4061 4271 2371 3876
25 8232 7421 8356 6504 8494 6036 2433 2331 76 9278 7112 1137 9794 1173 2972 3754 351 9143 1714 7726 2968 9786 5007 9941 233
23 5524 3452 7613 4279 5516 9263 4181 8957 1899 6914 7346 6282 938 379 2697 3738 5892 6855 1546 7119 2709 5054 98
24 5262 1276 5126 2375 7629 3069 9917 71 1303 9334 8124 6742 917 3650 8221 6958 9985 3736 7501 1930 8197 6804 6301 2423
30 9581 207 2417 7606 7042 3707 4486 8572 9990 230 7955 878 4869 5309 6508 7126 7307 2975 4321 912 9726 6035 1765 843 1975 5275 2737 6755 4097 1851
33 4543 7487 9115 4817 679 8783 4229 609 2316 909 2014 7058 183 7591 5154 1955 6558 6549 1510 8474 3309 8809 1827 5599 1682 7810 3120 1071 6332 7934 1678 8964 8909
31 9106 8207 2766 3656 5115 9273 4123 8439 5102 7621 2637 2310 9954 6559 7660 4095 5647 140 2110 388 2997 8703 2871 7565 5788 2764 4242 8935 447 8636 9604
21 2037 919 4304 1998 2247 1306 4831 3280 70 4140 7990 210 2034 8429 8674 3793 1514 9623 8287 2559 4517
24 7136 9475 6778 2304 7637 8006 7872 6295 8517 74 6385 1309 6893 9628 5347 3568 8762 5758 4555 3261 1043 3725 5712 9827
25 3757 7180 7974 4889 7651 1389 2520 7973 8807 1535 8713 461 6199 864 5754 9142 7512 9022 8247 3369 8037 4339 8879 7063 2678
33 6950 5136 766 1100 7295 1758 9816 6753 5307 9825 4975 3667 8620 3242 9314 5390 4306 4290 4284 1873 1894 3677 9595 4800 4946 6487 4357 5094 401 8739 717 5285 7460
27 6933 602 4650 9621 8884 995 4785 8106 4430 6728 2811 4598 5727 1536 4955 2568 9567 6039 6110 7269 7301 7342 6002 2844 9423 9444 8132
23 6985 6446 9044 6584 5523 373 9412 9857 3180 7700 5880 3805 1789 8259 6957 7905 2302 3948 4360 4274 2431 3436 4659
21 7183 6925 1822 5867 9254 7472 4132 7882 7739 1161 3960 2227 650 9005 9516 3768 2160 1115 6327 4548 6413
25 9159 1037 5997 1053 7375 5759 8737 380 6472 4577 1526 5304 7108 5200 4113 3814 9297 5554 8209 9146 10 6867 3993 501 2582
18 6430 9470 5005 1238 1243 8505 4748 639 1819 6078 4711 3342 657 4744 4029 9181 3239 592
22 1996 4958 5290 2546 494 6009 4738 6759 6792 2750 4445 1384 2366 5684 7827 8706 7895 7306 3940 1690 4235 5065
33 586 4078 4937 3953 6099 5376 7561 6160 6675 3215 6044 6741 5214 3786 1122 4525 9560 1338 285 9125 3593 9813 8987 181 396 4257 7478 6159 8816 7049 7899 5273 7502
27 3249 8566 1860 854 9606 9304 7980 5587 1754 6951 7298 3441 4230 4609 7624 7940 6081 8101 2875 4510 9023 1015 9113 4590 5736 6371 1778
28 2995 9284 1520 9079 8273 4834 9268 630 385 2061 194 392 974 1166 3721 1170 8621 904 6962 1763 508 1844 9313 3358 9631 2448 1399 265
26 9861 5156 4 5826 9629 7393 525 7068 7130 8883 4148 6540 8610 5479 5199 5212 9465 3031 875 742 6642 723 6917 5359 3729 6842
36 2823 4766 3027 6005 35 7022 3858 2207 1668 991 7122 2426 223 8938 2017 805 125 2551 1507 7556 3409 5810 5060 8947 4305 8212 8359 9602 1509 5795 4540 2291 4685 5365 870 7559
26 2446 7662 4573 4629 4408 33 1299 8541 6163 3865 9910 7802 5840 7258 3477 6706 1341 4842 6875 3245 9468 4682 1001 1298 5208 6491
29 1805 40 3855 6278 2144 2644 6752 5396 7777 9531 4774 9490 9 6362 2060 9050 8190 9528 5043 1625 6734 2208 6165 3564 142 1232 283 7341 973
33 6599 4753 1036 7397 7744 6117 2036 5522 5435 5170 1836 8638 1603 4691 4293 3955 406 9453 9047 4843 6326 7357 1582 1478 4741 4138 9863 6311 9542 9579 3092 3057 6537
32 182 5668 69 9139 3949 4117 7291 8808 3286 1557 3631 331 3983 4814 8843 3740 6939 370 1652 7262 279 7041 4849 37 2491 4927 1874 2751 7121 1316 9463 5507
30 8424 4303 3911 4238 1704 961 4636 5742 4190 2243 4564 4425 6063 213 9196 9935 1567 6438 9587 6512 8705 6034 1722 1951 1209 7930 3457 6235 6051 4964
35 3155 5482 4151 785 8937 1064 4003 4898 3431 5699 5533 6310 249 9763 5720 1530 1063 5378 6204 2341 9017 8491 7350 524 4991 2545 5391 486 1323 7903 8683 2957 2388 470 1199
20 3519 5476 5478 3267 5022 8067 4215 947 4317 5594 7067 5165 9746 5264 469 2284 1227 7322 7270 7555
30 9191 9822 8143 2396 5895 8766 1923 971 4069 800 2525 1676 7709 7906 2040 4583 2342 7844 9448 3463 3662 6306 2411 3885 7506 9911 4450 6074 7608 9154
20 2591 2574 1344 4272 7727 2857 3303 5428 6829 6156 3973 4451 4899 31 6028 3840 3048 1637 9770 2103
25 2150 9336 3914 8875 2748 5639 9457 9853 5510 204 6344 7305 2547 3606 6813 6253 1406 8109 4838 9140 4656 4763 4143 3522 2493
22 5679 2038 6258 850 2640 5456 3486 4694 3011 2219 2910 8396 2662 4041 765 1912 9399 11 2533 2268 7817 7718
34 4099 5653 3698 5128 3762 185 771 7392 1882 2511 1459 3199 9389 3495 4676 8175 4970 7912 4847 5931 9965 9519 2831 6196 5932 2374 5709 3706 1281 7618 889 6921 8164 6626
32 7851 7643 5069 2042 7957 2195 8046 2138 9585 4264 9308 6276 5976 670 6820 5327 9035 8605 143 9712 4280 9421 5643 8029 5340 7445 3208 6838 4820 127 7261 5107
27 8315 1204 2135 3520 1360 7466 133 7157 855 6908 1840 1050 4059 6525 827 9225 9503 1017 3154 4369 8533 7617 253 3355 1270 8360 7917
37 1539 7794 9157 7395 4195 3764 663 8162 6348 6971 1852 9173 6989 3705 3061 5152 2220 9716 4080 2475 6726 5205 1940 8 7874 797 3910 7998 640 5521 3111 2398 1728 8165 3719 2781 845
31 1641 3353 8730 1424 1247 4480 7109 2003 8651 8756 8454 308 2797 8641 7812 5035 636 6927 7150 3961 4893 8023 6777 9944 6568 7799 1347 2345 1211 3952 7264
21 9832 90 314 7015 899 3847 7317 1120 1469 414 8082 478 4924 5194 8361 3627 4961 6821 6542 9782 2480
28 804 862 7569 7929 5127 9755 9175 3582 6000 949 6744 2722 111 300 6716 7053 5841 9471 4911 3052 8580 6805 708 5575 8685 5582 7008 5227
29 3363 9440 7715 1631 9943 4950 8793 1767 5395 7612 2185 4414 5662 4596 8419 7208 2317 9086 9605 8388 5452 3070 4993 1685 892 9731 2634 2296 9558
23 1579 9360 8383 8286 3534 3744 813 9302 4722 572 8486 8878 1023 2153 8332 9414 1914 3747 3967 1586 8893 2879 9741
36 8849 9543 5370 4236 3679 8166 9772 2239 3118 1236 970 8924 9939 5384 135 4124 741 2397 1460 9739 2082 2424 4074 9931 6462 802 9830 7622 5037 8269 5980 9758 4624 8520 467 7631
31 8033 327 474 1407 7543 9590 2468 7790 402 5637 2161 718 3548 3622 6486 1483 3377 1458 3137 180 5078 260 9597 7137 9789 2505 7856 4956 7886 496 7260
22 4773 9202 5534 8022 2601 6473 5963 4294 9256 8338 3211 7546 7181 5399 4541 9693 1984 5515 3959 8487 9829 4708
32 9764 6062 7175 3937 8850 9408 792 3619 1516 9720 7531 4591 7712 3136 5202 2979 2173 490 3737 7098 3142 5544 8923 6080 8736 2721 8567 651 5937 4913 9527 8618
21 9155 9352 1926 952 1059 5045 7268 4180 9160 8384 8129 591 7051 8748 2340 6139 8891 1559 9015 5178 2134
22 4574 5166 4530 7538 5058 3647 4289 6256 4857 4921 1215 1667 2015 3073 9683 2231 2978 7354 1834 7677 9586 3021
24 2635 6482 8586 8327 6016 6816 1165 6615 7105 7257 8976 5695 958 7069 5773 2022 1159 9373 9335 9193 5471 638 6184 1367
28 5604 6812 4217 5349 2352 7896 9107 4387 5012 9317 2646 4028 7336 6976 8855 9303 9008 7557 3152 9390 669 9469 6689 763 7198 293 8002 7152
20 1364 7449 3845 2519 9270 5119 2931 798 3730 5427 8972 8702 7129 4826 2628 6370 8637 497 1385 6161
33 2586 5645 7229 9446 1191 6265 1066 5020 8634 3783 4325 3683 5277 3388 5192 2389 5118 8482 178 3599 9214 1623 6417 5131 3999 8342 9265 6209 4905 8219 6055 8805 5885
18 4760 5771 5066 3573 975 550 1519 3330 4720 3692 4693 201 8428 8157 8275 1997 6776 5453
21 8468 3929 8434 1175 6382 7719 2142 4931 4652 1280 3771 4925 8752 3287 3927 481 1291 5141 7567 4020 6179
36 6729 6671 2554 8969 6245 2769 3126 7177 9831 5580 6750 437 6707 6454 3453 345 237 6873 1706 335 8155 3184 7823 6678 3371 1563 9137 8676 1570 372 2067 8187 1473 7568 1596 5987
37 1959 175 8561 3075 3009 5423 6125 8266 7349 2738 4640 9149 2021 5802 3908 9526 8824 5766 2416 1905 6644 9427 1581 7628 316 5624 6583 7666 2095 8712 8018 2779 6041 9904 9438 1099 1993
32 9498 4060 9117 8829 6580 908 8036 7835 4579 4168 6456 1742 6749 3102 3890 6965 9295 4786 4499 6394 3115 786 757 7657 6926 898 2109 3345 1727 8151 4747 7887
29 2584 9014 2090 534 3643 9378 3442 7592 6567 5322 1934 7656 2224 1033 1654 4860 8900 4595 4554 6118 1534 5140 2732 2264 1305 3404 796 578 5779
34 3387 3665 1437 5310 7367 1380 629 7944 1194 5059 8617 8821 693 5426 7385 3605 6837 8217 3820 5357 500 608 2898 8064 9009 7017 5710 7665 8127 2285 737 9208 4197 4561
29 3187 3766 4433 9136 8952 3203 3925 2412 1003 4147 7118 3132 2413 5056 297 2490 5641 3591 5019 6499 891 4895 8774 5002 202 2952 3444 1868 2149
34 601 724 4182 1030 7324 5149 2847 5226 6379 7086 3079 6686 1541 7462 1189 4040 6954 3981 4602 5646 5565 6940 4399 5602 6140 9331 8169 7523 4664 5386 731 4058 8180 6207
26 8503 7516 4192 5424 7768 7379 1485 1898 3654 9994 7693 5509 569 5770 9287 4743 438 5047 1075 8059 8146 2189 8784 5392 8696 2436
22 654 3179 9416 4487 3176 5578 7213 4750 7499 1400 6949 7170 7582 2880 1274 7302 195 7154 7542 5729 5372 1185
31 295 275 1143 7014 8073 2418 4386 4018 6657 2992 2053 4542 2799 9500 5983 1708 2887 1661 3109 9144 6682 3296 9269 3559 509 3779 2119 7729 5204 5674 5638
24 8003 6765 7519 7986 9322 375 9963 3465 3715 3212 468 9260 2589 1498 7948 9513 7133 2240 6899 6769 2441 5280 2901 8009
27 9738 6056 6570 8595 8453 1574 1817 8399 6485 3731 200 5289 1642 9261 1223 1968 6471 6930 5464 3473 7425 4876 4283 9318 4326 3985 340
28 7995 6982 3260 6351 2677 8913 8831 1865 3587 7061 4444 1096 9482 1972 245 4072 4226 5655 5103 1605 5922 3676 9486 9948 3712 399 818 3468
33 4891 4467 5777 9826 6461 6488 6959 3899 7458 9966 2664 4009 3049 7361 5433 8322 6171 4728 3563 394 2314 4637 2466 9316 5923 6477 5735 9101 7332 4680 491 9188 7654
23 3016 8372 6190 4568 227 7309 2876 5144 1592 2679 8840 1799 3849 6350 56 8529 7365 945 668 826 4224 4556 63
38 6638 6845 1425 1330 49 7985 6113 9241 1133 2782 3830 5315 5439 4194 2960 4292 6697 7824 2948 9750 8659 9370 7344 5104 2658 2882 5295 9509 8056 1200 1072 3053 3586 7074 6932 7839 8771 9873
18 1577 5360 3192 1671 7091 7863 6721 2151 7813 9875 1153 6636 5380 8792 4827 2123 7641 7796
22 3117 3256 6154 2557 4739 1547 1593 3420 5176 529 9757 6963 9429 1729 8280 1982 298 3572 2638 6465 7492 4131
24 3210 3259 3912 881 1548 9332 8008 387 863 8255 6291 9091 4232 2949 8534 1748 2696 1311 8058 3351 6833 166 7900 4087
23 719 3630 7329 1554 4144 3881 173 7513 6630 2120 9024 7558 649 2272 6863 2580 6774 641 2959 4502 2157 7153 6575
24 7427 6936 9974 8609 964 760 2955 4844 109 1056 1467 9217 3393 2560 895 9011 1488 8643 7814 5518 1878 6887 9253 537
32 7901 1753 8432 3462 1267 5520 2323 3170 926 409 1317 597 2539 603 5833 4420 5477 86 1057 302 7943 5362 6604 1090 2787 8173 3739 8789 7967 3083 5489 5698
27 7528 3417 1794 4969 6236 2867 3392 7334 6354 225 6006 492 1616 4670 6247 5626 7686 6913 317 8084 7616 4702 5215 321 8092 3080 2497
36 4066 4751 5041 6888 7244 5263 6444 6995 1250 9874 3836 8471 9078 356 5146 2415 8224 4047 3490 4825 8507 8149 2200 2899 5957 935 2172 7250 9259 4427 1005 3998 4666 2885 4881 2791
29 5954 1764 698 9743 9817 62 2154 7572 3326 7369 1610 8944 1092 5000 7740 8675 7035 6492 774 3569 3230 1814 1633 7734 6637 6762 6673 3024 3399
18 1434 8184 3060 8565 2555 9892 209 2078 305 8196 4572 9386 7904 9167 2437 5342 2670 3826
32 4141 4049 352 7638 4926 8201 6817 7869 1692 7753 8536 8335 5854 6811 4160 2645 2348 8199 1058 4837 6064 5335 28 9926 7530 8951 8515 8845 4735 5513 1136 3071
28 1587 9594 4980 5237 4703 6747 1895 5862 8877 5096 4002 8665 4371 7044 7212 4187 1252 454 3337 6132 9432 8181 7085 3909 3649 41 9563 2749
26 8544 8121 7402 281 8906 6255 8954 4677 8673 8499 3435 6429 6298 5842 6220 1606 4812 8107 8921 3263 3523 6858 9348 3996 7534 1635
35 2381 3288 4170 350 4327 3333 7894 1542 8281 150 5760 7931 5274 3711 689 1233 4153 1915 1402 7290 3753 3271 9424 4118 8996 4023 1343 8508 50 2856 2434 942 1811 7214 5877
29 7256 8797 8910 163 6221 4205 3156 743 1089 1723 8963 7962 5731 5737 2593 4085 9717 5236 7476 4261 8856 9063 8323 9978 8061 1967 8682 8898 1773
18 962 9520 238 9790 4358 2280 3863 8989 9179 3974 1866 3799 618 9518 8692 2073 4810 2089
21 3295 1448 2838 7489 499 6979 2707 8040 3670 2720 278 9040 6536 129 2476 9433 8852 2824 9349 4916 6614
