1 153
2 213 291
0
3 67 46 175
2 164 205
6 110 294 92 102 81 52
4 8 58 27 201
4 133 60 129 64
3 220 107 255
4 216 33 62 132
7 150 38 239 90 115 120 247
1 224
3 167 103 24
3 0 96 101
5 148 261 106 155 151
5 281 244 190 138 135
2 259 57
4 80 63 254 271
0
4 34 41 76 16
3 36 144 231
3 221 210 185
2 272 274
5 4 128 170 55 252
1 179
3 195 10 266
4 113 166 28 37
3 44 73 51
4 299 233 2 183
3 157 66 215
2 234 209
7 99 193 19 50 253 69 94
4 74 11 97 84
3 184 187 109
1 248
1 227
3 171 191 163
2 125 47
2 54 267
1 194
3 260 174 20
2 13 49
7 7 95 18 277 140 83 251
2 204 243
2 15 285
3 168 119 293
0
2 88 161
3 200 298 283
1 288
3 230 117 178
5 180 14 295 45 262
2 202 149
3 268 289 130
2 75 22
0
1 123
2 265 78
2 246 126
3 212 48 278
4 156 93 17 279
3 203 273 297
2 236 211
5 65 232 214 61 223
3 134 111 114
3 116 217 269
5 249 286 86 104 257
2 226 287
1 39
2 87 98
5 241 89 70 250 228
2 207 196
2 56 9
1 145
3 159 146 152
5 136 147 131 240 169
3 105 82 173
1 142
1 162
3 237 235 112
8 218 263 222 42 181 35 30 186
5 137 23 199 264 192
1 100
4 276 68 177 31
4 85 122 124 206
3 26 25 292
3 91 121 242
2 296 229
2 141 189
7 127 290 29 40 3 12 176
6 72 21 53 182 43 270
5 225 79 280 71 143
4 198 197 59 1
3 172 158 208
4 108 6 118 77
4 284 139 238 154
1 165
5 245 282 258 160 256
2 32 219
3 275 188 5
