27 563 7243 7117 8207 2652 2209 7501 969 8220 6574 7275 5951 2254 6622 7699 8016 4889 7634 2446 1615 5149 5745 6968 4908 2113 4476 8120
17 5466 3393 2907 3750 2850 4217 4533 1828 8741 6337 7294 9588 3628 6555 3800 1927 1510
24 3549 8878 1046 3789 9190 2776 7654 3211 5184 3421 8928 6301 5680 1017 6276 3177 4201 2092 4218 8769 324 9609 2698 1677
24 2356 9477 3839 9889 3862 5444 5534 6803 3689 3846 8325 386 3900 5945 620 6287 7639 7997 1347 1760 9719 5150 7881 7527
21 5049 7889 8564 7435 9457 6544 5442 8148 490 8961 668 4368 7385 5947 1712 5989 5456 944 898 3792 2253
25 5324 4184 3294 957 5881 9649 4098 1223 8434 617 8285 6476 8938 3502 1781 8361 7177 3078 687 9081 5403 3705 9340 9383 7586
26 6493 5636 1422 5662 8254 4297 1589 1752 680 6799 624 8245 542 7805 8246 9812 9527 1071 8743 1650 5255 5336 6948 8322 246 8723
23 1438 825 1873 7912 4167 1746 9106 379 7394 3141 121 174 305 801 2409 1941 7305 7056 6731 937 7705 8508 9677
27 8406 6457 8302 206 8713 208 8188 8134 2758 4433 584 6982 412 6683 3813 2236 1832 8974 8472 4081 3769 308 5974 2550 2491 398 3737
32 2784 842 4228 3398 493 3565 5650 8597 6422 9264 2570 930 7866 2043 5484 6376 7672 8935 838 3355 3864 1851 289 6400 3742 6088 9243 6291 2307 5855 8770 2225
34 1543 3693 2436 306 2577 3475 704 6677 5837 4767 6587 2076 7647 5567 1504 3065 7256 5301 7542 6262 614 588 1786 426 7832 6651 5118 9580 954 6070 8581 9936 2298 4319
30 1138 7141 8484 5948 7406 141 9645 5054 8298 5503 9397 10 350 4440 3592 8540 9893 1007 1333 1390 6594 6941 5461 8611 4303 2096 2502 5900 6917 4592
31 84 9581 2316 9046 4260 3840 2696 2240 3524 9872 5730 1237 1094 2365 1265 5365 3548 6464 5578 3132 6489 602 7526 2679 7681 3274 8613 327 3665 2185 4018
27 6039 6418 6529 6173 567 374 8062 7316 4326 1532 2901 9911 6030 3026 3061 9899 1749 4620 3242 8977 9674 1021 4321 605 9063 4022 2888
15 9685 6718 5712 1102 5962 9043 370 3761 7897 3491 304 7402 5753 9461 2224
33 1273 734 6961 8784 853 5779 2053 9320 6446 5658 6297 5830 1762 8705 4970 34 7178 8109 8381 9245 6787 3144 3312 4183 3998 2249 5275 6973 4542 3275 4996 8957 7223
25 5601 8368 9263 2760 6345 8018 7508 3494 5734 5910 4754 4993 26 787 7974 1759 9076 8162 8221 4791 7739 3128 5731 6113 7161
22 1381 989 6722 7009 5864 6513 6777 2971 2803 3515 3452 2435 5512 2389 1484 7201 571 2704 5978 9700 9281 1020
23 4877 7041 5799 8550 2244 5999 4430 3434 5421 3598 7841 9529 4462 844 8145 4859 5493 630 5388 7722 8572 5758 8700
32 6220 499 5971 9345 6244 9138 6026 7628 1475 8229 6041 6856 6882 7610 8819 8494 9902 6996 8673 9866 5220 9327 8135 450 7200 6588 2354 5938 5321 6627 6482 1204
30 7270 6913 7709 2036 6119 1835 942 4958 9065 1537 2745 7383 4278 1402 887 6608 1535 4026 7678 2980 6046 6295 143 4095 1983 5058 5474 4350 9380 3857
25 8630 9627 1326 4070 1902 4213 6757 9934 5794 8760 4394 3432 8492 970 2524 8697 3320 5755 5918 8391 9794 7348 8488 5361 9770
25 9851 513 7438 7876 4653 1436 552 2383 1163 4351 3888 1567 9777 5759 3720 7238 8082 5935 176 2145 8278 8541 4911 3224 391
18 1305 6412 4885 8803 1024 2626 5310 7339 5968 5611 6928 9053 3768 5115 3268 3890 2830 1312
25 2278 8449 1997 8548 671 2119 7282 8237 5135 275 6983 1255 6223 2796 1314 5284 2336 7723 6354 5322 1708 3762 263 5665 181
24 5335 9314 3105 7085 9229 7680 9322 2955 8627 5522 3609 7848 7137 6142 7212 3659 2381 7970 3504 9443 1636 56 4091 3386
24 920 5890 1512 854 3651 2523 5866 8901 1123 1338 9023 698 8051 2636 8058 9157 5164 5728 4367 9590 68 7485 8195 2813
27 606 8728 2912 5769 1113 4507 3993 4686 1587 3685 8343 3593 5344 5556 5329 8498 7306 3815 45 5580 4900 1764 5928 188 7568 7375 9536
22 3168 3202 2973 4642 9038 4293 9330 1870 3747 2630 786 42 2437 5863 179 4579 2014 8971 7105 2457 1439 5944
29 203 4090 4842 8489 5721 1778 128 6029 494 8094 3621 6326 2268 5071 2263 4188 6037 9149 6275 2369 5490 2136 3189 8168 762 1909 8311 5876 4649
24 3371 7104 9406 1177 5783 6392 7569 230 396 967 7643 5031 1424 7907 4343 2866 6880 7741 6047 9726 7073 4181 2843 8216
23 6132 3669 4031 1768 3751 907 716 6375 7879 1999 1068 6532 4933 923 7192 8706 110 9895 7981 7157 9703 107 6016
21 583 3865 4099 4532 9694 7037 2722 2715 153 9969 1717 72 2331 4294 5252 5412 3288 1149 9669 5661 8552
41 769 5717 9670 5477 1564 4713 6647 9731 3537 7847 1309 1364 3602 9018 9353 8830 2390 7474 5919 8366 2191 8307 6525 395 4146 5129 8169 2723 9910 6107 7851 6065 7669 5515 6496 3734 6573 3671 5942 7459 5504
18 8277 7086 9729 8563 3714 8127 2150 238 2943 7199 5274 5056 5822 5505 926 2914 7115 4846
20 1874 8609 4907 133 5464 1042 1217 3299 5483 253 4655 5496 5448 5152 4747 6095 6934 2152 8490 6185
24 8848 9890 6966 5809 7633 7856 1466 5976 3372 6862 1846 5882 4621 2396 3330 4674 4251 4178 4769 8716 1938 1699 5821 1359
27 297 4346 2056 95 986 8652 6567 8953 5635 9072 5862 5016 2808 4144 4382 171 5778 6343 5575 4991 2494 7756 3899 9885 3543 7182 6458
20 6410 3596 8093 459 7894 4264 46 7735 4550 7072 9148 78 5789 848 3600 336 1287 6177 1043 5065
26 6695 7554 5875 9180 4405 8876 876 934 8801 9478 7278 2898 1428 9337 2500 8668 7925 6564 2616 7694 6675 1060 3719 5652 667 8069
32 6815 4536 4826 3530 1884 9795 3326 8785 893 6800 52 3550 7217 7239 7016 3331 8986 8531 3506 8408 5288 3516 8900 1950 1380 8132 3140 1726 9241 5923 5536 8870
23 8640 3426 5212 8782 6771 9867 5851 4487 3305 8264 8466 8347 9683 8680 2672 5568 5081 3367 3486 1133 1467 6518 5063
31 6058 2967 3477 6121 3970 1104 6930 5298 2142 2859 866 1885 5605 4290 1956 9107 4460 9491 9049 7495 8846 2302 4483 6599 1890 429 2202 4116 6817 234 566
21 7191 1644 3594 1844 3210 9562 5904 5171 6629 589 5590 5589 8525 470 8045 1144 8130 270 5130 8648 1456
34 9523 7716 3555 1384 4080 1227 9402 378 5847 8991 6658 249 7081 8988 1302 4398 9143 5105 2906 2285 3553 3152 2687 6506 7652 1571 641 7720 8000 5209 9793 5248 1898 7731
32 7965 8328 753 8791 3732 4046 8099 2817 4074 6290 5981 8439 9188 1167 6267 5261 5765 5648 9618 4131 7765 3143 1659 2064 7136 9555 9220 2073 5280 6191 7467 5244
22 4094 9559 6340 4587 4111 9570 5804 740 30 9021 4960 3207 3109 1164 4672 3252 3677 1127 4310 8424 6994 7281
31 9020 8086 3157 8952 9980 9082 4561 8793 1914 4722 6692 4096 7531 9604 6531 8330 859 8982 1238 2391 6371 5549 9525 3405 1213 9568 6322 9714 3310 3126 424
22 2432 6849 3849 2899 3317 9165 4749 1710 9944 8030 3691 5909 9102 7262 505 2778 8845 1648 8753 8114 4972 5410
32 9920 419 8737 3760 4866 9524 5116 2104 5526 4106 8049 5258 3376 7368 9857 9661 1070 2454 4240 1022 8834 2953 6598 4600 5791 6546 8267 4 7831 7228 170 8147
21 7657 222 8557 3362 1208 7602 7668 6387 2190 40 7743 581 6561 3980 2097 6520 7051 1295 3041 5370 7825
17 8675 2538 9485 1864 8798 1541 6312 5872 946 3075 5810 6129 6578 2274 2801 1936 7426
22 4008 9182 4063 646 342 3648 7823 3053 9368 9237 8549 2447 520 3725 6841 3455 9616 5677 2448 148 5312 9573
26 568 5885 9128 5082 7684 1239 7516 3554 516 6743 5548 1943 9442 8780 6324 4810 4727 1772 2328 8394 8920 75 8417 5752 6782 4918
20 1335 6633 2511 3411 4048 7690 3469 4002 6366 9378 4033 9456 7060 7886 6937 6040 526 6958 5476 2658
31 2934 830 8932 633 3575 2930 3879 2184 6218 4880 1785 8960 3757 4330 5052 3610 8181 8969 9723 4573 6449 7892 8526 8456 9814 3324 5884 7836 443 321 1207
27 5295 2663 7457 1480 1875 7386 5133 3661 904 337 2800 1632 5346 9509 8924 673 5109 3280 1798 4488 1398 705 7487 756 5455 6595 9970
20 2008 4980 9654 5535 2352 9720 9272 5453 8105 6020 1688 4198 77 6688 7158 4771 783 1454 2786 3887
28 3647 7357 7249 1860 8973 76 3022 7334 1041 5074 9073 1920 2290 260 8357 7132 8875 1763 9125 5612 9415 2785 2624 6158 1579 7166 6060 5173
31 6265 9202 9505 1257 2077 993 4006 4920 4123 2272 4690 7807 126 4092 8026 6325 6443 7854 5518 1678 5897 8867 1205 3884 1107 8712 6701 9690 6365 1652 5125
35 4679 7040 2293 1465 439 9735 7380 444 7595 8682 4872 1271 3657 7650 9722 9444 8143 8992 3342 9358 5747 6284 62 6666 4182 2481 6207 5788 8685 7437 3400 3287 955 3172 6650
18 8578 5970 5510 4024 7730 4204 7025 4148 4982 3115 5197 9967 9253 418 401 5977 2540 6919
25 5497 3988 8699 1002 8804 2935 1339 6806 1747 3767 3650 611 1596 6075 9437 6691 625 2795 5618 6487 1522 6273 9387 8941 1343
24 2418 7463 9187 596 8796 9433 1896 5100 2299 1501 6459 2560 5986 1370 8651 1214 3277 2197 9 9069 5269 9061 7460 5538
22 6150 3329 7555 2754 9370 9632 97 9658 1031 6734 4669 3365 4916 3034 2533 9840 6992 1172 2833 1935 4269 3741
23 599 7931 2033 6331 9101 3573 7949 3489 2213 5396 1719 8387 5979 6369 7012 3448 4380 5932 3545 240 7742 4424 1300
28 1192 2791 146 881 9151 6579 4677 3949 15 9566 3748 4651 4263 8289 1388 9091 1742 4378 4578 4945 3301 3081 111 8633 9560 8265 8178 7641
23 7429 1528 1794 6537 2140 2919 4101 3722 8063 1827 1502 1918 1152 9943 4572 7947 5392 8364 7906 6931 4133 8874 3097
23 6663 5686 4544 5409 7535 3717 3746 6261 7045 9015 4675 8344 7265 773 2144 2149 4325 8777 8333 9922 8606 8838 3863
24 4379 1993 3197 6547 5500 380 2885 9458 2680 678 7285 3509 8400 8911 7632 985 7583 528 8537 9124 6334 9446 7044 7111
30 9503 3049 8029 4792 7922 7066 1588 7627 5292 7790 5525 8077 3285 4036 1850 7454 9639 9293 3960 1957 9489 7027 7055 1334 4412 3417 7951 1472 5646 1962
25 6206 565 2681 9286 8346 6985 4602 9262 4629 9033 8510 3765 4159 8918 4499 6975 2860 2894 99 5463 5774 349 1379 2664 3286
22 6901 7329 8962 6002 8435 9209 1861 7761 8353 5608 4235 2611 6802 9480 3234 4391 4936 229 7358 3254 3035 3880
23 48 1815 3103 2941 150 2673 3829 9784 1583 6056 4805 235 7552 6763 8360 6225 2757 9344 7400 1906 6183 644 2886
19 666 9463 2635 8530 9388 3316 9774 3332 9783 4721 3019 8180 2890 1426 7980 1577 4530 5436 2019
30 1664 730 3989 2573 4720 6639 5572 867 4798 178 4358 2153 5099 4646 7220 1668 9758 2093 5357 2995 8805 9716 1905 8738 7170 3683 995 7053 616 8171
17 3655 3160 5234 364 9070 9135 1774 433 4512 6686 2631 4519 5683 1360 2853 5591 4296
21 6694 61 9864 9696 1189 4643 5853 5756 1421 5187 2829 3799 8987 2645 7511 478 5339 1482 3488 2864 2276
30 5381 3066 6316 7172 6188 7387 9917 8288 9629 7914 1538 3704 2587 9295 4169 855 5067 3996 322 2503 1600 7767 1730 5362 2103 2521 7131 3335 8331 8556
23 1221 843 4696 2323 2178 1508 2477 9159 3731 5632 282 8926 4429 9709 5565 7536 2483 1720 6143 4612 788 6796 3162
23 9619 3200 3149 799 2187 987 2515 5569 2805 6238 9407 399 4471 2990 8039 1789 2325 160 2080 5784 2200 59 4145
26 5192 7186 4255 32 8573 2578 649 3263 6839 9300 2425 4985 7417 8553 6572 8886 227 8565 2749 4447 8859 9493 7123 9311 4929 1150
28 5991 248 3394 8193 8659 938 2319 1000 9686 972 8476 7655 28 2489 7419 6646 2027 5877 2703 1713 5828 1478 8251 7039 7813 7489 1327 1951
18 5649 5287 9512 1211 6272 3597 434 7099 71 5327 9356 5641 9041 4230 1014 5024 9172 5398
25 7399 4601 2020 91 9964 4942 9983 8817 5655 9083 4870 4322 9727 2789 2443 162 1546 9693 4956 1131 9898 1698 4509 3931 4332
29 3817 8262 4225 7428 6922 3667 4887 7207 1738 523 6268 1967 6932 7726 5041 1629 1371 1259 4461 7541 4917 3587 2811 973 9692 4463 3945 1966 4203
17 9679 3640 2639 267 1930 643 5380 4336 3561 2844 7718 2472 7024 7522 2334 7996 3883
29 4455 9274 8420 2881 8338 2424 2736 5043 7014 2021 1551 4211 8779 8871 9839 4831 5742 619 3419 5281 914 5035 2858 3460 6935 3870 6690 9484 5647
26 3025 8024 1105 2751 9429 8996 4029 6192 1415 6597 4623 3215 6346 9667 1820 6126 5705 6781 5190 5057 7476 9764 6266 910 840 4348
22 7364 8326 6203 2810 3221 8544 3389 339 3011 4557 3091 9389 1445 9585 258 9365 593 6015 479 7374 9317 6721
21 6139 3512 4300 4689 1779 4497 3547 536 286 1069 2561 3953 9855 6303 4927 9668 6514 3042 5318 590 8847
29 5693 6296 6536 5602 4558 1518 9897 7609 2156 2048 683 5619 9381 8284 3027 9085 2340 621 7822 6447 3039 6759 3964 5015 4755 3048 7748 7035 4909
18 530 7190 2657 2952 7312 9436 895 4588 546 6609 1769 8771 5546 5597 4361 4923 8313 7946
19 3457 117 5713 3366 5541 6814 5914 1197 5770 4407 9908 7738 198 6617 968 882 389 3298 7350
19 19 3276 629 8440 7769 2958 9242 7990 3874 1748 6130 1351 6929 9955 7845 8365 4994 7863 7938
20 5727 7373 6756 1913 5070 9019 6951 4800 5537 5852 4464 9453 1982 6166 8663 5833 9007 522 5147 8238
29 6404 7557 3311 6338 482 4782 5433 6746 4879 5824 518 9592 7551 1075 4912 5353 4001 8097 134 2403 2889 8478 5145 2066 3670 4650 1928 7264 5596
19 726 4585 9657 7503 2164 6855 2341 385 4073 5786 3363 4000 7584 2562 4925 6632 2488 9887 5688
23 3758 7465 5746 8462 3396 3364 2275 4830 8990 3466 1393 3135 7286 2644 6187 4898 9760 7473 6028 1249 452 1570 7986
15 5089 4115 6526 3615 2900 2591 3782 9655 2057 8004 1816 2676 2012 1481 8369
20 9256 6053 5540 4652 3793 6865 8007 5267 8151 9039 3567 7930 9261 1624 609 6097 548 2193 9875 8036
30 3471 169 8835 1973 6407 2548 3182 6811 2054 9275 8362 5430 9470 3150 2265 2146 9958 836 1696 570 8280 314 9201 4408 7801 3304 9427 7985 8375 2208
24 3654 9768 1735 4586 4546 992 9195 1392 2360 3811 2434 3052 2756 684 6980 6628 9904 6092 8580 8249 8939 3749 7783 8789
31 6424 4855 9625 2711 5554 9405 6503 6245 138 7082 4552 1656 8121 4903 4452 50 6231 1964 8776 1262 5378 8208 7408 5850 7168 6760 7623 5644 7290 3620 247
19 7320 5034 902 8412 5437 254 6596 7492 2359 6798 4152 2400 9730 6423 7607 6890 7719 4383 4725
26 6269 3540 3170 3775 9684 3798 6519 408 5473 5732 3292 4397 1985 202 4219 11 6215 2242 9672 9212 765 3595 4765 8315 5397 1802
29 837 8736 864 156 66 113 3083 2292 5487 2969 6566 1429 5092 9278 6655 8136 6755 8649 2590 8584 4609 5290 3983 2822 13 6828 6881 913 9196
25 4882 8856 3991 5006 1455 397 6726 3161 8460 2619 9907 1358 7449 2071 8056 5832 8455 706 7563 2310 9891 2730 2847 5896 8078
20 6361 3176 5112 2480 8694 9537 1799 6451 9418 9778 2116 3624 3841 2177 983 6421 9942 8482 5937 662
25 2559 9626 6123 1332 6186 3875 6747 4888 6008 7543 1649 2532 1058 114 4442 7835 2812 4283 5936 8392 8100 4077 6981 758 3994
29 2519 6780 1866 7787 7226 7477 9035 2537 6703 6062 2220 8316 6772 7999 4060 3962 2988 5921 8914 6892 1284 6936 2873 5175 4284 6035 3113 2905 6700
25 823 1601 7686 3807 6741 5386 3278 947 5642 9844 7817 7090 6235 9594 2459 4110 5468 6214 31 3954 3934 8891 792 5798 8044
25 1515 2531 7877 3375 3424 2787 8686 9133 9462 7715 4055 2451 6785 5194 974 7033 2876 9350 3497 3265 5348 9608 8797 8091 2243
29 9409 394 1353 8376 6450 9497 2551 1494 3368 5579 7267 3672 2179 7440 9894 8904 43 5530 2405 8388 8117 5634 3246 3223 3180 5432 6481 6569 9499
25 9852 8588 6076 8671 6630 4607 355 8212 7384 7707 115 4919 5103 829 6086 9591 1728 5207 8295 165 3558 3028 5368 6257 3781
31 8587 9733 7355 8786 7287 6101 1852 6558 2338 3459 5457 9226 5702 3225 7065 7389 4871 112 9447 4234 7063 6027 3852 8356 2269 1878 7878 7257 390 2287 9558
32 9976 5887 7512 7097 1910 5829 175 2212 7764 4384 5107 1597 2284 9335 3351 3045 9994 9856 9310 4212 9519 6432 8794 1954 3604 9301 3641 9432 9067 9759 8374 4124
22 102 241 8631 2875 7222 2526 4323 4773 2887 3823 1361 6551 158 1675 6612 5671 2820 8398 3327 8106 1923 8185
11 5205 8783 4704 5539 8872 8672 5200 9803 4752 5395 976
23 8978 5990 3783 7176 8534 1286 4582 8415 2303 6906 9161 1520 6347 5946 9197 3681 51 1366 182 4545 1826 3797 3120
33 1992 5934 2828 4020 9452 7710 6216 3885 5352 2896 8909 3271 618 8883 6905 9028 9706 6478 3437 5181 500 8402 4692 8206 3503 1669 1497 7673 1473 4723 8429 431 2130
24 7952 268 6263 9382 2539 5861 3646 2525 9421 2557 1604 7621 1155 2707 7740 3100 7241 4702 1507 6959 778 1191 7215 3679
31 6807 6403 1635 6735 200 4733 2060 3104 3461 7794 5021 883 1598 5452 67 3079 3682 4498 517 2445 8732 564 2743 3662 5316 4670 9646 2277 5127 3518 2408
26 3236 5406 5300 5517 119 6984 1160 6213 74 6737 3127 1770 7333 6306 1736 6542 6887 6509 1940 2617 9399 5443 1230 9860 5939 2659
27 3444 5440 4078 7230 9974 9947 6729 1101 5967 4658 1246 2174 9611 9333 1471 8014 3963 1493 7195 3186 6704 5488 2101 7664 2475 79 1488
22 6843 9965 477 3585 6809 9928 3772 9103 5600 3165 7556 3788 7497 5199 3187 7128 2872 1114 3713 5204 1225 9765
22 3527 6654 1605 2143 6896 9377 9376 4777 7506 7250 6363 6810 288 3385 3526 4287 1077 44 6007 679 3014 3588
22 7948 7464 4807 8506 4986 2467 2831 4937 582 9785 1727 3401 8469 8399 6539 9861 7992 5811 8396 5653 1892 8527
26 311 8382 2566 6182 8595 1443 3451 8303 7698 6059 9236 9989 103 185 981 4444 2469 2131 2987 9058 3633 437 2862 8710 1212 1929
31 3855 8351 7064 615 1863 4664 3936 7933 9167 688 3222 4244 6064 2504 8976 1750 2063 5420 7887 1621 7432 2772 3431 4751 4676 4298 598 9781 6603 2049 8850
23 8204 1363 212 6168 5748 6805 9116 7812 7392 6605 2039 9490 2947 7547 9624 363 8660 6100 7688 4337 6390 4308 796
24 7993 6584 4957 5486 2634 2430 4597 6385 5768 2047 8015 8634 6586 197 9099 1157 8893 9960 7436 6585 8327 2032 6 8740
16 1995 6884 873 4224 6678 4472 104 6712 2923 6926 8852 8341 8641 3535 7069 759
28 9216 266 8823 3373 2648 9139 2984 4121 5374 2501 4878 6733 824 1382 6174 8052 1395 5625 9587 1654 9750 6468 4288 4261 6317 371 8414 8480
32 7957 9996 9255 417 6903 164 7567 8410 7075 382 280 4515 7113 2205 1450 5529 4902 7703 2189 6754 5338 9331 7545 2013 5676 2902 6521 2449 4281 3284 737 2544
29 7430 7580 1949 1263 8228 1561 639 1203 8177 1444 7292 1610 7806 2678 4963 4237 4518 7842 8418 407 804 7371 5737 221 6419 6250 2170 8594 4803
28 8290 7927 7662 2927 7122 1796 6923 4369 8108 733 6488 8889 1485 2693 8755 8422 7336 4763 8639 7405 3627 8371 6461 6087 5848 8019 5029 5697
21 4788 8021 3092 4017 1222 601 8956 8214 2041 3967 5527 7018 7798 6309 7895 6899 1446 8885 8084 6624 3464
31 1269 7561 1010 6645 3779 9464 6067 2393 3924 5372 5715 4345 2413 2462 806 1032 5980 1108 5450 4466 888 603 4757 8724 6358 4759 8152 8113 5390 4987 2508
30 9449 5615 4873 9806 856 2132 3910 4366 6910 6744 1168 1592 8742 2414 5462 1463 2620 861 4614 5930 3809 89 9169 9339 4563 8397 669 828 9259 8618
17 8175 8020 2217 85 689 6264 7315 6396 9699 9455 5215 3911 4896 1641 7606 1562 5988
19 2296 6669 39 8827 2741 4426 9328 3894 3973 9583 1029 7616 727 6314 5331 7427 1808 1404 4735
22 2695 8055 2600 6987 9734 7167 808 7785 6915 9510 7871 2542 9695 2028 7050 6388 5429 6373 7519 4785 9168 2530
34 3321 3193 507 8379 699 7901 9232 8291 9884 870 1525 5906 7046 6299 1657 3639 6497 6557 9218 4265 1486 5843 1036 525 5141 5840 8013 9032 1419 8235 899 2806 7953 8463
33 9347 9011 1908 7379 9738 4594 8401 4496 1004 7701 1459 6138 6808 3085 2231 9153 777 6386 5807 3467 2186 1162 2936 8230 2223 7833 3626 6715 108 7017 3500 5865 3069
19 1900 8518 9164 8806 5303 3404 3201 4456 8231 2420 4238 6328 4604 891 2294 3684 6348 2286 3259
20 7092 7448 9630 1065 2034 3590 2004 1975 2379 9338 9434 6448 6148 9782 2880 2280 5508 9811 8690 144
27 9563 8158 4706 1838 8979 9042 2382 7203 645 4291 2044 279 6184 8881 7656 9542 7571 2909 5740 1893 3244 3956 140 4570 9336 2322 1247
32 271 6003 4836 4223 3420 4376 6155 7162 3675 1109 4050 5076 916 2404 8268 1715 3247 3130 3948 1391 3977 7646 3935 3582 534 347 3706 8479 8452 3322 1479 5460
20 3572 9246 403 1081 3753 7749 6940 21 3764 5085 3876 7821 8139 8080 5458 1961 2794 4951 1139 8217
20 5371 9761 348 2706 6013 7857 3930 4248 9754 7470 8655 8894 9984 4633 6964 3702 770 7311 7937 1006
20 9090 6877 2675 354 2954 6491 357 6589 2939 3070 2485 8317 1400 3237 3248 1089 9854 9775 7151 2677
24 1097 8566 4867 4615 9394 5803 4221 9900 863 8821 3341 8841 2991 6947 1383 1618 8256 4427 9997 6725 7412 8602 2940 3080
23 303 6711 5678 6133 7666 6068 6657 8800 7793 4825 6025 3828 1117 3483 1690 8003 213 7721 7242 9439 6011 432 9024
25 8890 1978 9305 7314 4511 8447 9068 9981 6089 6336 6708 8599 3499 7353 6171 3902 9865 7885 54 2976 8707 5224 8070 6978 9878
20 3090 3696 2536 6402 3190 5656 5903 7148 2713 800 2804 4850 8297 2478 7330 5722 4974 5195 8385 3107
21 3055 1627 3468 1215 1186 8831 352 2 3443 742 5026 125 4762 7360 7295 236 1517 5613 2968 3313 6613
22 4143 7398 7687 6125 9712 8768 7245 6716 8034 1937 847 1790 1854 4822 2091 6611 7332 1174 1829 9787 8898 8210
17 2788 210 3833 6784 2802 5201 1886 4038 8064 2903 7433 7973 743 6010 6057 9569 4042
21 2245 422 7576 660 5724 9089 8116 1911 3416 8125 8593 8335 723 3736 6697 7500 1187 1608 8677 6635 1680
20 4411 6570 2401 4299 6909 8033 5156 812 7351 6820 3392 2018 9697 4524 6732 5270 4484 6212 7391 3860
29 3580 8274 6473 9109 7840 9979 9952 933 1651 9972 7490 1330 7164 1839 1468 3352 8107 2367 4513 4596 7032 6310 7771 5544 9771 4339 383 3965 7766
22 7227 8071 5913 9809 8266 5621 4314 2052 8896 7921 4030 7781 5940 4860 36 7540 1848 1952 4127 6433 3562 9532
25 9411 7119 9830 6023 9557 8209 4854 3802 5228 7587 9941 8516 682 2035 4971 9051 460 8927 4199 9206 1837 6323 5399 9915 2627
26 8329 533 5954 462 1281 8644 3439 2444 4266 2654 5519 8628 3909 8428 256 6061 4262 9788 9767 4681 6071 5762 3944 8066 4697 8372
29 2735 474 5598 5245 8840 9483 8521 5699 5576 5241 2105 2126 5933 4884 473 7298 9185 4559 7529 5482 4386 8076 3015 259 9808 2094 2529 702 8543
24 8653 1023 6078 4068 2613 1509 2264 6292 1340 9553 2793 8200 8720 5028 1011 748 6490 5131 7888 4267 7617 8808 2814 2271
23 9283 9549 2442 442 1460 7636 7370 2948 9498 5738 8140 9843 6696 7003 3074 6671 9807 858 9271 3727 4315 7537 5592
21 4525 1005 1580 965 1511 6907 6642 8403 6713 1387 8437 9584 1814 9740 3538 323 868 3440 9747 5434 8519
36 3005 2297 2999 2207 9410 6066 7920 9288 5417 8160 4125 9975 4443 8993 9136 8470 4012 5167 5502 7619 9233 8010 5217 334 53 717 6894 287 1049 9308 2182 7059 5812 4977 9184 3698
34 610 2641 4352 8739 9044 1725 1324 9789 4087 6857 5163 1947 1783 4549 6866 8763 7352 5019 358 5349 7367 4075 1824 6995 5418 5524 9986 9921 4922 3093 2623 8279 8654 5859
26 8758 4058 3739 2904 1655 2867 6989 8413 8502 2089 9270 7096 545 3508 6131 8017 2416 6653 4534 5987 4231 4926 1549 296 5718 3110
29 8227 1503 9744 6305 5347 4714 8574 774 744 8416 2633 670 3308 6774 3164 359 1140 6091 9515 3214 8577 1919 8887 7089 3853 1663 3928 9577 4160
26 2384 1066 6952 3196 3830 8306 9846 6247 3038 4137 3710 6274 6602 2766 5042 9400 4715 4997 5645 2588 7850 8340 2929 8002 8888 722
27 5858 4969 4164 161 3952 4482 8610 1181 3845 821 1057 5729 8250 7773 5389 6104 5176 2655 3536 7121 301 9953 360 8503 8718 1226 9334
19 3188 541 2686 8869 2771 3345 7498 2075 7260 9074 2085 820 2716 4574 2458 1987 9198 4641 794
32 7928 9003 655 1111 3036 5709 5323 4317 7271 5880 3213 3266 6006 3296 745 9285 3634 3552 9431 1028 205 4516 9266 5831 4808 8558 8499 8468 6819 6260 9916 1038
17 8670 8711 2799 9031 5134 2406 6583 6778 7890 9728 7624 1683 648 9005 131 7649 2163
34 2576 6822 945 7929 975 8902 4914 7456 1771 1198 640 7502 8009 4489 7588 2311 3406 9748 912 7982 809 9643 3794 9825 8729 4419 3283 1811 5965 7905 5926 5563 7899 3812
30 400 4833 5628 696 2108 5291 5674 7274 7971 2527 7149 5023 754 9050 7961 4082 7030 3297 8442 7491 9739 5696 7859 4402 49 746 3819 3571 2848 2273
26 713 5387 5860 622 3972 7934 457 7210 2180 5553 8028 3450 7796 8512 9372 3507 2510 7280 3861 6229 2746 1084 5874 7472 1547 3402
24 585 3990 5091 2982 9710 1660 2660 4249 1942 3124 2362 2921 106 9225 8842 7689 5104 5528 2970 2563 3591 9829 3279 1134
23 3325 7870 3418 318 3146 9192 2910 2440 5692 1012 7321 7397 1283 4439 4370 5966 6522 5401 2460 2816 4418 3084 231
33 8184 9401 4661 6293 896 5816 6498 9874 1553 2809 7829 1891 4639 2762 7661 7273 4360 9665 3806 8286 7031 7480 8005 7244 1607 8589 9189 532 2423 6417 4897 9120 2410
20 445 1773 9926 1557 6012 199 6128 9105 7754 3955 346 5053 1442 9147 712 3350 8352 6702 6717 6073
24 7612 4153 6222 5782 6864 3377 3290 1236 7939 3577 8050 2373 7918 9959 1126 6545 6435 4864 4458 7304 901 1642 8622 3218
23 9888 6502 9805 6164 3539 8239 458 897 8560 3925 3077 2558 2228 4388 1266 6790 7247 5820 6394 7310 1841 5408 3514
24 7293 4307 1986 3220 4940 3116 2397 2422 1325 714 6083 1554 2428 2826 9530 2647 791 4719 9145 7261 5806 1350 7702 2055
30 6115 187 5654 3541 6942 9052 4869 7479 6719 5040 6181 4988 1050 2861 4541 6140 2911 2022 1231 6049 7413 9552 329 4813 3255 316 1019 3204 6221 4120
27 423 3281 7325 4794 2233 5743 1386 7779 608 4104 5050 9823 7645 3759 6102 8601 3893 8646 4874 7659 5630 3916 3700 9932 7409 8802 7772
26 6916 7499 3826 8157 1845 8864 6251 4832 9896 4232 8916 8598 7608 7299 274 5153 4978 9551 7218 2752 8836 1744 831 1701 9097 3289
23 4829 7553 1674 6842 1959 4772 5317 510 9006 7944 1606 2003 5509 6516 5669 2625 6606 8501 2456 2326 9831 9876 962
30 1803 9078 6749 1369 8150 7341 918 2368 6625 278 3501 4135 250 1988 9506 1566 5216 9991 903 1916 1990 5912 3125 9088 8934 6844 6153 7349 1288 8535
22 2247 7884 1879 9511 817 1667 6643 8296 8547 9547 2419 4868 9621 7908 7827 2010 2067 317 8451 9417 2815 3492
23 9550 1090 3616 435 9620 3482 9252 4084 9602 5391 9879 8855 4801 8860 7461 3217 2759 2727 9531 5242 4393 4490 5682
26 8868 5777 4953 9576 1412 4344 5208 4279 1539 3258 7635 5259 5326 5206 1572 9535 5337 1706 5157 4780 4257 5254 4577 1153 1210 3569
36 483 57 5017 5566 789 7916 2556 7366 6009 5036 2640 4477 3906 6179 8025 4851 5564 5675 2552 1130 4168 6812 3481 7919 9528 4508 5607 810 6768 2592 8467 7818 900 4446 2090 1558
17 1142 326 8485 4990 9912 4105 8334 2528 3142 7067 3479 9597 8907 9797 8913 6748 6492
36 8520 4815 6742 5377 2118 8426 8816 3054 5907 1684 3194 3686 6680 2765 5083 1166 1292 3006 2484 7328 9096 5741 7752 3484 6195 7423 7300 8744 2608 9369 5485 4531 9834 980 465 3969
20 2429 2470 6946 4331 8650 7363 1328 3937 9973 2705 2798 8657 3046 5531 8683 9717 7758 9635 8087 295
14 3384 7372 7323 7169 5140 5498 5577 4660 4176 8880 5842 3529 6112 6093
26 3410 2963 6698 2072 4493 6582 81 2078 2473 5210 5221 8110 7206 9363 8764 3774 1753 2646 8047 6775 7127 9905 9057 9280 7991 8043
23 2520 2399 2385 7193 3583 1692 575 83 9403 9248 3446 4932 878 3060 6090 9016 8899 262 7544 4434 1091 5423 2100
41 5227 8698 1206 656 2651 4863 1276 9012 8407 5952 2246 4365 2281 9440 6415 4853 6149 841 4395 634 9998 2486 9924 6999 1321 4793 4165 8199 9772 7979 1156 3095 5413 4129 6631 5735 5616 2606 86 2840 1653
32 7804 7401 6765 2838 2605 4709 3433 4595 6751 3784 3992 1345 3086 6527 537 8583 890 8067 6801 3235 9957 9318 1401 1895 4817 5272 4364 3033 1086 1619 7533 6467
22 8259 7493 3117 2602 105 5428 1921 5080 3013 9235 2965 14 4548 6505 960 5834 6792 4324 8089 8174 7335 5020
20 9084 6252 4034 4035 8072 7665 402 7562 862 7125 9848 7420 1413 1536 925 2070 6872 7943 472 8980
29 921 47 1297 9800 6730 2614 9939 384 1389 2668 6117 201 7910 6109 7514 4732 2161 9257 653 5846 6084 927 3715 6074 6052 9827 3850 749 3712
16 5690 6515 4138 7187 663 1707 4565 5271 5355 3348 6445 5198 5494 7601 8001 9476
30 5235 2869 8458 7444 2714 9276 5557 377 5701 5523 8603 9724 1756 7145 5183 9688 4155 7945 9862 3018 1998 1894 2120 4118 7376 2598 5726 9396 2755 9766
24 8102 9459 5920 3270 7118 6538 5263 1955 560 8324 1051 8695 5472 2892 5963 5132 1025 5066 2595 9398 9294 2165 9711 1378
25 1200 4066 3138 9346 3701 5256 9824 2842 676 2567 2950 6753 1638 1737 7421 4668 6124 9448 4640 4504 3923 4886 4158 6507 5841
18 700 9313 2230 6818 9564 2320 636 9268 3487 281 9352 3868 4179 491 4726 8138 4883 638
21 6377 219 5182 9842 6379 4065 9678 6298 3328 6859 6286 8223 7880 1148 7896 307 966 7603 1599 4553 7700
19 1100 2797 8505 252 8101 1897 2732 1307 8963 8746 8692 255 8568 3744 7590 7165 1633 4554 4292
29 4894 1492 7891 1777 315 8681 9341 3370 6357 4406 9671 8590 5243 8748 6838 186 9598 551 4527 9017 7377 5736 3856 9250 5916 5707 9773 948 9990
20 9935 7572 3051 3057 1352 2989 8037 5422 5520 5614 736 7786 8427 2194 3153 1180 9818 8910 8517 5415
24 3030 6710 7849 6399 6618 5892 6871 2107 9228 8551 4491 2769 9607 4529 776 6281 917 139 5570 2262 1427 3040 5845 1341
21 8773 7109 8213 1693 463 9838 952 2476 8436 9047 3356 9914 4500 3151 6553 9488 2593 2824 9203 1055 9329
23 5137 7229 5710 9640 415 5426 6563 7382 2761 6543 6395 6720 3878 5585 654 6988 8669 2855 3957 2188 2259 2983 3478
25 1406 2324 5285 1252 6474 8995 2893 5998 9287 1027 4173 2461 7935 1499 2351 2282 6668 3179 8849 6979 8964 7087 5174 4047 5571
30 5983 9071 4635 7613 5279 8504 6156 4523 8450 5689 3262 693 261 4505 9181 8754 1035 9520 4551 3523 4161 1526 204 8538 623 7524 4606 4683 9993 5449
21 4781 1637 9845 3050 6480 8075 7770 6163 1842 2159 1792 5929 6353 8129 5733 851 4280 9798 4067 264 6285
18 8509 6851 168 715 1568 1639 3058 991 3159 5170 8161 4004 9982 7838 8345 1788 1115 9215
25 8191 5994 2790 6352 6085 4591 1016 7865 8383 4748 5943 1856 8528 4275 7359 2879 4728 6384 4157 4320 7496 12 790 4013 8163
21 9166 6021 1628 1201 9118 4195 196 1169 4128 8314 7578 8061 7725 6154 4474 421 4522 4795 1573 5629 6063
25 6649 2426 1697 6208 6141 2250 8173 1067 8300 6659 8493 612 4469 7727 1767 8283 3339 7142 5196 2088 8032 4341 8183 7268 1147
21 7861 8585 1963 7683 3709 4114 4804 5229 420 416 3771 9200 1645 3520 4054 8879 2329 7751 3586 3984 2169
27 6327 5237 7663 2857 7883 5219 8662 694 8807 4625 9682 2688 1119 6001 6530 4954 5638 6017 5643 885 5146 2030 8405 9048 9596 5342 7714
20 6745 1970 1251 5766 922 9687 183 1476 6282 9471 9644 6077 4768 331 7431 2637 5239 1540 9404 6795
23 9104 9743 2543 8617 5622 3174 9408 6858 5532 8432 9534 2506 7106 1026 8638 3959 9605 1277 4142 7625 4180 2583 7565
20 8586 5282 7846 4028 300 6902 9623 5238 4072 5101 8475 8658 6766 7038 4149 9600 4905 7611 2441 8582
21 1079 9871 6762 9634 4776 7061 8170 2700 1933 3472 6259 4837 9414 4995 9034 1704 7416 8441 1403 8119 811
27 6198 2942 1565 4021 9134 1721 1716 857 8605 405 7940 6758 2721 6427 6528 9239 3166 7100 6661 6568 2255 1691 2490 7964 5293 6750 939
27 9847 9087 5012 9575 4924 1840 9112 1631 686 5309 3438 7909 2945 2124 6846 2087 3707 569 3010 8966 642 5617 7 6876 2594 6933 1087
25 4839 6304 2738 481 7987 9361 2777 1810 2841 180 217 7331 4535 8930 8242 5315 427 2474 2638 1278 7283 5894 1088 1805 4277
23 24 5025 4630 5341 8615 1496 7732 4613 9234 1679 9422 1780 6957 3183 1099 8483 3733 2865 6151 1052 8947 6364 4891
26 5445 7013 780 8766 332 5465 4787 2241 6034 7532 9001 9079 1451 3810 5233 2763 7095 8608 3383 834 9521 9312 5869 5051 1809 2134
34 3869 3147 3951 8940 1524 4154 448 9273 2916 7515 6367 6674 9000 3699 8616 1603 8813 2215 1775 8354 7736 6508 4598 471 1740 4448 631 3423 1812 3427 4079 1646 4338 6288
32 4948 55 3605 1729 147 3584 4857 8542 3907 8431 2417 6977 3145 8500 487 6619 8233 2370 6684 1434 7942 7675 2471 936 9059 6315 8202 9599 4820 455 3871 136
27 1830 6924 1724 3510 8915 3729 8079 5441 2115 3463 1396 4992 8576 6254 5114 8757 7774 440 597 9323 4680 6869 1354 5787 6194 7083 9650
22 9291 4935 7196 7994 2981 1745 7232 8038 9419 9424 6886 6939 6036 6234 5249 5122 3525 5560 8862 1559 4103 6479
29 3442 1560 6965 4910 7692 5679 4764 5289 8826 8159 1368 2535 7504 5039 2621 1477 4619 7566 7482 6145 6673 1732 6209 3063 3872 438 5435 9977 1377
20 29 6900 8167 9631 6927 1062 4163 524 8693 122 543 6082 294 6033 7604 5038 7995 3412 4162 8057
25 8310 4959 1194 245 5027 1110 9319 2206 2407 4566 5780 1461 6540 6332 9933 4362 6949 1440 8305 7593 4841 2773 994 1304 7093
28 6541 9869 7347 1563 4673 4171 98 3904 4045 9160 8814 3216 996 9379 1317 1409 6823 9170 7517 4753 540 4311 4568 805 2203 1705 1003 8350
16 7913 1228 6199 6804 8629 3191 9882 5559 155 6945 123 4589 2925 5333 2998 1425
24 3253 5996 476 2198 7103 9992 8820 886 5514 3340 6134 8471 1308 1671 2102 5007 8828 3920 8985 4943 2750 8825 4861 5545
24 7768 7102 6255 8263 4093 2129 9651 4359 3361 4816 4708 6224 785 8166 8092 7803 3941 7054 1195 5439 8430 343 3021 626
19 9925 2731 4247 1733 1800 1098 6888 894 8721 4100 9221 815 8234 8205 7717 8666 5891 5376 7252
27 3708 3245 627 3024 7114 6740 6634 9481 4711 7407 8691 2959 3556 7573 512 5984 4478 1337 5573 9126 6621 869 7814 9638 8337 8301 142
13 7116 2783 1240 7792 2455 8719 4227 2375 467 5073 1241 2069 5046
25 6879 3068 3778 9815 4575 7120 7729 6953 5168 8496 4032 1821 6055 7378 5687 4216 4192 436 5839 4392 8275 3229 4185 9176 7173
20 2313 2006 6048 7574 1319 849 5838 272 2037 559 9230 163 5247 8946 2545 5800 3718 5825 7112 9374
37 2015 6069 1489 5698 3542 209 4485 5307 4064 368 5356 7843 5915 1008 6243 997 4688 340 4567 3256 8197 5002 9036 2807 4210 3766 4422 466 3889 2669 4108 3922 3576 8636 7057 2819 5714
34 4984 6875 7471 7455 8378 9666 1256 8257 9130 2977 4718 3470 2388 6137 1449 1857 8294 8513 6854 827 7354 1836 8281 367 7969 220 9211 6351 7776 5414 4976 5446 3617 3346
23 3629 6912 8189 2944 5711 1613 3108 9186 3230 8970 215 6178 4340 8998 953 8759 4616 2195 1385 7269 6465 8865 2618
28 8967 4428 718 2992 1994 3453 1245 3228 6283 9205 8481 2023 3163 8539 2017 5360 6769 592 7932 5703 3485 7753 269 1129 7600 8384 2463 6439
26 5402 489 159 4318 5064 6898 4400 5088 8903 387 232 9516 6308 9324 1034 1342 6736 1917 333 2575 5251 9010 480 9753 9906 1948
27 8179 5491 9617 5562 7048 1695 2498 6970 8511 3137 3395 6773 6510 735 1925 5236 6289 195 5119 3897 5555 8942 2133 70 9614 757 9430
23 7936 1593 3017 7246 553 4624 6279 1220 8667 9392 8225 8545 2466 6852 8579 5022 2775 7989 2251 4844 1576 4241 5225
21 2917 5856 7988 7811 7277 8945 782 6253 6054 8822 7520 8126 503 8600 468 2266 5328 4678 750 1161 4186
23 549 8792 3203 3918 7746 2438 2612 1743 7674 257 1953 5013 9663 3563 860 3198 6867 2196 2993 4041 3723 1254 8022
23 7640 9254 5771 950 956 69 5425 7411 4663 9828 3473 905 7819 2978 9360 4187 5121 9210 3644 3892 7146 8884 7058
28 5113 5304 8950 6202 761 1723 4605 6699 7237 4044 6414 2095 4876 7147 3896 5385 1056 8839 3000 2725 504 5836 9971 3612 4242 707 906 9545
23 88 8559 4349 9030 498 193 2924 90 173 7802 4893 7272 4562 3777 4626 988 1971 4375 7618 747 7204 5048 3838
22 6044 2166 8731 3409 3208 1843 1433 8244 8293 9988 929 1275 3155 189 6636 803 2380 6105 1682 3344 1158 302
26 5218 2386 4014 7872 692 5313 6362 4357 9946 94 798 3678 3171 6144 2726 1795 3638 3407 4134 16 9013 9309 6096 1064 5931 2818
29 5359 9191 1634 9817 7915 4965 3232 7361 3625 2343 9460 6620 3738 6406 8524 5061 7094 3300 6938 1196 5823 4949 7839 413 3303 5075 3676 1234 5266
25 9349 5668 6277 8219 6000 839 2355 8486 8767 2151 127 6873 4809 243 3374 4304 9384 8514 4316 721 6339 8919 7184 4700 6405
25 1625 6200 8459 7445 2377 5815 751 4843 3231 2882 9152 1702 9479 8186 6460 681 8358 4174 8096 411 7297 6895 1718 406 20
27 5716 4475 3249 313 6580 7712 724 3645 3939 5005 9194 1555 6205 2546 5639 4373 3195 5231 4576 8709 2267 1242 7307 1658 2321 5547 6111
26 8194 9297 1521 292 3623 4113 5995 3867 8620 3436 3511 8165 6472 7225 361 3243 6687 488 5148 7539 4295 6665 8722 4506 325 5631
27 4056 4848 9473 9680 8073 7816 2031 1348 5123 3267 1 7152 5155 7418 6776 3031 8270 9877 8006 5178 6986 6005 4416 1544 845 1137 6853
25 9819 9037 3008 7446 7867 9362 9742 561 3673 9177 2059 1224 4881 1505 3844 628 9500 2083 1617 6667 4501 3441 1868 9850 4790
32 6783 6135 8965 372 2357 8155 9702 2181 9466 3531 1233 6398 3851 1534 2040 3139 2433 8733 7396 4083 145 1462 4737 7074 3250 6623 7954 6118 5960 5623 7154 6210
25 1833 741 4421 4537 9561 708 9100 4274 2979 1182 8851 1061 9929 1154 4521 963 3881 5739 2871 5151 4998 4215 6311 9454 2926
31 8146 7255 4450 6360 8272 1299 5001 9441 928 6042 1516 5384 4526 7443 8931 604 4480 4313 8592 1622 6236 2372 1495 1801 2450 4691 5637 5055 729 7036 224
19 6656 2106 6393 4409 135 4312 6590 1765 2517 6577 7708 9756 9615 2823 1244 5685 4363 3422 392
27 4377 7956 6689 5060 7453 2622 2439 2346 8571 7750 5033 1229 2081 9428 7734 7695 6960 9269 7963 3071 3106 6300 251 3533 2300 9940 5273
26 9913 7799 166 8323 4705 3666 1944 6885 2852 586 5032 1761 760 1289 1643 7486 7447 1766 7852 441 4492 8380 3942 5867 4479 7733
27 3029 3381 7108 8555 1804 5160 8984 4892 3121 5610 2309 5911 4746 2279 9732 5470 4627 766 7667 879 1128 7559 7784 7950 4140 635 4622
25 768 9610 2110 3859 7004 8665 6821 6593 3016 7047 3521 8241 6436 3505 2237 2378 2974 8734 1112 8349 5030 6477 1586 1581 2964
25 8292 5090 8637 1529 6413 2402 4786 4628 6920 9026 7777 7962 9175 1416 701 6483 7071 414 1807 8304 4610 5010 5138 1173 3690
19 8104 1550 9289 7434 846 5626 2260 2141 1175 7528 2662 1018 1322 1059 5813 2002 8949 3836 587
30 4414 3608 4724 3044 4016 9950 6471 4560 356 9541 964 9518 5956 7258 6990 2728 1268 5246 6524 9601 3787 562 7977 6685 2221 1306 1001 3619 8921 8131
30 1776 7174 3073 4618 5593 5405 4930 9141 3474 8745 8562 1979 6452 37 2834 978 276 8068 4102 9258 6249 5871 9873 5961 3390 4731 3886 3111 3522 2770
22 5818 5369 697 1272 9385 7462 7605 6738 8679 3599 9578 167 6860 919 835 4928 9745 1303 6614 8 1093 6870
28 4637 4973 2335 982 5169 8182 9837 816 1741 6114 3808 3961 7179 7697 4890 1096 5106 1687 1782 9841 7670 2339 3703 5895 9390 9004 1958 5606
33 5086 9752 9757 3786 6836 9543 832 4245 8882 5957 6237 6196 5764 3261 2547 239 8446 7570 9222 8081 8815 7622 4915 2918 63 8569 7029 652 6918 8404 2604 8046 4865
25 7088 1372 4665 6004 6420 5351 4250 8273 5879 767 9779 9247 2854 2084 6167 9425 814 5993 958 5587 4517 7591 4191 7968 1887
16 2774 5663 1441 365 3534 7924 3495 8027 1316 4289 4547 8922 4454 2139 2493 1514
23 8271 3257 4437 7575 8832 7156 739 428 3205 6462 4539 6344 1235 4166 8696 6032 2836 5003 58 3688 3724 2839 3985
15 2883 1349 2235 244 2737 3009 2086 3873 5513 4571 8702 192 9656 8647 7410
30 7005 7864 4194 1755 9586 4666 8664 3314 1474 1922 4667 2667 6883 7403 8661 4385 2832 9093 9892 6847 3653 7478 5345 1074 1374 6193 2361 5265 3589 3618
26 9267 8133 502 7140 1689 9487 2304 7234 9881 4329 595 8247 2996 7034 6517 5925 3854 1183 7978 4413 6834 9791 3637 1662 5232 685
23 5393 1491 4130 5008 9951 3429 4947 2364 8954 576 3178 647 4684 1103 3240 6998 6278 7390 1367 9792 2922 5230 7404
32 1630 2589 3112 3513 7028 7874 3169 9054 8339 1834 5094 6389 508 2154 5367 9741 8359 4964 3282 6728 539 6797 33 5492 3642 4390 4126 2098 763 298 7163 7001
25 6228 3579 7019 2314 4617 3877 6463 8688 7365 9163 2398 5062 7130 5379 9142 5706 7345 4333 5893 6499 2709 9296 1120 8726 6152
28 4467 4659 6967 3770 711 4372 1193 1686 659 2394 793 9826 5785 9662 4436 2201 1344 8299 3695 7644 5126 5416 7450 4599 5588 3002 2157 82
27 8703 2920 3546 4761 1500 4027 9179 2395 2518 5172 9612 5411 3805 5805 8393 7780 1661 2347 2666 7484 6401 2650 5604 8818 1575 4354 3631
26 2507 2147 1170 5507 7759 772 3740 9681 7679 2173 6908 9110 7958 6043 3465 5763 1171 7388 2699 2175 764 637 8625 5162 2252 8083
16 1888 4913 1030 5120 4206 4834 9963 3173 2111 7582 8287 1611 9014 5964 9507 3264
32 9282 3557 8236 3181 4119 8373 871 9492 2468 9240 9571 8812 6072 2549 2951 6637 2779 5781 9522 5773 2579 4671 5873 9676 6911 4540 9123 3611 6246 2609 7356 4538
21 4059 9140 211 3047 6523 3622 8843 9321 4835 5186 7439 5364 8474 9713 3801 5594 7844 9095 60 8717 4741
21 4494 8042 4938 865 1871 7757 4085 2913 1965 7809 7755 8983 5185 3318 2643 9154 8735 3349 3903 6170 1293
23 672 4071 6971 8854 3790 6426 8968 6832 9496 6081 9366 7642 4009 6779 9423 8752 5277 2701 5363 1552 2564 3971 5077
18 1209 190 4208 892 7873 852 9132 9539 6681 9554 6442 2192 5136 4190 3730 4172 6368 7395
23 7475 519 7180 3566 5620 872 285 8833 6382 2232 9708 7747 3272 725 1899 1092 6878 4052 5797 4451 8897 5179 7049
27 9412 4112 8774 3199 9156 7830 6974 2684 3895 3391 154 940 1073 3519 4975 4459 3413 5276 5633 3094 8619 1083 5431 1751 9606 9642 3369
22 8149 328 1313 7494 1232 4107 7422 1904 9075 330 4503 9111 4590 738 5826 6018 8704 1080 1141 2509 8054 7795
28 2718 8370 5222 7711 1143 6197 9357 4989 5849 6863 9348 7015 7598 4543 9725 3822 4229 2155 7518 3003 3716 755 6889 9178 3302 3415 1015 6676
19 9707 5358 7685 7882 9158 2915 4584 7101 3968 1996 4236 2933 1063 3337 8929 7126 5047 6559 4156
26 1757 4742 1609 3334 7134 9579 2856 2505 3476 7425 1924 3796 1590 5097 4856 8643 2183 9342 2895 9689 101 1969 3745 7251 1408 710
13 3133 9836 9513 7062 6660 7124 4514 1122 8240 8389 4239 9486 9131
27 157 3603 1013 8128 4410 100 6550 529 2122 6904 6378 4470 283 7620 3824 7893 5320 2891 3306 9413 3835 1542 5454 8363 8008 464 2597
28 3239 2026 4758 284 9799 9705 65 4441 8103 7466 9114 8917 732 6868 6106 454 875 3568 6835 2555 6383 9094 5489 2962 3517 4968 4729 3559
26 2176 4495 6430 7546 5240 4699 1980 1431 2025 1394 7745 6824 600 4053 5478 3209 1754 9359 651 132 8714 4611 6991 2610 3378 1722
28 719 5480 9450 802 3866 9813 951 4796 8224 984 4802 216 2931 4941 214 4276 1819 3908 9565 237 5664 2392 555 341 6723 8282 4057 5471
17 6307 8642 8715 8529 3986 6319 6962 8809 6469 8689 3353 2306 7338 265 8877 1731 9937
21 3816 9144 2972 6641 8111 5451 6416 2966 8906 2162 5761 4438 9174 3814 6108 1490 8090 3848 5973 5334 5586
27 9901 9495 511 9633 3082 1981 2599 4858 4043 4638 2062 4258 5670 1853 5297 3131 7596 5521 5438 73 7052 7577 2318 8861 2961 8925 6997
21 3430 2305 1430 4481 7208 4528 2601 93 3062 223 5278 8115 5139 2125 2496 5667 6330 3837 2337 9736 5108
28 677 1867 661 8795 9763 6098 9238 7080 1880 578 6793 9420 319 456 9868 6038 3360 7966 3668 1616 3076 8837 971 8423 8866 7214 2697 1865
25 9544 7188 9628 9546 2495 6201 5260 5211 1797 8873 9919 8258 1578 5767 6204 3056 5447 2005 3927 5949 2427 1694 2363 2353 1939
24 7704 8040 2074 2780 3319 3007 9701 9858 1078 4259 3912 5985 184 8678 3037 8355 4934 6788 8858 1574 1118 5264 9494 7002
27 961 7224 3601 8190 7284 2171 7043 7778 4921 4840 2740 4845 5827 4849 38 291 2358 4631 2007 6664 6045 2821 2211 1452 7219 6944 8377
36 9769 5214 2661 1376 3338 5627 8772 425 7266 5660 9930 9821 1932 4486 3560 3098 8523 1457 5640 6226 7615 4952 1793 5469 5750 2046 9391 7424 7183 4286 3012 7824 4432 795 9673 5723
24 7318 1784 4895 550 4302 728 130 909 2068 5796 3834 2001 2226 1991 5286 4271 18 5202 8959 6789 6434 3347 2138 5854
25 6466 4141 7648 6120 1188 4453 2632 9080 9092 5004 7068 7797 1666 3004 1435 2514 7800 9173 5927 8409 9622 9749 3134 1082 3458
24 6607 1323 4200 5751 5695 2412 1176 7513 485 9208 7337 2099 2137 2708 4457 1556 9802 2317 3359 1190 5775 1336 5253 1569
34 9393 9595 720 7837 475 8546 8444 2121 531 23 194 1159 2541 8312 118 3102 151 5801 1464 7651 1859 6372 941 6972 2744 2792 6826 9040 8790 9129 0 8948 5953 3032
26 5299 2123 4207 409 1862 7209 7941 6248 6601 4282 2846 9375 9150 7510 2956 7549 6679 7076 7550 2295 2218 7902 4401 4904 2908 2289
20 7911 8088 5899 4353 2291 2248 3293 1670 2024 8473 7240 6175 6341 7160 4812 1285 6136 4197 9227 9354
23 375 4693 6239 3721 4327 4636 8348 1365 3532 1199 4712 1310 9055 1711 7923 8522 8532 7213 3023 8999 8433 7393 6533
33 9675 6160 5516 5719 7253 6484 7631 572 4806 6380 5262 8624 7483 1373 7139 4745 6408 9086 8457 1976 4743 1703 556 6233 6626 5111 5657 2411 9277 8232 8319 8211 1823
31 3976 3966 7548 3663 2000 7150 1106 3915 1584 4608 6897 6103 9718 9548 5552 4736 7782 96 9438 3832 8635 2569 9501 1136 4132 9451 4823 4220 1318 8308 4716
28 7442 2782 3490 5193 3735 9303 9062 388 4420 4423 515 3981 1411 9572 3382 1901 9664 650 9223 3206 1375 5096 7458 6845 8321 9214 2172 3858
20 7468 7198 1054 6438 4196 5511 779 1791 9027 2431 4789 5550 3827 4051 594 4010 2734 7869 5551 9721
18 2465 4644 3462 2082 4062 4682 2204 5059 228 1219 3260 2257 5142 4425 4193 5354 7826 8156
25 3156 2603 5902 4404 7211 6638 4744 5124 1700 4209 5582 3154 8750 5908 9155 7875 5802 9056 5079 8756 1739 5673 9938 4243 557
25 4233 4698 3570 293 7231 22 6556 813 4632 3089 8318 8975 558 5506 7324 1270 5319 6440 1280 6761 8260 4273 4177 3480 6271
22 3692 3167 2975 3122 5400 990 7903 461 3785 5394 2997 9593 8438 2994 4647 8730 5330 8810 366 2689 8276 807
30 9504 273 4656 9249 9171 4645 7248 1355 7900 120 8937 5700 177 7414 4979 8857 8554 2768 6610 7505 7362 6232 373 2553 6500 393 9115 5533 3064 5672
13 6024 1311 2649 5959 7599 9029 4847 884 7279 3820 1483 8320 1185
31 7319 9927 6786 1267 8059 4088 3119 4981 4270 9790 2332 7630 7564 7926 5958 9704 6486 9835 771 309 9122 6791 9193 1582 8215 1665 7828 7185 5407 3043 9776
20 6752 7263 2513 8958 4710 8074 8390 80 3099 7788 335 1296 7706 6535 3059 7369 9217 5459 5499 579
24 4435 6575 4520 8118 8192 4355 2642 4256 2665 4117 527 2682 1420 8253 1519 7327 2344 3674 2739 8912 87 3658 5972 1903
26 6794 6425 233 8536 6094 2109 6240 1072 8491 7340 2572 4175 5 752 7233 3882 8751 6950 8626 932 911 5883 6534 3184 7789 7441
29 41 8464 4875 6739 607 6512 9284 7078 4007 5694 1145 453 3979 4334 8936 1298 4701 7858 1116 2283 2733 5795 9066 4252 451 2487 2767 6147 5311
21 1407 4502 5189 4593 2937 3776 1357 4739 3397 4950 3449 496 8944 4738 4253 8570 2301 8386 8222 8674 5543
40 6110 2742 3414 4205 2781 6356 7135 3754 7194 1907 2042 2874 4906 819 7007 7488 5651 5191 8218 1882 2199 1915 4431 4015 9260 3343 8196 5776 4510 8012 299 8701 2421 2210 3780 7289 5666 1009 5790 2586
31 2261 4703 9804 5495 3680 1872 2160 2710 6963 9949 544 1876 943 2837 7098 9244 6219 8596 4564 6511 4342 9755 2719 446 7589 8908 1813 5760 3656 3755 9517
24 9121 7862 3544 3795 381 2288 6850 7143 9508 9298 4634 521 5793 1498 7658 9533 351 8778 5922 469 2671 2492 7834 6241
22 2720 1447 3067 1869 8367 3425 5844 320 9482 6359 4685 7205 4824 7860 9224 5117 4707 218 535 1931 3643 4955
27 4214 3564 5161 4139 9556 7558 8421 2315 4654 3946 7296 9077 5226 9822 2065 9395 2011 547 9108 6549 9162 2168 3804 4766 2656 4305 2516
40 8309 4011 9636 1912 4396 4555 2690 7724 6548 7276 5835 5154 6374 6504 9113 9302 1423 5383 9386 4272 1926 7155 1405 3917 8141 8604 9603 3001 1397 5283 2158 7855 6227 6302 8684 9467 7235 6242 3664 9472
26 4170 908 7693 5375 4784 5305 4415 2825 3233 3763 116 7653 7560 4039 486 5223 731 8144 5542 8443 6943 5889 690 3791 7133 6342
26 2009 9002 8176 9832 1282 1831 6648 4838 2565 484 3919 1889 6157 3136 1822 5128 362 3728 9660 6411 5144 2878 7696 5599 2845 3528
31 4687 6670 8448 5158 9526 5014 3974 5941 6705 4770 1320 6565 2960 9009 3933 1673 1039 7189 2050 6827 7917 1506 2877 8515 1258 4005 7676 2764 4069 6470 6080
28 2571 4583 7171 9954 2270 152 7763 9948 9968 5917 880 9183 1960 8533 2534 959 591 577 9351 7904 6428 4122 9343 1216 6355 6441 7509 1418
30 3891 7010 4819 1260 6848 5878 5166 1946 7153 2712 6169 5102 6604 9853 7728 7291 9315 4306 850 3309 8041 6837 3192 3995 9465 6576 7983 6993 4962 7713
19 2135 7677 9316 8085 92 6764 1977 1787 5870 7507 2452 613 7760 9307 6019 7008 6840 4695 8154
19 172 2957 1218 3114 5009 2374 1612 2229 6146 8621 5886 3831 7452 6050 5095 4580 9931 3975 9117
31 1178 6485 8203 4150 4657 1734 6409 5087 8243 9265 6562 1248 9574 3269 6116 1591 4862 6829 6682 1818 7221 3379 2685 1291 4946 5754 5203 4814 1301 5817 6644
31 3607 1040 1883 7129 4387 7451 5955 3773 6455 4246 6333 2415 3842 8981 3123 9299 3694 1053 2863 2222 4037 7308 5624 8676 1877 2615 3020 6770 6294 2376 6258
16 4003 7691 2330 6313 2694 3088 9502 5950 7317 5467 1437 6693 4049 3238 9304 5501
29 5757 7309 7638 6161 6437 3905 8261 3843 5583 4089 1458 8749 3913 7960 7868 8060 2308 8775 4581 6954 6501 2985 3087 3456 7481 8454 4811 4799 1410
25 5424 5213 7000 7415 5250 9022 3295 9647 1331 514 5340 6833 1132 7998 3212 5302 7254 4827 8495 9653 7288 3226 6079 5609 1290
30 9207 3403 2453 9923 8761 9987 3606 7077 3454 4775 4734 2753 3 6581 9886 4899 8725 6861 5975 7898 6318 9966 3613 2148 7660 2029 7744 5011 4399 8098
22 2949 9698 1817 4147 7381 9064 9292 8788 9355 3072 2580 1448 2214 4086 9659 1623 2868 2683 3914 9909 4778 2238
20 1135 4648 2717 3947 1620 9469 1523 8824 6707 5373 6256 4254 8863 3273 7955 3950 4779 2554 2227 3380
25 6831 3697 3435 7637 5366 2729 3498 889 1945 8153 4818 7159 2849 6444 5177 124 8142 784 8762 4783 7181 7303 5819 8123 4662
27 6321 8787 8747 5069 35 6825 2497 1294 674 5584 949 9474 2670 2333 7021 509 7592 9801 5969 4025 3118 9426 3943 9119 8905 8994 1095
22 9325 277 3632 9538 6159 5343 7984 2234 5188 1681 3096 5098 8567 8561 9999 6914 8497 9648 5296 4189 3987 7042
32 3307 580 9613 6652 8575 7808 7737 8951 8419 2366 4944 1037 7626 5093 2051 9863 6397 5427 6180 9849 344 149 6600 7523 8048 2258 207 7530 6349 410 4040 7138
16 7070 8342 2986 3333 225 6280 1709 8933 8656 3399 9762 8829 3387 1585 6099 1076
21 7346 6767 2327 7810 2079 2464 3921 5382 3574 924 4569 8811 9435 1432 9995 4473 7144 3158 8255 5581 3408
17 1315 8477 8112 658 506 691 5792 2016 7581 8031 1253 8252 1545 1849 7202 2114 6955
41 3743 7585 3358 7975 8395 4285 6172 7762 6571 2568 6454 6270 5481 4449 7259 4852 1033 1714 6714 1806 9978 6830 2522 6014 4774 7976 7084 8461 8972 632 8487 6335 4556 3978 430 1614 2312 2691 6453 2897 6494
24 8955 9751 7614 7594 4828 1855 2348 695 8632 6211 2350 3660 8065 2674 3803 8201 1279 1858 6022 6616 447 9146 998 5857
28 1984 7682 7344 3940 7197 9810 338 6925 1047 977 2884 9213 9060 538 2239 3726 3926 3219 9961 495 4061 9008 5325 2692 226 1085 1972 2117
23 4309 9691 9137 3129 3445 376 3291 935 5901 2045 5558 5681 2058 8997 7022 9715 2870 5404 9956 3652 6350 3929 9796
27 8614 8989 6475 9641 7534 7629 2702 7967 8645 8591 5268 6560 4694 9416 3241 1243 3551 5905 5691 4999 5419 6217 1202 5294 8332 3185 9918
31 5868 6189 9820 1530 6662 2748 8445 9737 7236 310 4202 4403 7326 1165 7775 7671 8172 4417 5595 2127 1184 3630 4151 6592 9746 5110 4983 3388 8411 5159 8607
20 5332 2512 6329 1346 1121 2167 1676 4756 2482 1048 1417 4301 7815 345 8765 781 573 5037 2628 4750
21 8708 2061 7020 4347 3901 501 3999 5180 6552 2256 9903 2851 4097 404 5561 9279 2747 9786 664 7079 8943
33 665 1399 1968 2653 657 5306 9962 9652 5308 6727 9880 877 5725 9870 7521 449 9231 6320 4389 8727 1124 5997 4381 4465 9204 915 4797 3581 2371 5078 8507 6051 1602
21 3614 8799 9219 1513 3315 6816 2607 2584 6495 4019 8248 9582 8853 3175 7175 7302 3711 7959 9371 4445 9025
26 497 8198 2585 6615 9364 3636 4821 979 4136 1531 5704 6874 1487 1672 7216 6431 9445 9098 2574 574 1329 191 6976 7597 7011 5720
23 6706 5744 1527 9985 1250 5603 7301 9859 2479 9780 17 5000 8623 8095 1044 5924 2946 1847 1356 3687 9290 797 1261
29 9514 6381 775 64 7579 3354 5684 9251 2835 4371 4335 492 8844 6391 4076 1125 5574 3649 2387 7313 242 9373 3932 5814 5749 1825 1758 8612 6127
25 2581 554 5808 8187 6672 1640 137 7525 1264 7791 3847 3323 1934 27 6162 6429 7853 4468 7023 9468 3357 4226 8124 1594 818
20 3148 9306 3821 2216 4966 6893 1595 8023 709 4939 1045 2345 5992 9945 1626 703 1548 2038 8053 8122
19 6031 7342 3496 6591 5350 1469 3635 5475 9367 312 5068 2499 822 9567 5659 8137 675 8453 4374
19 6456 5888 9127 290 3493 6190 5314 5479 5072 1974 4967 2349 4023 4931 7026 2219 4901 9589 2724
22 8425 1146 3958 9199 6969 4328 6956 3938 833 6122 2596 8164 6813 7972 6370 7107 8895 2932 8011 8336 9332 5044
33 5018 6724 109 4717 2112 8892 8035 1453 1647 826 5143 6165 8687 3251 5708 3997 1179 4730 1989 25 1533 7538 129 5898 5772 9883 1362 1274 5084 8269 1881 8226 9637
24 3578 1685 874 353 6921 9833 369 7091 7006 3428 999 3982 8465 4603 4740 931 5165 6176 4222 9540 6230 3898 3825 4268
39 1414 4109 2928 9045 5982 7110 9475 5045 2128 3818 4356 1470 2938 3752 3101 9816 3227 3756 7322 6891 6709 1151 6554 2582 3447 6640 5257 3336 2342 8781 7820 7469 2827 4961 2629 4760 8923 7343 9326
