5 244 43 37 151 165
3 246 139 52
1 109
3 105 258 118
4 148 129 50 16
1 25
3 128 242 143
3 127 283 20
0
4 58 185 201 289
3 56 29 115
4 161 188 142 71
6 4 253 6 45 266 247
1 211
4 53 26 264 59
5 41 263 268 120 186
2 60 191
0
3 150 209 177
3 212 154 262
3 180 114 123
2 158 163
3 110 222 175
5 133 204 265 97 183
3 267 269 12
5 62 295 23 140 297
2 250 51
2 64 73
3 34 170 298
6 210 144 48 248 31 256
2 30 84
2 65 184
5 159 260 224 68 47
2 220 61
3 57 243 231
4 36 113 277 241
6 168 286 157 138 215 94
3 179 136 155
10 193 166 282 202 117 5 291 255 69 257
1 132
6 116 137 239 83 182 192
1 172
1 13
0
3 8 38 17
3 87 125 28
2 80 285
1 40
3 33 124 2
1 72
4 54 296 213 145
6 227 107 156 146 147 288
2 284 237
2 292 270
4 164 134 90 78
2 14 89
4 259 174 160 141
4 276 252 208 173
0
4 221 27 238 228
3 167 122 206
7 18 79 226 102 214 287 176
2 32 126
3 290 225 178
1 181
2 281 219
4 261 39 230 119
1 15
4 249 75 254 240
3 70 199 293
2 232 233
2 85 271
0
7 88 95 63 205 106 55 169
6 24 74 10 280 135 149
4 44 21 9 130
4 217 22 81 67
0
2 46 153
5 200 3 76 196 251
2 223 66
4 245 86 190 1
4 108 294 35 104
4 0 203 171 187
3 275 98 229
6 273 11 235 152 278 77
1 234
3 198 207 272
1 96
4 7 112 194 189
3 197 101 100
2 99 91
1 216
2 121 49
6 162 218 19 82 195 131
2 103 236
1 274
1 111
2 92 279
3 299 42 93
