22 3647 9625 2399 849 3475 8869 5160 9433 9889 97 5824 9444 3227 1096 5614 7333 1068 1520 9518 9699 1971 6489
26 3055 4346 3396 4913 3636 501 6161 2 544 1078 9175 7635 3979 5691 3355 8006 8775 6079 885 4508 8095 5797 9189 4554 9638 2848
15 6457 6879 9138 9167 3476 2075 4992 7715 6682 4039 4603 5595 9061 1456 7731
29 4020 41 4115 364 2275 1023 8595 4482 2290 8428 1934 4453 5004 1714 6169 3674 1329 9739 6500 207 3558 7744 1076 8964 1809 8622 4332 8308 2225
34 6135 6695 2507 9495 8309 2944 9570 5702 1098 7363 5849 6149 1033 2364 9870 9740 959 1229 1753 1032 1632 6835 1824 6588 5800 8971 9615 4402 5964 9560 5458 5376 1306 7937
22 303 1438 3196 956 1565 2967 3685 5852 771 6259 9415 9350 4670 7038 7980 1645 679 9383 6294 5415 20 2658
24 6361 864 9628 3760 1271 5050 1051 6593 3495 2398 5882 7461 281 6532 9767 7299 4176 3419 26 5157 6732 3711 89 8866
30 8758 3200 7108 9610 8652 1907 30 9231 878 520 613 6557 1162 3926 3803 8172 3452 5319 5035 3304 4757 747 4785 1497 2625 7968 3836 2786 5944 2163
20 9675 6450 2919 5352 2122 9298 8599 3763 9327 8181 1468 7728 345 3944 1092 269 8053 8152 8057 9753
25 4437 9306 6961 5756 2495 377 8605 8645 4718 5976 5550 3841 1125 3960 2889 7419 1720 8162 7478 4631 6388 3427 4484 9004 3569
21 6694 6189 7355 9011 3779 2573 4291 8246 490 4486 9447 2611 4032 7963 1056 204 4242 1120 5896 8226 3543
23 3257 4959 7455 5892 7309 9785 9647 5635 5770 5558 3962 3070 9639 9582 1413 5488 3548 5397 4721 9932 8251 8877 2609
24 9768 7406 1024 1102 2132 5626 2108 990 4209 8030 7266 7394 4312 6542 1025 2097 1279 4192 5588 3184 3012 7138 1088 6152
29 8292 9274 8219 7287 6356 2551 2323 1110 2690 9790 7077 4489 180 7819 1736 5373 4572 5059 3959 1786 5079 9086 6037 1442 3923 6981 4716 247 3618
16 3833 7143 5040 9778 640 7807 7147 72 4754 1018 8398 9168 6148 3665 6127 840
27 1269 4225 4088 9191 8548 7546 1913 6407 9575 1692 3340 7167 9754 5911 294 5969 2093 6362 1434 9643 8729 9049 8706 7241 5942 2905 5404
22 3156 277 6752 2207 3146 9623 6597 8504 202 698 6008 760 999 1243 5796 3037 5257 8456 2637 1083 5673 3520
22 6654 4205 6098 645 2314 6156 1551 3759 8494 4092 2051 2607 3465 8432 9248 4382 2024 6204 4818 8924 9663 197
27 117 2316 2603 8477 3049 8747 156 3433 7682 871 1797 7090 6036 1856 3382 2325 28 7345 7615 7644 9689 7717 8515 9898 1404 6944 3559
26 1372 9289 9483 4544 3666 4782 7613 843 6491 7248 249 9951 1314 5526 7062 9682 6617 3399 1196 8060 9777 1901 2046 1467 2821 4103
24 1178 3029 7810 8112 4940 8079 233 9135 4566 7411 384 8963 7773 1780 4460 9955 8756 8561 9147 4287 9301 8488 7436 316
25 9256 3555 1674 5393 150 5557 4064 3842 5163 2740 1154 3361 1124 8045 681 4925 1906 4650 7269 4134 4364 2679 1408 3522 1343
23 8489 825 9685 8786 378 2539 9065 2171 6393 4331 6582 3157 5317 105 3233 7879 454 6610 9188 7099 3150 2744 1936
27 4839 4546 8020 7648 2916 6398 1733 5306 4654 379 6437 5534 3154 4403 189 7914 9594 4960 5863 6960 4837 1582 5339 1238 7991 1698 9326
21 5369 3414 9738 6128 782 2159 1792 2037 8593 4590 4389 6929 4075 2616 7233 822 8389 4998 5685 6631 2604
24 4194 4537 8989 7134 6270 5878 9548 537 4198 7622 9565 7760 6671 2763 5703 1732 2249 7450 2490 7268 746 3128 2203 6750
24 2949 8406 6307 502 9631 4154 7637 7665 369 7256 4675 5314 1448 4902 3511 4793 6791 1099 2785 5916 4181 9668 8374 8154
25 7685 3104 7097 300 5437 6121 4302 8419 2115 1365 872 9192 1004 186 594 2282 7514 2474 1180 6358 644 4897 623 3712 6870
18 9042 8791 9497 6946 2790 800 8283 4768 1405 3356 4325 1577 9646 6011 0 2300 796 6458
24 6466 4307 1384 3603 1200 7687 5237 9316 2143 9680 6243 9247 9240 909 5807 988 7192 6351 8487 7350 3679 9097 5253 3969
26 6922 4815 6021 6280 1523 8620 1198 1541 1911 3428 4359 7741 4276 9155 6264 1996 8304 4610 8349 5961 3327 8423 3571 3688 7496 6434
16 5018 271 2577 7361 2644 1416 7632 7454 8568 4574 4298 4728 7739 6968 5003 8171
26 6912 5034 7415 9377 6463 6678 536 2955 1075 2419 7212 2749 1956 5199 8975 2891 158 5561 3207 2013 5207 5987 8235 5435 2421 1972
19 222 7567 462 1062 5584 3058 1870 4472 1119 6891 4480 1548 7368 4945 6878 3713 3965 3749 9970
24 1138 2942 6898 5689 9333 6975 174 9079 4498 8544 8523 2668 9422 1140 2091 2811 8526 3613 9343 4216 5869 3884 6534 845
18 2432 3607 4475 5686 4404 7448 4027 2935 5442 1787 8757 2595 6516 7776 6998 4702 6350 5173
24 9003 9670 4511 4387 1563 219 4098 1109 3602 5366 9141 2599 1182 889 3323 2265 2545 5546 6611 101 4599 392 4047 8480
27 8175 1963 6425 2780 5043 2831 2525 5417 6821 9553 283 6923 8746 5906 6142 7674 6696 4265 1766 7932 6233 469 8888 5311 5753 7713 2544
34 1335 606 6412 474 7227 7088 9965 5025 9920 7572 7994 3420 3122 6503 4485 9320 847 4433 9630 6140 2532 9899 5336 2001 5778 6499 4614 3367 1622 712 1728 3111 9993 7115
28 8773 961 7612 513 3129 5712 2118 442 2031 9252 1294 2732 3443 542 3906 3997 3748 2796 4483 9437 4313 407 8669 6227 3742 9206 6258 8008
28 1002 2742 3202 8073 3879 799 6544 887 7403 227 3389 1171 6510 6369 5772 2014 9502 6314 2855 1506 844 1390 8905 7181 9243 4157 1961 8120
29 6724 8323 8902 965 5853 4615 9972 1977 7778 1493 2842 4073 34 9946 7060 6318 5705 5346 6275 6667 9746 4611 7888 5623 9782 3611 9517 3110 8147
19 6424 5218 5743 8176 7857 6319 67 5180 815 8050 9528 4427 1798 5974 6032 9467 4133 7335 910
26 8698 6026 8990 2241 4515 7370 2407 977 6114 5655 5733 9919 5132 8170 9542 6666 3056 9520 5075 3260 6621 6889 7310 2307 3518 5586
37 3333 9864 5996 4139 9127 6512 8719 9602 120 9228 133 8339 2281 8987 7998 7588 4941 7330 9578 9358 5114 1782 5979 5117 4916 4765 4081 2257 3687 6250 5044 8572 7391 587 8123 3289 8874
30 84 3849 9511 7364 2706 4686 2660 1260 9195 821 9833 9355 3102 2804 2768 3896 5968 6488 1224 8911 5183 8387 1765 6990 5612 1322 5950 192 418 3284
28 4687 4414 2006 950 6012 951 5082 9284 81 1532 6833 6655 6504 1253 1717 7788 7385 1183 1712 9059 3206 8919 706 1398 8913 1341 8607 1962
15 6252 902 164 209 1387 8186 1643 647 1615 160 755 3941 7606 4729 4955
23 9349 8376 8823 2622 4266 5032 6527 7866 4655 4889 6957 9914 5195 2965 2894 3071 5463 2827 1680 667 5973 5953 9766
25 3090 7188 8420 1326 9345 5602 6200 6805 4830 4986 5187 4699 8616 8051 5992 6033 8811 9704 3599 3634 7800 4519 8454 3928 1019
29 4525 8587 9852 2838 7119 6069 9743 2453 3974 5382 5701 1709 7081 3450 2434 9213 3072 1057 370 9534 3661 9050 8709 2127 4321 9591 4162 9058 8331
20 1209 2384 610 3398 6984 5620 6476 8296 5313 6622 1988 6854 2801 9149 3861 3248 9266 1586 1663 108
19 5137 9627 6123 660 6413 4714 1861 8693 9722 4443 4219 5522 9181 2909 1126 446 4545 6461 2691
30 6403 9935 8520 2233 5477 4327 8988 285 5472 7987 5610 924 6308 385 8841 7923 7071 798 5997 1103 5270 2643 2617 6914 9875 8501 2211 4741 635 4124
26 4455 9046 210 1860 1529 5782 8229 1537 897 9458 952 7216 6802 6299 3955 2918 2088 968 4763 3192 8580 2698 4315 8078 7356 1758
36 7936 3740 9992 7234 5779 4617 6344 8027 2452 8400 3391 6774 261 4868 5271 5152 6887 4626 4037 3144 2716 242 650 3246 9786 7485 8724 5812 6635 6943 9499 2032 1892 8001 1653 939
20 6783 8024 5017 332 7684 8324 3877 4121 3121 5083 1889 4893 4715 6072 6554 8041 3804 5776 5144 8386
18 6239 772 4652 8615 1355 3228 545 1450 6363 3031 2083 8202 2669 5839 562 8232 7586 616
25 9544 7575 5213 2809 1875 7231 2109 7536 7960 9855 2392 9431 3653 3100 1280 5581 2080 1213 7307 8797 4479 749 8898 7766 6111
29 2686 2751 1620 5861 4966 8806 1660 1106 4353 1474 5792 6165 8316 2461 9624 7272 9994 9605 7452 7591 8000 3337 6411 7977 762 3042 6518 7601 9673
23 3371 4833 6198 7114 8395 5751 2480 5069 6741 1330 2468 3251 2614 6134 9941 1920 9607 5552 4262 735 9713 2369 4018
26 7399 4309 3527 9563 7465 3482 9361 1203 6970 6583 9092 5062 6785 866 7868 745 9310 8197 625 451 5084 4142 3872 8468 8083 4568
29 3471 1492 6381 5245 9845 6409 1386 9246 3403 1949 6584 4119 584 3501 4323 9379 8889 4351 4360 434 6823 3336 3153 8132 3335 2090 5225 2818 4662
26 499 284 1491 2680 3292 2343 8164 4345 8871 7462 6083 3635 5639 1772 1916 1998 5468 2175 5469 6760 1665 9154 6334 9069 234 5108
21 7475 9581 4507 4260 633 9842 7870 6677 196 5724 5700 1504 4805 4899 116 3300 9218 2435 3964 7144 9088
19 3105 4285 7666 5238 1831 5143 2052 4682 3592 6339 9551 2936 4172 7426 411 1366 5293 5179 5697
30 7320 5598 5381 200 8133 9712 4063 3114 5070 1175 2758 3686 3341 9835 4535 3481 4745 1754 5321 9260 3766 7412 6373 5935 8384 7953 5508 976 8022 9476
16 5693 2465 4494 1609 3596 3541 4657 552 7763 946 2394 2379 2027 6295 4760 1594
20 1689 4696 657 6120 194 4698 4044 8807 6620 7743 3832 87 6468 1225 1285 7748 6844 5436 5616 805
29 769 5324 713 2578 8915 2230 8187 1046 9035 8585 39 4014 5154 733 6801 3272 7706 5585 8863 609 1156 16 9099 2488 9793 9129 2806 6978 5931
24 7401 6767 1955 7811 8037 4074 5582 2154 2125 851 5755 291 6183 5524 3820 3911 4390 8825 1141 913 56 906 795 3021
28 7198 8803 4661 9874 9190 318 4084 7794 9346 4441 4497 1424 524 3194 3221 9222 1945 8689 77 5259 1321 5067 5215 4191 6194 9891 3172 5571
29 8518 1993 8670 8509 666 7156 1863 147 9526 5572 4123 716 9420 7091 1389 600 5255 8465 71 8166 2226 440 9312 2767 4896 3298 8934 7899 9472
31 3103 7373 615 1349 6956 6814 5400 76 883 4843 5830 8343 3258 5360 4890 8307 7331 9839 6938 8068 3515 7918 9807 1893 6535 9791 2493 2301 390 6782 4865
33 4742 273 9619 9752 3572 4048 7174 5214 7135 8444 1973 1791 2984 3085 1668 4521 1828 6798 9506 4001 3152 7076 2428 539 2222 5625 5151 1268 7820 4458 6828 6881 2073
28 6410 1005 7428 7171 4749 8239 2128 8134 3269 6312 3963 8081 964 5403 5165 6577 5521 7413 8762 9525 6890 2491 9567 9759 2289 7002 6721 5125
28 8630 6875 6048 8194 8188 3263 8493 5835 9381 5479 2229 4533 8809 5097 2380 3296 3582 2146 7658 8537 323 9692 1107 5348 6158 7235 9176 224
25 920 585 9477 4969 6013 1176 1340 1275 595 3026 7921 3011 179 4110 6668 8286 8983 5677 2615 3132 2349 630 5410 5269 7824
32 2278 5971 4223 1146 476 8766 6601 6067 4167 4356 1339 4244 5519 4038 2906 7806 803 6370 2111 9235 4946 7978 312 2294 9119 3423 7242 8385 1951 3480 3586 3643
29 4829 1867 4583 3047 9804 6068 2291 2119 6201 6298 7860 151 43 9866 3437 4322 1373 470 167 4674 1270 5512 3237 9051 1144 1044 5924 6445 5592
27 3869 8342 3773 5341 9620 9636 3993 5957 7633 1681 2557 8860 7360 3736 6543 7695 8117 7288 6095 1190 5833 8880 7338 6045 2312 638 5723
30 7270 6002 6851 9164 315 9985 2352 949 989 907 1695 4358 7573 8745 6042 3967 9884 4135 7782 576 838 5330 3598 9107 1740 1274 6623 3633 2697 2843
27 6321 2774 9255 1755 6739 2548 9070 7197 2179 1796 2854 5870 2584 6436 257 8853 2728 9066 5607 8479 2650 4752 3698 5637 9960 5362 7219
30 2009 726 5663 5307 1725 9033 7490 4787 6454 7389 3893 7689 9583 7239 1165 9598 6396 2139 7213 8592 1482 6687 1483 1552 9608 3255 5443 8865 3032 5672
26 268 8462 655 1369 5815 1245 5457 7683 3215 689 3846 7651 8512 9828 5136 9081 1556 2317 3171 4814 1085 3627 3718 2656 8861 8552
24 4693 6003 5711 1745 3133 1324 8995 4128 5101 9510 3624 8524 2476 940 363 8076 8199 5418 5461 5011 3950 8260 8337 2845
16 700 2426 9341 7576 267 6331 6862 8108 2043 963 9856 7541 6303 6354 5657 8453
25 7957 549 3795 6119 629 7513 9023 7610 8492 8813 2632 3079 4385 450 4740 5761 346 8347 528 3010 4991 4817 6057 2318 1418
23 2313 3513 4713 326 3669 9817 6357 578 2473 4800 6996 9998 604 7199 5826 4707 7432 8195 5058 790 9834 8087 5370
19 8703 7704 9087 9450 3940 7479 7745 8361 3788 1382 7305 8330 2775 8280 9280 5773 4399 6433 1003
22 9890 3640 5554 2206 5156 5444 7564 6378 6414 6442 7322 4187 1682 1362 5429 9399 7074 6664 5688 8122 5848 5501
24 5086 4842 5991 873 7312 5879 5941 9554 3494 6106 6254 9957 7367 7332 858 1022 7304 9443 9747 2623 8138 6191 8980 1300
29 6634 1729 8368 5291 3952 1959 5201 9251 8220 250 8922 7106 1566 6530 2510 4030 6852 3303 2030 4633 8142 3771 8744 1014 1074 7559 9555 4 3035
22 5300 3199 7209 5809 881 1459 8390 581 2150 2761 8422 4254 6797 9967 6899 7473 7405 932 2968 1788 5874 1134
30 3253 7477 2673 5193 403 1644 8968 6041 3680 330 2425 5917 1072 6406 2303 4272 3401 3479 6972 3552 4898 404 1400 4239 2734 4976 1242 1350 9918 263
18 5649 5890 4788 1406 6647 498 3169 2393 2078 3182 5080 8491 1567 3164 6109 8002 2890 7733
19 3236 1503 1647 2648 8534 1169 4828 7177 2911 6100 9455 7844 6315 1617 791 6788 3576 1473 3887
22 4761 9561 982 8953 9832 7769 1248 9436 7971 9734 8110 5908 8115 3854 7854 373 6522 7694 9531 948 5825 9614
26 580 7140 6836 8445 3958 6420 7191 8617 8101 7712 4639 2044 5167 9400 2437 9732 3491 2871 5947 2872 7767 2878 4129 1147 9454 6997
33 8088 2217 4405 9836 6658 4677 7534 2665 5188 6326 4096 1999 6137 6763 7025 80 941 4083 5325 3081 3730 5787 9034 4753 8452 8404 3492 410 4795 3724 9577 758 1887
32 9020 2986 3239 8213 6711 439 2982 7232 113 2292 3584 280 8063 3753 8691 2541 6743 5483 6276 496 8011 2308 1011 2389 6725 9522 8837 2094 2223 5388 329 1633
27 9514 3817 5112 9769 8273 2174 3225 4415 7222 8366 6167 5061 9653 9966 8579 3720 7484 6918 349 8589 6964 5354 5467 8508 6052 9635 8463
29 7956 2589 7464 1994 9249 9158 6333 5579 7873 5172 9612 4136 3498 996 9908 7200 9285 4567 1807 5687 8092 8391 9711 2170 7112 2408 4432 4951 6507
21 5445 2061 1353 3160 8167 2896 3782 991 3062 8721 1298 2028 1793 888 7828 3995 1437 8333 9764 6685 4292
29 8435 1723 313 9923 9319 9159 1768 1947 5864 754 22 1672 4370 4619 5739 8531 4524 5419 4361 3244 2334 5121 3652 8541 1377 797 4799 4268 9334
26 9550 1273 4536 8191 7102 5495 2893 5690 353 4834 947 7065 2246 9245 3649 4199 1536 3250 9787 6701 648 3922 49 7131 9831 5606
24 1883 5769 6277 7372 7028 9457 7856 7502 7009 8140 2484 7003 6187 6040 6551 4578 6166 1517 4193 9339 2253 3871 9770 6185
18 1227 3921 4070 4366 8353 2646 8680 3678 7892 8702 1375 4022 7625 6147 3113 5545 5434 1150
27 8699 7799 6710 4352 3051 8207 3746 4249 4221 7286 9824 682 2057 4569 8961 1941 4809 5986 7124 4514 6553 1131 317 1751 3464 6693 9937
26 2418 157 7553 4935 8715 6729 8918 8760 9136 8646 3847 9527 4919 4835 78 6124 1940 5131 3040 6477 9606 5432 2114 4841 9461 5939
35 8149 4984 6843 2973 381 1489 5698 8521 4328 2954 2556 2141 5684 5386 3691 3930 2882 6730 7217 3895 487 1649 7046 4456 1610 7500 5200 820 7621 1683 3265 8411 1173 9878 8414
29 6558 3108 7277 8597 1264 5642 4248 1702 2947 1130 8649 6215 2459 8015 3219 9693 4151 2987 1694 7597 4779 2172 4445 8332 8211 3347 5449 3631 9573
30 5970 7471 7319 6485 248 7876 6579 6896 7764 1817 9353 4667 8550 9658 3574 3682 1814 8954 5261 3725 4933 4102 4513 9359 9861 9521 4116 7390 4189 2100
21 6031 4143 622 2077 5054 4396 4045 4406 6366 1050 3973 8383 904 9991 6091 5128 2148 1427 9486 4929 6479
31 5406 5332 4794 9402 211 3068 35 4113 4937 9980 2173 9270 484 2526 7817 1487 6386 5910 793 7292 4822 9519 5594 5115 3563 7160 6401 1928 3727 8424 8265
20 5027 1168 5323 1921 2560 3900 4688 534 7033 8540 4517 2876 4118 9323 9596 1367 6955 2411 9765 9396
22 297 9947 1346 9199 9478 7453 984 9064 4669 569 3379 3806 7225 891 8305 605 7660 2136 1858 5439 6 5854
31 9411 9626 2020 3579 2904 7438 5182 146 2235 3793 1037 527 9706 2535 3961 7250 7893 5506 2743 1070 7720 4934 9772 8836 246 3028 4363 9296 5536 2509 3458
20 6338 9654 2651 4957 2178 1896 2501 5520 8842 1034 4368 6980 2396 2472 860 6084 7954 4305 4177 5629
18 2639 9633 9731 3216 8750 6838 2621 4597 4019 3920 6539 3143 9257 1287 7039 4308 9259 6919
20 8711 2782 4796 779 7113 2939 1650 6753 2387 5231 9755 4438 5671 1877 995 1801 9669 4968 5977 3380
26 8640 1553 6000 9897 2415 7515 85 1104 7341 7793 9232 1338 46 1597 8822 2562 1277 1035 6827 6015 7669 9601 9885 1495 6193 4540
22 7347 477 1215 7425 7757 235 824 4727 1596 4952 8966 8704 6675 5414 2427 8 8959 8430 1939 9532 4803 2813
34 2576 8290 3334 6192 4347 1233 839 4636 4068 6213 9508 23 1598 3699 9077 5099 5904 7552 5763 8810 5823 3801 228 2262 5850 1878 1987 8249 2583 4474 4531 1677 3286 8054
18 5615 5885 3585 4990 7066 3751 1513 8437 4816 9091 9688 2242 1648 3348 2022 2877 296 3838
21 3410 3910 9156 2613 6987 135 1715 8105 5093 9718 8673 6733 8003 727 628 110 5068 4288 9719 7869 2326
39 6822 9974 102 4593 5866 9273 1160 4318 4555 2366 7654 3532 3377 275 5502 786 9302 6810 5383 7362 1687 7578 1241 3166 1706 7055 8206 3318 6145 4367 1234 2879 7026 1708 6959 1454 2055 3883 2273
18 5887 3566 9795 9789 8695 2875 6920 7387 8268 8960 6953 7125 2612 2162 5081 2849 3440 8183
22 9459 6329 4635 646 7808 3493 3044 425 6605 8993 970 1000 8026 5765 558 1899 3046 9095 9215 4160 1139 7641
25 372 3608 4826 1970 8642 8326 9950 2722 3086 4369 4407 1525 42 4473 6249 8005 7218 4780 7458 9999 7801 5867 8701 579 2152
17 2738 9538 1864 8686 2089 8688 9894 3308 3659 7838 6995 7753 7590 9609 6514 6212 3723
38 2106 6053 541 8614 2992 4170 6133 7663 3839 9388 7894 6939 7750 518 7021 6556 3282 9480 2177 701 2988 5985 5722 7842 2197 2895 1021 8927 1445 2683 1868 8070 12 9277 6603 1823 2586 2276
13 1040 3317 7903 9018 8067 7890 134 8732 8907 9942 2592 5596 6993
26 4873 8784 8681 7574 921 8042 1186 1640 4449 6178 1781 6726 6707 9142 3187 8771 861 6464 2873 2795 7300 8090 6153 1825 6405 6467
25 656 457 8996 9481 2304 9475 9160 2737 3345 6081 1045 6238 121 4055 1519 6460 5073 3306 4640 5204 4418 5591 1642 3781 8850
20 5507 5858 5710 5799 7278 9075 6719 1844 5226 9299 8136 9356 2851 5423 371 1813 5923 4778 737 2862
34 5113 7116 435 9068 922 4703 789 4213 5375 4072 5995 6864 6283 2272 6722 4400 5210 4549 6235 6038 8439 521 2306 7012 9096 1039 7031 8635 2820 4751 1419 8717 4606 7533
35 9140 5727 2928 6208 1557 8190 3991 8682 1651 8951 3867 5959 3924 9043 9456 6684 9933 9621 6281 2204 7908 468 5098 4978 8655 6435 5752 4422 4178 3899 7603 3378 2926 6748 8543
33 4379 2519 4836 7380 3418 4642 7004 1886 8687 1012 6324 217 8402 1816 9367 5945 185 3359 6144 1347 5813 259 4010 4726 2450 4697 5494 3886 5202 7906 4241 325 2770
27 4233 7580 846 3622 1364 9424 9321 928 1603 1960 2630 8749 3908 7797 3982 5000 765 2144 7308 6440 236 7029 289 1426 60 4320 729
31 1194 1843 3459 6756 2477 2710 9027 2527 7145 9886 8576 5292 1117 1420 4036 5640 8427 7584 6014 145 2010 4052 6371 9294 5544 5138 5749 8100 4996 6242 3656
43 2531 1192 533 7451 2999 5234 2245 6523 2110 4250 709 1872 7525 5473 7883 2406 9709 6778 3473 9244 9348 687 1463 2500 337 5993 4681 8997 9618 3277 139 1611 2772 4860 2870 7136 1356 9771 1312 5926 7151 58 7036
20 5440 5222 6237 8560 7643 4523 2345 232 3161 5630 5680 5681 1358 3091 7895 5528 5028 7023 3954 2337
24 4080 5500 7323 2937 8609 5838 4137 7503 8334 4770 6874 2766 2996 5999 6471 5384 9040 5454 9307 6934 4269 251 5894 6080
19 8529 5593 5569 4163 1555 7620 3392 978 3013 2739 3217 7970 8355 5141 8528 8558 3400 7035 980
29 7442 6141 2714 4705 1511 7446 8459 6762 5709 5514 2602 6713 5730 2299 8247 8553 9363 806 3353 8730 9982 8394 3822 6546 2940 3535 9025 9317 8069
27 3281 6058 8209 5679 4372 5045 1891 9440 9335 9593 8583 8109 7265 5284 2619 6906 2047 5905 367 4097 1462 7670 2750 9404 5599 590 2134
23 2520 1625 5695 7867 715 5844 9694 514 1316 8359 2552 7604 6219 2189 264 1440 555 9332 341 4509 1093 4197 4592
20 6689 9267 7557 2324 3840 7263 6825 8956 9015 5228 2513 3483 6240 3293 4336 8264 6704 9352 4797 8163
30 1866 3655 4066 9109 141 560 751 292 382 1048 7176 6064 6820 5525 8074 7531 7262 6926 3006 2232 9644 1554 2708 8754 7121 5447 6453 9796 8582 1948
21 1664 7768 3866 6138 9205 1914 2884 1292 5033 7961 1486 2575 2620 8048 4161 3125 1091 7593 8238 3850 8131
30 5983 9559 8274 853 7535 933 2497 9809 8150 2835 1159 7440 728 3372 453 1457 4748 9489 427 9540 9910 8196 1659 2953 4095 6417 1507 4339 7303 2508
16 4502 986 8737 7927 7381 6808 5919 7137 1535 2542 4505 6395 2672 7185 3274 6087
29 2883 6670 8557 554 4630 1013 2216 2187 1067 463 9462 1417 3266 2837 1065 7909 8815 3285 8930 6447 3505 3980 3447 4131 3706 4500 4668 8808 2130
20 837 4880 93 3211 9975 3139 7195 4236 8596 9386 5196 5206 1954 1007 8066 2703 6715 3093 9227 1547
21 9347 1267 4274 3319 5140 2438 2808 9801 7738 7853 6754 2553 835 6310 3523 2824 2113 3224 3408 5819 8594
29 7952 7104 7884 1778 2074 7602 1311 4720 3203 6446 4832 6921 6882 8244 808 6056 2268 6777 1727 5851 8969 551 5470 7189 9961 6796 1881 131 7111
27 1900 8425 6818 3477 3366 4141 5899 9720 2972 2856 9492 4085 3009 5981 1857 9853 2844 94 7139 5570 3695 3268 3383 8942 1403 6994 2117
35 7186 4200 1777 4410 7226 1376 9512 4195 6297 4942 7727 3212 6758 8016 8270 1383 6646 4148 5789 9995 743 3630 3131 7302 7821 5078 2372 9417 7481 7863 3914 8923 8684 685 2964
19 7913 1500 1628 7984 6205 4746 2956 3888 5019 1265 9708 335 2826 7919 6017 3162 937 9721 4490
27 6913 1984 5808 119 5990 2320 6272 1352 6910 4776 4503 256 7382 1391 813 9863 4373 1654 9674 7358 221 8647 8482 5395 6465 7281 7789
26 2297 306 7092 6279 6716 8610 5903 6708 3065 5708 7707 4173 1827 2923 1854 9053 884 2678 8126 162 5762 6217 9271 7577 9123 8674
21 7861 1251 3717 1944 3261 4623 7551 6043 6320 9161 5175 9840 1385 7959 1983 2815 4691 3792 6365 626 1929
25 5510 3786 6493 2442 5087 4326 3845 5303 8193 8293 4388 2016 6609 5611 2430 8362 7030 973 5617 6482 73 6448 8503 5653 7714
30 445 6160 9412 8588 3381 2523 6024 3193 8412 3469 3425 4104 3606 5632 4317 9724 5600 6868 2793 6131 4238 6660 7736 8234 8985 642 1185 7831 8363 759
19 3891 3605 730 3112 1201 2601 3470 6811 9903 7545 8322 9365 7600 9210 3671 1191 3264 181 9916
21 7109 5717 3692 4875 9684 4802 4638 9498 7735 7142 3299 6686 9826 339 2331 5912 8949 9642 5130 8838 5471
24 1097 1784 6575 3966 7915 9944 6422 5484 9295 4026 8417 9750 8405 2976 6419 9854 5806 2746 2298 8893 3287 9369 2814 8350
17 2123 8379 5503 130 10 260 7697 7672 4543 7942 5587 7850 8608 5989 9600 176 1210
35 854 1111 6076 225 8854 4895 2867 3936 6596 7508 7353 2236 8010 1626 4932 309 386 2295 6075 9892 7377 9857 7832 5641 8223 1795 6421 2038 6005 3095 3388 2463 2243 1646 7825
23 1228 5860 6966 4101 1779 4470 1979 9083 8651 5297 5315 9204 5276 8657 8215 651 2475 5604 3349 7011 6113 1705 3478
19 672 2718 2981 6641 886 3077 2086 2065 2213 8438 841 5706 985 9017 6860 4936 9887 3310 7996
32 8085 9557 658 3435 5371 9751 3802 2212 1855 5583 612 9964 1679 9902 5527 3694 8415 723 2365 3707 4436 5281 3876 2689 3456 3702 9956 6717 6390 1699 5666 7223
18 8578 6842 9186 3315 2348 7935 5694 6560 2068 4053 574 8734 8678 7596 5290 9439 955 7950
17 6044 2512 7554 1396 2777 7339 2063 4870 4152 1122 9893 5580 7979 8499 1514 1488 7058
27 7862 3632 753 5343 4034 720 8243 7457 7558 5441 9872 8536 3502 4394 6908 6736 9093 359 3917 6143 7910 6847 631 5431 792 1923 3880
28 8586 5091 6615 6747 4528 1460 8224 3811 8148 4775 9868 4440 3342 2486 5984 7443 4612 7723 4516 4926 6335 1826 9971 8948 9387 5476 2208 3346
27 4056 8832 8564 8464 9002 7548 867 244 1800 9357 8574 6904 2284 1058 972 7155 6720 2569 7740 2503 3882 7997 966 9484 3719 3014 5665
26 8370 6742 2657 2791 6247 3735 4024 2802 5511 6548 7594 2116 6581 2084 9366 6054 7015 7328 3096 478 3536 7839 8056 8356 5129 8137
37 6150 3092 482 2482 3785 8530 857 8793 6034 4043 4646 8976 6940 8743 40 2587 4144 1485 7822 8476 9788 915 2258 3927 6950 4231 3324 504 6355 9451 7184 2219 438 3080 8119 3620 4750
14 507 7901 4651 6565 3145 2254 4289 8643 2381 1571 9041 5142 1095 4476
23 2735 8835 9265 2543 3326 5481 7259 7298 4876 8935 8513 4954 9862 6126 7718 1361 304 1851 1484 2347 2067 3983 9552
25 6456 4008 9166 9805 7948 8179 9297 4117 3082 5116 4921 4258 2054 6478 6376 1743 5793 6709 3209 9895 8295 4563 6177 9749 8957
30 6735 2026 7129 511 6746 596 8800 4159 7501 7926 6905 9368 7340 1476 4564 8466 5518 171 6328 564 9426 9468 4956 3357 9253 258 5927 2833 3533 2983
23 8890 2176 3739 1407 9549 8973 8093 1455 5023 2311 3650 7699 9275 449 9978 7280 2555 4466 6627 6958 2993 2606 7568
23 6418 5654 7180 3325 7668 1348 230 4821 2332 546 683 9687 9988 6006 3438 9762 2005 6154 5096 4271 5413 9371 7814
16 2828 5881 1908 9030 2977 473 510 703 2925 9580 3956 7359 5683 3517 899 7818
22 3865 8631 7493 122 3714 9930 4903 3977 2995 6549 2655 9603 882 9841 6343 3175 9756 2131 5331 7676 3417 3619
34 3564 8346 9466 3565 4293 7650 618 692 6061 8049 253 8153 4692 6590 4974 7858 2443 3933 5233 8032 5002 1036 5877 8180 5922 9308 9126 1080 3288 6096 8648 1898 2322 8185
27 4877 1276 9763 7284 608 3463 1123 6799 3570 7149 912 7655 5258 4155 8759 1623 7297 5549 3853 4392 5889 8080 6210 86 7527 557 3097
21 9707 3147 109 4207 9165 2852 4947 9395 9001 6157 2489 4201 6347 5980 2792 3902 4463 1148 8722 1064 9677
30 9401 8071 2696 8637 1177 7203 2600 7812 6886 5184 8562 4824 8539 7101 3968 8004 6171 1337 6779 2328 347 4609 4627 9530 4465 2358 5836 6933 7772 5865
23 6139 4112 4411 7253 7435 9376 3159 5537 4625 2662 5963 3916 3568 8473 9239 5781 2970 2624 5840 8858 8685 2618 9117
23 7190 6377 3490 7193 7823 8563 4264 3750 4906 3213 9113 905 9587 5843 2269 9905 4425 7989 4530 7833 5057 2864 343
21 4643 8782 7207 1282 5001 1561 5548 676 4560 2263 3521 334 7247 829 2201 1063 4413 8929 7859 2564 7173
16 2455 9421 1392 9896 9655 1320 3339 1832 4571 1151 9315 8752 7100 1158 4911 6917
25 2135 61 8449 8146 7846 2927 4224 4561 6857 106 4211 3813 611 7982 2420 5302 1296 7063 3363 1673 1915 9279 1481 3978 9589
25 6039 5766 2585 2000 9209 4607 3829 816 5619 8661 7661 7418 9667 7497 1719 2302 9448 2946 1744 1812 5438 3322 9931 1327 406
27 4658 1752 4147 7169 9242 1985 9292 8481 5310 6382 8565 7887 7388 641 4169 5645 8569 9008 2267 8765 925 9 6007 9014 7343 1931 9374
21 4855 4450 1232 6122 7626 2129 7542 8833 7528 3099 5575 6236 5177 4678 3415 1581 3745 3971 8606 8156 8519
22 2663 7422 5380 5704 9110 9230 1449 6306 2416 547 4051 2932 5648 9535 738 4015 8012 9494 6770 7349 6700 5538
17 4644 8486 7629 1008 357 4335 8896 1789 2336 9125 6428 4061 3681 6598 301 4723 4649
37 1992 4078 6110 7020 6220 3050 9382 1494 2053 2829 5732 6963 4539 5734 3130 7098 1932 8077 621 5802 9541 1742 6894 1049 9958 7378 7981 8084 3957 3407 3604 51 664 7955 1359 3043 9536
32 8158 565 2783 5377 1835 5212 1634 9263 4930 7164 3874 6861 9969 125 7094 3201 6224 7781 6787 1397 1231 8365 9953 5726 8818 6676 5474 424 1718 8700 4120 7795
23 4059 8204 945 8262 9078 91 2661 3918 8266 3621 987 688 2431 8258 2081 7566 5022 3460 2868 2929 548 5842 3069
26 3311 3362 5480 5875 8799 5021 458 8034 8909 3657 9774 3796 4804 5785 4647 9664 788 9660 1333 8602 5745 5342 1015 1195 5055 9329
28 6265 9586 2797 4282 9362 1436 1785 9328 916 2765 5810 7972 3136 3827 2567 3241 7671 8457 4132 597 2725 8096 8611 7539 8267 4506 4273 7410
19 719 7499 8965 7585 8055 8198 9144 4107 5915 7990 6253 8623 7295 5644 6496 1841 4057 321 8862
15 563 8021 1884 9838 4838 4065 9879 8741 2448 1704 5322 7264 5446 7985 8098
24 1773 8277 7614 4007 7920 8591 9822 3757 173 8511 6803 9516 8129 3597 9672 6892 9661 4743 983 8972 7204 6872 9700 6257
34 9996 4208 3270 704 2675 9100 2422 4002 7122 9234 8659 6625 1345 2753 8571 4330 3351 8632 7327 2524 5326 5085 7258 2533 4218 8240 5392 781 5149 5111 3106 8433 1115 8319
25 4679 2296 6765 3990 6718 4021 5287 3775 5729 8161 4259 2214 5181 6282 8460 8052 1882 4518 1822 6226 1739 8859 8168 9507 1378
23 553 4965 5208 3772 3052 6025 2142 279 7285 5170 1818 2700 2378 6688 7664 2727 9340 8461 1829 3488 5791 9220 2516
28 6607 8978 7677 1313 1530 7000 708 3267 1980 7037 1885 592 5643 3769 5118 1661 2158 9590 2823 5110 6099 3189 2704 778 7123 1055 3279 2169
23 2869 6304 55 3667 7494 1724 1589 4744 8033 1592 5243 11 1846 7047 9907 4212 1953 3019 7089 4983 2353 4962 7001
21 7229 802 3615 5650 3116 1402 1756 1132 2861 9584 3609 931 1763 4589 3809 8663 7855 6768 7756 1691 5891
26 8736 8351 3409 8938 9881 1239 7407 2048 2810 6223 388 9028 2017 3704 2485 5590 3320 3834 6509 38 3109 6289 1133 2529 3860 9736
24 187 5161 8575 1399 506 8546 8547 9062 5308 4398 1031 5094 1029 1707 8097 414 9783 5938 5450 361 4680 7946 1865 4158
29 3549 3245 1803 4376 7941 8298 7048 6566 2924 6932 9701 9111 3738 1411 154 6679 6949 8514 3115 6612 2588 8205 9413 1903 3405 7251 5407 1452 8210
19 29 5387 9283 1325 6359 1061 1308 7132 958 5176 4975 9162 8570 2726 3837 7705 9067 7784 3229
19 9128 2377 7737 8401 2383 9208 9163 8297 9157 6162 1578 4468 8829 441 5828 1379 1129 5248 2103
19 892 761 7711 4245 9632 282 6292 9683 7126 5493 6022 8707 3741 828 5876 2880 3780 6246 6241
24 6916 2305 9405 2126 3790 8413 9928 9671 1394 8881 3332 500 7678 3567 8676 486 6050 1490 3641 8269 4079 7044 5361 6271
23 3168 739 4863 1319 6563 8023 3338 4532 9566 6848 7148 5523 6416 1464 3948 6790 5577 7974 8336 6049 9120 4311 9637
20 1686 5092 8903 8883 4722 6855 7802 7796 6443 8875 2373 3504 6065 532 6291 5978 5399 707 7460 7252
30 4758 2566 5012 3510 1422 7162 1862 9537 6245 5372 1217 4106 538 129 6287 3023 8738 4444 3526 4972 1808 2593 1157 3715 1938 7476 3591 7069 3892 3737
19 519 4648 3017 9815 9238 3799 9103 286 9112 5100 5880 2931 7352 1538 2572 3330 5053 3252 6817
30 203 3276 9645 3354 5014 8300 7014 6751 582 3534 9837 8212 7570 2059 4730 6301 7550 103 1116 2733 9726 4215 5037 7702 9876 8770 5857 3825 1293 1020
24 1794 6884 6764 1912 4035 9641 8864 3862 7726 8312 5780 4608 3828 4845 5164 3726 1108 4462 5515 7836 8735 432 4909 295
32 6199 4980 3384 6340 6305 5662 7569 4111 4944 852 4469 1631 6262 9629 4334 9360 2483 2403 6830 7925 4684 3448 2816 4967 6010 6876 7409 5147 8364 1425 3858 3402
32 7013 3830 4255 4659 5601 6985 2787 3783 9729 5487 2033 3851 5250 8798 2640 4552 2841 2756 7605 1469 7529 1671 4997 7786 1344 3856 3814 9145 4108 3140 2908 8517
26 2581 1066 4428 8382 5678 5757 8173 4491 1179 929 5532 5367 4512 7521 4076 9122 1925 7765 1759 7752 1164 3705 8696 8282 1137 6342
22 6745 6327 3394 7344 3573 740 2413 7153 2950 7939 2685 8828 2517 1249 9997 2202 6088 4731 6585 7017 6170 1559
20 3578 8155 775 8192 1873 523 7967 7516 7194 5801 2913 1371 8135 2933 201 7168 6614 4931 13 3041
26 3321 5744 3697 5636 7686 8644 1302 9287 3016 9403 1761 8692 8299 6759 6229 6869 6592 2638 4005 4023 1726 6384 6348 9717 1084 4846
26 7864 2536 4028 9487 4645 193 396 9089 6179 3163 559 8904 1259 9372 3561 2237 4660 7947 205 9197 4551 229 8276 1479 1573 2540
23 3629 8713 1697 6537 6248 4575 9226 7746 1331 8917 4430 8200 6234 4694 614 5385 3668 7774 308 6594 436 7079 8372
23 1363 896 6639 5008 8225 9963 1639 1588 516 4712 9929 6629 305 9728 6105 4316 2266 6086 2446 1894 7054 7834 4186
32 1978 6430 6942 8338 832 5263 8768 1667 1143 8827 3547 943 863 2451 5379 4856 1850 5925 8241 1533 717 7027 322 2807 1128 756 3734 7983 6093 5988 3755 9304
23 2147 8840 6173 4792 7730 8542 7498 2634 8416 223 5171 5278 7504 7326 27 2549 8755 3074 426 1545 9827 8718 7700
15 7468 3066 6930 6859 7068 8233 8584 6385 6773 3015 9032 2830 6576 7228 7182
17 3778 5994 3915 6865 365 895 2228 561 6974 9237 4710 2191 8668 3312 3503 5707 7688
33 7325 2166 1090 3249 6159 3462 6669 6967 6871 175 8952 7630 7924 6290 4773 4235 634 2462 4915 5191 21 9825 9384 9716 7336 3864 4943 188 9184 9203 9690 9829 6559
21 9473 6132 481 2209 5862 5651 7152 4487 2514 6449 6599 4791 3000 360 9794 8716 2594 9977 5731 5790 1558
25 4090 3616 7211 5240 2270 5901 9496 8237 6806 3262 9153 3509 7260 4701 4237 6528 9351 9036 8867 3676 1374 3903 4695 3984 144
34 4349 4109 8868 5124 4384 7698 402 8007 5260 9678 5391 2874 9812 3360 4762 3805 4290 4478 7798 358 3660 9509 9094 5328 5119 5251 879 1950 9007 2251 9214 4220 59 8847
18 8728 6550 1710 6218 9419 8510 7724 3432 1197 7547 8360 3142 1505 4963 9258 6151 298 2457
32 3855 8157 9130 3524 6519 9810 2997 9441 5914 2045 9150 350 870 1711 8914 7447 8047 8141 4179 8221 7423 1526 4257 3889 6895 7424 4735 8910 669 2271 8941 7049
22 9927 4150 9806 7246 7041 5699 8804 6927 9000 9022 4690 5556 7642 7433 8845 2699 2647 1669 165 8613 2200 8527
13 8189 5425 7732 3124 1027 1836 8436 7780 6661 3642 4140 6273 2492
21 7891 1142 2105 876 934 8421 8970 2570 2667 3421 693 1152 9849 2759 8532 593 31 637 6723 2064 4861
28 5721 1995 5090 908 1256 5967 3038 5998 3970 9054 2041 5660 1255 2713 3053 8725 4999 766 6028 2752 2494 1114 3942 702 1522 722 6650 1006
31 7965 1447 6222 4481 9180 607 9179 1309 6850 7316 9513 4202 4825 6313 1590 5039 9221 9471 9798 2433 6055 2496 2168 3831 7841 3497 5333 8712 8397 8939 1261
21 9254 4781 92 199 5158 5847 643 9224 1656 214 5675 8763 6267 1435 4442 1155 351 8781 1244 4570 8925
18 2060 9370 5764 6839 1047 6793 9844 4663 4471 3075 1388 6841 5573 8634 9336 4310 4451 4393
21 8573 4587 2330 6705 2025 3222 2035 1975 6834 8455 8994 6626 632 5949 4504 8320 3626 9390 2210 6364 710
30 4637 8675 3540 6202 8979 9613 3583 2635 3022 4499 8116 1842 7958 1145 1451 9665 5420 4526 1811 2707 8144 4928 5633 8013 3835 4542 4354 1579 5230 464
22 9503 169 9761 2652 6587 8257 4981 9101 1466 5374 387 4362 7369 111 4230 603 9013 8275 4844 7509 1701 4185
19 3947 9813 64 5006 9858 319 1750 9080 1073 1432 5389 8317 344 4229 3343 1089 1540 4156 1038
25 3424 7779 5628 4130 550 459 2395 3454 9330 9407 663 7386 4217 1769 2631 850 2199 5568 2701 5489 3350 8943 3612 2286 4243
25 4184 9691 6649 1630 6529 8118 4888 461 3439 969 8851 4093 8017 7254 9515 2092 7067 3309 7201 6986 6586 9309 8538 1301 9196
24 3024 328 172 6971 4869 415 8505 8038 2771 5567 880 4343 4862 7273 8895 9009 1026 8483 6673 653 9200 7524 5294 2610
32 5299 375 3651 5285 817 3807 5794 1871 9132 2160 1790 3 90 8627 8621 8974 9047 1351 731 5930 5578 927 5162 5127 7183 7964 4759 811 1958 170 9172 8217
33 5304 5771 32 6186 7117 7255 6538 9505 4050 3181 6672 7276 5422 3328 8284 5565 8177 9867 155 5155 4301 1370 8107 8354 5378 1136 1258 8467 6300 1837 8043 831 5547
20 9901 5668 2736 1252 9871 8945 7691 9482 5486 7848 7018 5574 53 3810 3455 1976 1127 1542 5814 430
32 8708 9744 6903 7555 3663 2240 6380 1393 5211 7237 433 4912 7656 3331 1853 725 6637 9373 4900 9488 54 8507 1570 3422 3945 5937 9909 383 8327 7537 994 1805
17 8075 8028 993 4062 7777 7351 8852 7291 3878 2066 1077 9808 8891 8802 5551 2764 5390
23 9846 5576 9564 6498 9116 1421 310 2857 4920 6163 9082 2042 293 7949 1237 9727 7930 9533 911 1585 8625 7008 9024
25 9679 6206 1986 9463 9202 9979 8259 8485 8981 893 636 4884 724 9917 6915 3628 4294 8619 5242 7087 7696 2998 2329 8178 1510
31 8892 3291 7019 6155 1693 1799 4924 7274 9742 8788 2023 6452 9378 1310 3794 588 953 9529 859 9250 2499 9745 7969 4434 5873 2865 9714 2410 9311 7783 7986
26 8448 1838 57 9925 4854 6885 2164 8624 3625 8291 8344 809 4025 2687 3507 3235 1291 2980 8944 1621 3385 5533 5884 6665 6789 2724
27 7005 19 2641 6784 428 9859 3174 7474 5804 4559 8125 4850 8992 5498 6469 6225 5217 8977 7056 8778 7905 3441 5531 4295 447 1043 5714
21 1543 6794 2934 6909 7301 7830 3843 3894 3101 9183 8495 4304 8408 5122 4417 848 7279 1895 5252 2985 4766
24 1637 601 3054 1250 4314 1583 215 2039 8628 2887 3165 1283 7703 8733 9124 429 4412 4534 2666 4180 2853 4267 7681 9818
19 2920 7993 3430 47 2537 9044 5076 7492 2309 9337 9085 1167 3998 6214 5609 2487 1909 70 2597
22 9291 206 5777 4756 4006 6094 3909 6495 5186 5496 331 4431 6444 5932 3223 3180 299 807 3994 5631 6613 142
29 5517 7243 1272 4666 159 348 3648 2515 575 1539 6824 4852 1166 4004 8248 9730 7306 6775 2522 9261 9973 7491 3868 4122 460 7157 6074 926 9380
24 6804 3138 69 9286 2167 409 9952 8801 6261 1902 3117 1299 2498 6203 2990 5220 6506 5337 6501 6394 4126 526 4077 8279
20 975 9595 8040 8555 8378 572 4297 8261 8545 6116 104 153 3186 4146 1446 5634 9048 8626 8321 3369
28 8271 6004 241 665 5783 3119 9652 5909 3752 6387 2966 8720 9006 6391 8604 5365 5759 7022 5492 2155 8313 1360 6019 2321 9940 3929 2840 3064
19 1815 8787 8792 8306 6399 3530 7988 7693 2439 9026 2938 405 3645 1688 5638 5013 6976 6792 3033
26 9084 1757 7141 5358 9385 4711 9779 2645 4777 543 7962 8516 9741 3610 9102 6714 6397 6429 6781 1059 6195 571 1991 4812 5232 4446
19 190 489 8882 9556 7791 8928 6866 8475 1775 4527 9445 1618 3283 8315 6867 240 869 1731 9281
20 9698 4196 6182 3710 4477 2558 2417 2945 3449 4548 5185 1334 9648 2098 3787 7283 8089 3931 1304 4091
38 7329 583 1527 3057 9657 6771 4099 826 3754 5952 1431 1041 6883 6755 7608 6146 5513 6431 6117 6497 5886 785 2101 9803 5109 8340 556 389 3431 2029 9493 9169 9391 4556 9198 7057 1207 9776
26 9504 6404 9847 8932 4206 4689 397 2958 5344 3689 6103 8253 96 6231 1094 1806 3823 7775 4000 981 4252 1616 5735 4683 1230 2839
26 8302 1550 4011 2181 9045 3904 1738 5674 8772 9375 2805 2850 890 467 7871 2445 9318 4917 7523 9501 5246 3728 9585 3087 5895 3863
27 1323 3557 3364 3008 380 4595 7187 4591 4263 6683 1317 3305 5805 4386 7240 5197 8894 1802 1730 2182 6973 5788 9432 9922 6595 1001 2897
21 7690 823 4958 4767 7912 7679 2760 2518 744 8289 515 2712 9989 7675 1678 8478 3943 1619 6644 5046 4622
32 2917 6663 8086 8434 1601 1121 7236 3798 15 9962 1458 508 7507 7543 668 356 5529 1498 3639 7511 1546 4747 14 4604 2481 1284 3744 6520 2277 1576 9860 2441
36 311 7975 7430 9406 483 4914 7210 5713 1263 2907 8263 2234 9579 5656 4857 183 2684 1471 6540 9547 9479 9055 1859 6211 7159 5277 4774 6555 4598 8982 748 1760 5831 5065 8641 4424
21 1635 9137 1240 7710 2605 2975 98 1220 2375 1328 7006 8471 6728 9236 9597 7904 132 9814 7951 2914 2664
20 4885 741 6786 5719 9735 1433 6888 3316 4892 3499 6692 7510 589 7354 3516 8061 3003 7059 6311 4374
23 7928 1879 7692 4520 8816 8072 2745 408 865 5621 7907 9322 2694 517 3777 7486 3506 3815 5893 7885 7105 8222 1722
26 7314 7631 9954 8254 6059 6462 2231 9073 9324 5430 6180 4708 8388 1990 2723 6653 3240 1713 3897 7376 36 1174 7530 1278 2193 1087
23 6780 128 6360 9133 1746 4409 9397 9821 8554 1964 255 8638 3545 7084 2069 7667 2598 7618 7083 5051 5900 7459 6533
19 5335 8484 1833 3575 5347 9912 4256 5134 1666 17 7966 2757 7898 3177 4082 4576 3214 810 5010
11 4601 8653 2915 5451 6737 492 2636 6483 5421 3690 1966
28 2015 1874 8629 8955 6480 342 8785 9823 320 2741 6389 5268 9983 3127 4853 678 1946 6619 9924 4175 5126 5897 4286 4069 6051 4145 2659 9430
30 7429 7877 2008 661 1430 1524 2957 5465 3938 1297 3946 9882 5088 8446 1604 4100 7420 2124 577 2003 3387 3179 9873 3529 573 2888 7214 2836 1290 6492
18 6924 1997 2261 935 874 9276 2642 4866 5627 5267 2333 2087 503 6408 3034 8567 5455 2145
32 1305 7293 2720 3030 8203 8367 1676 674 5356 833 2151 5428 2959 9442 4801 7616 7747 3256 4251 9057 4732 3280 522 1544 9146 5077 1652 2138 4790 4013 3589 5244
24 4071 6269 3821 166 1613 2412 5553 8820 624 2341 2892 1690 7659 2192 1236 875 7945 6936 9865 1764 8666 398 2755 6494
16 2941 1512 8094 2467 3556 3776 2040 7206 8151 8250 4847 7875 9725 9470 124 4719
29 8310 7929 2784 2079 5169 5658 1428 1531 5872 3155 6030 4452 8294 505 9416 3039 3996 9883 5056 220 7175 4492 602 4676 1149 7719 4522 6441 566
24 9393 9888 768 138 2776 2568 399 4340 8325 5427 6174 3467 3352 2405 5898 9016 5456 7851 5676 8139 7611 4918 327 8044
23 48 2356 2717 1655 5541 5426 4613 5411 812 4012 1461 1924 9060 7315 827 7520 63 1608 8769 7244 4864 466 1658
26 3444 7070 2436 842 4246 8410 7010 6451 5670 5329 3098 2344 6640 5401 9760 6992 5774 393 764 7878 1848 7374 5817 7166 8429 4725
16 1170 3445 8440 2731 4493 9524 6561 5357 5478 2071 1401 7634 2860 7917 5024 5273
31 8559 2327 9681 9981 7847 6336 6925 5041 3141 8314 9659 1053 2978 2012 5747 4342 3118 333 5066 7402 7480 5832 1205 1354 8790 5209 5048 6606 9005 5047 8490
19 9121 6296 2247 493 7282 3594 9105 2346 3992 2404 8009 7275 6184 7809 9212 9616 8082 4820 6063
19 3654 5868 7040 1735 8458 3601 6570 4300 5913 5453 7843 5305 3397 4454 7646 3881 5956 3059 5275
27 2293 2881 7934 9702 696 2799 7080 8099 9418 4588 742 670 3137 8121 8958 6459 114 288 2102 9438 8658 9434 944 4904 6569 3791 4203
24 3951 9819 4618 6580 6567 8984 6642 1470 4365 819 3767 6332 9686 7653 6999 9662 274 5754 8474 7024 2454 5280 7161 8019
22 5424 1105 3976 3375 5219 6800 1501 2370 4439 2350 2693 3365 919 6632 6278 7290 9775 7489 901 7042 757 6260
27 2511 4938 7595 7445 3770 7103 4772 7267 1981 1502 5350 7178 2034 2991 8886 4621 2354 5229 4183 8201 2962 4977 5296 1336 5174 8740 4987
26 6807 4058 1381 8831 7334 1 509 8821 7061 7072 5530 3768 6423 6472 4982 3413 5946 8753 5345 5542 6690 9446 2259 8036 9568 3386
31 394 7342 4584 9474 6982 4789 8533 5827 8039 3590 6945 9056 5349 4457 5288 6256 2951 1905 2195 4210 7623 5618 6209 6731 5095 9676 898 598 452 2530 9354
34 8962 9733 957 9090 9830 3036 5539 4624 5241 1218 9151 2591 7392 1534 7627 3593 5221 5298 1629 4582 6047 776 3060 4573 4993 5203 2310 3934 9797 5659 1052 4281 3514 4319
33 5934 1580 7172 9171 4247 711 7075 7762 5256 1967 2021 485 3496 6727 412 8857 2769 6517 8672 2971 6001 2400 6175 7902 652 784 5972 4808 1847 8777 1599 7565 1569
14 2900 6367 8551 272 216 1810 5958 4851 877 3873 8679 5669 5368 2049
16 6263 9464 6168 3453 1521 239 3919 8058 3913 5026 2705 5822 3703 7416 3975 5408
20 9409 2788 1593 3148 5829 2250 1595 1937 2670 2859 5106 4562 5975 7734 2574 7482 3486 3637 7163 6266
26 9976 7463 6815 2781 3220 3531 7638 3466 967 9987 1880 177 1840 4734 6020 695 5168 6486 736 2085 1606 7652 5736 2050 8369 4041
25 4910 5920 6029 1257 9710 6989 4819 9219 6983 1188 6712 6286 8318 1214 3844 7607 3733 6524 421 7813 3126 7289 6853 8113 3617
28 4467 6662 417 9799 6645 5409 4724 6188 374 9410 1774 8650 9194 8855 8014 5016 3088 9435 7016 7944 1926 8281 9193 9076 4737 3987 2185 391
21 8940 617 6392 3646 1081 7045 3999 7785 7556 8936 2466 974 5274 416 5696 4769 5030 8441 182 2252 5150
28 4948 1560 8731 3411 7196 1441 2649 6164 2401 8937 3278 3925 3474 2190 5725 7130 5216 6846 5742 4165 1974 5936 4501 8380 68 5647 794 3204
25 734 7816 4003 8664 4227 1930 5107 659 8814 2825 52 6591 4634 732 9880 3912 2812 6837 3932 2550 479 4905 9781 2376 8921
30 9452 4973 2681 4867 6749 9364 8991 1587 7086 5064 5036 1429 2390 8159 2156 8873 8357 8498 5102 50 5605 5462 1821 8577 8639 1172 7051 7826 265 962
27 3546 4495 5516 1465 6426 9229 4138 9278 5301 9143 3939 5005 8335 1820 1477 5103 213 5940 324 4672 8900 4375 8714 5264 8216 4042 8556
23 400 7346 3208 5954 6809 254 6515 6085 4329 8872 2205 9029 3538 8600 619 5965 471 2709 1216 2363 4901 437 8301
25 7318 6633 3901 2885 8103 3123 6346 2359 8662 8598 2137 1989 8469 2721 6027 8912 1187 8920 1982 673 8256 5198 6285 2238 3218
26 212 7118 4602 6757 3232 2076 2360 2547 4125 9651 7179 1409 4280 8242 9723 4240 3658 5505 314 954 5560 7427 9010 455 9569 7393
28 2695 444 8506 6475 6856 9574 979 4985 1444 4461 5249 2215 6511 9170 4188 654 413 6018 2563 5146 3525 8999 5737 2423 7617 770 6288 7404
36 88 9757 4171 2899 6652 3461 3393 1771 4784 2374 4397 6772 2099 5482 7505 1670 4009 6309 237 5355 7408 5178 2391 1380 143 2070 4337 6349 5652 5312 5758 5334 4883 998 8710 8618
23 6706 2140 6703 4270 1897 9949 8590 1612 1368 2528 3434 4253 1696 2194 4341 3870 5845 7073 5784 9465 971 7154 6439
40 5227 5049 497 7444 3826 780 4585 4656 2385 4355 6902 2898 6352 7761 4279 8450 639 4060 6102 4970 1016 8817 4964 7581 5139 9293 7470 1262 8418 923 8522 525 834 6935 6400 4671 6624 4401 18 8371
19 677 6228 3067 8128 1223 1101 6638 5603 5289 5123 7599 777 7582 8697 45 9715 750 1153 2521
27 7716 7804 4153 4704 6402 5540 942 5888 1910 2072 2220 6659 7220 3761 2903 3577 5320 6432 8472 1607 2458 1969 7563 8581 1636 900 5718
27 4214 3167 168 1079 6474 3083 2754 649 6643 5031 7562 7790 3374 9428 4831 3089 3519 5236 6691 7976 6490 8839 8255 8451 4296 465 3528
30 3580 8184 7759 3512 1211 4907 9106 3765 2248 5608 2633 3756 1819 5738 2506 9233 7560 2582 3018 6937 6954 5834 2747 9622 6845 148 7673 2449 1472 3185
34 2429 5955 4605 8667 1508 3554 5464 4204 5692 7532 1342 8064 5071 6337 6947 7221 3953 7583 62 340 7400 7639 8887 2858 9211 4408 7053 6616 2671 8726 1288 7215 3107 9131
25 9523 4665 95 6216 1222 7874 9737 1480 3986 8761 9968 3271 1933 8399 6812 7449 7317 2460 5750 4303 3302 2188 6073 9915 5543
22 7889 5982 930 4232 6816 3416 2580 4086 6578 7897 3937 8794 6097 7544 5667 8443 9921 6573 7938 662 2961 5063
27 1332 8848 1010 8856 3732 4629 5933 2653 9800 4871 6897 1499 6738 3045 2409 9021 2832 7835 1675 9414 1219 7725 9427 3644 302 8612 8654
28 9104 3537 4685 6873 1943 2414 3061 3774 25 243 4190 5943 8381 4738 752 420 2779 5015 804 4995 2692 307 9241 4823 2773 9990 1226 3985
24 7911 8104 1830 1734 9037 7882 5837 355 9139 774 2901 8601 5042 9074 9780 276 1289 2803 6564 1574 3020 3390 1575 3848
25 1315 3442 3426 6455 9546 2198 6196 8826 2505 680 1199 3295 3290 4736 9571 5664 9423 8358 1184 75 9984 3662 4284 5760 8947
22 3457 4894 6952 6656 3176 3885 74 1716 4426 6274 7592 2004 6077 198 362 6545 2339 9599 9773 690 3857 7441
31 9913 7657 9851 9820 208 6969 4872 529 2969 9948 9934 918 9177 6829 1839 2256 1423 2340 4632 5194 8660 9877 4306 8165 1919 5316 5555 1086 2847 4040 3313
12 7916 4806 2184 1700 1767 512 6863 37 6572 3376 3226 9906
22 2559 8950 8566 3188 8328 6244 7085 3370 1496 9019 8767 8245 7096 9344 8409 2902 4922 7395 5661 1614 1204 8884
16 6541 4882 992 2464 5340 3406 814 3195 9904 5038 4949 5624 191 8124 4324 6795
28 9305 3693 3197 4421 4228 5535 4887 567 4709 6657 2702 2596 6375 1286 8143 4033 1516 2676 3764 8169 3670 1478 9178 3084 7722 1295 4811 8091
34 4848 1113 6293 3539 475 3623 3859 2288 4798 3672 4840 1042 686 694 4565 5786 6372 6284 395 7396 9959 3001 7721 6988 6508 2161 9201 9217 6035 5272 6702 8870 3588 5841
26 6536 2112 9649 2930 7120 5962 7296 127 9152 6680 3747 6813 2478 8065 3587 7324 5283 3684 7517 8497 270 5563 9792 2819 7649 8690
20 4377 24 4586 1475 6251 7645 3472 8442 2367 9500 7973 1927 1303 5613 6481 4054 1439 231 5859 5504
22 9282 6473 9543 9182 3789 2402 7940 8656 4529 2218 620 3595 149 3716 4577 44 9656 4510 9650 2019 4350 7472
24 1221 4807 3468 7787 3729 1685 8035 8373 4016 8843 9784 3007 8127 997 8780 5767 9695 787 2371 8145 6112 3275 818 3259
27 8227 8878 7357 4717 6877 856 8447 9303 5622 8830 3231 9072 7417 2279 1638 2674 6600 3151 9389 914 4447 6568 7771 6107 8723 675 5029
33 2571 1206 2748 1208 8671 3542 1189 66 4164 161 6009 3949 4628 4089 1741 3395 2011 4547 7294 4357 2186 8776 7439 5509 4333 5740 3344 4448 5928 8114 3273 491 6766
31 3972 8236 2338 6618 5279 7150 1453 7931 6190 7770 338 3173 8018 9114 5452 7506 7271 9939 4423 5309 2351 8231 9491 2974 262 6341 3002 2007 2221 7311 8106
31 4094 6901 3758 1414 1100 6438 6526 5566 5562 6078 7366 6197 4087 6345 4278 7384 2244 7414 3487 1069 3560 3446 5475 4950 5247 1749 8218 2629 5775 3762 6470
25 9313 7561 3170 7224 3989 7922 8111 8160 2319 1834 1266 6734 3981 3178 6383 1957 6651 5871 8392 5846 4149 4994 6330 8278 2627
16 1528 7849 4953 7662 9118 9288 8742 83 7999 6636 8805 6230 2730 1060 3819 9850
21 5282 2335 697 671 5351 7636 2355 5907 9038 6571 6574 9490 7619 4234 9588 7571 1028 195 5811 431 8535
30 7230 422 699 8876 4029 4764 7078 8303 5394 2817 862 6513 1918 6427 5728 7708 3683 8885 9398 7526 7803 6487 7437 9936 6136 8046 4127 2280 1009 9545
18 9071 9134 3205 5405 1568 152 6681 3404 7815 4557 7095 9173 9174 2342 2579 4908 7758 7881
26 5716 5902 6172 5433 7579 4344 8407 7933 3489 115 6374 1017 903 184 5741 3484 4771 8751 140 2157 5459 1662 535 5318 5646 3120
39 1515 6115 5402 3708 8739 6023 2626 8694 494 7456 1721 6062 8901 2444 4989 6181 3907 2504 1876 2546 9848 7598 7755 5104 8812 5768 8946 9802 8393 721 8849 226 4961 6118 6322 2224 9811 136 7093
20 568 3816 7383 3709 5951 8470 2388 7754 9943 1770 238 8931 2798 3638 7880 783 107 4641 8897 1318
24 9869 2056 9926 9666 354 290 1509 3722 2368 3550 4429 6082 4541 4395 3078 5145 99 3076 7238 336 8633 7 3254 6840
25 7379 9485 1030 9031 4879 252 8182 1904 6699 9268 4979 714 3553 9108 3242 3700 7050 7371 9986 1161 2133 4700 8879 8174 2922
23 4435 6125 2470 691 4299 4371 7205 7365 9911 2590 4464 7886 6232 9269 4182 7158 1600 4859 6761 3797 3134 1254 1410
27 423 2963 5816 7434 7609 5009 6674 7466 6858 7321 2062 9185 5166 773 1657 6769 7538 4226 2255 4927 7261 1549 2165 1935 7146 6060 7375
22 5746 9696 9429 9262 3675 7082 3314 3247 7397 2682 1163 9453 7624 366 5820 4596 7518 7992 8130 7052 6368 9558
26 3696 3875 7792 448 1443 7829 6744 2729 7749 1762 2565 8933 5105 3027 9592 8998 1737 917 3234 4620 3301 5412 4488 7487 5020 3664
23 5192 4733 2036 6630 4664 4653 4988 126 894 4878 9748 5921 6104 4067 570 4283 3243 4923 3677 3898 6991 9290 4348
19 5466 8795 1627 368 2315 2479 1591 5929 7872 6977 2274 8525 6090 4419 2058 5327 836 1641 5499
26 9449 6740 6255 7208 7245 4031 6562 4939 1922 7647 8916 7865 5564 6353 9604 8764 3824 7549 4971 4222 5223 7431 5416 9338 7165 7257
22 9325 5856 245 9052 7110 2107 5262 5074 8025 8906 8500 4550 2239 9697 9148 6531 6948 9342 7421 3581 5363 1082
26 5497 3358 2382 9640 6698 3614 6907 9264 2153 9039 5353 591 1917 4827 2471 3183 7495 3485 6317 2886 401 2608 9703 8311 5720 8375
36 6831 3544 5189 5060 4673 4558 6893 1281 6066 9562 7729 6602 8431 2095 5052 4114 8779 6552 9425 2534 6325 6928 6130 4459 2719 123 9115 4275 4580 1952 2361 82 1602 5821 5798 4538
27 5235 9207 7064 830 6101 100 9394 1804 9576 8348 2979 2386 6268 6089 4858 767 118 9225 456 6415 8819 7107 8287 5153 6521 2794 4553
24 3005 3329 5491 7043 3701 4786 3818 2846 1747 1307 2960 6589 6608 8844 1395 5072 6071 4378 7827 960 3412 5224 4049 7751
21 2538 5205 8783 3721 3368 1193 9392 352 8502 8665 3673 278 1071 801 5 5364 6979 705 4600 7896 8377
22 1135 530 9187 1518 1246 2948 1965 2834 7128 8208 5338 2149 3600 9063 3094 8834 5254 2822 8396 5460 4383 3500
19 3294 1605 7398 6316 9617 1357 9758 9572 4881 8986 2183 2800 2283 7522 1703 6108 4174 5286 79
31 6547 5295 1852 2910 65 4046 8228 3436 5135 3784 9900 4420 4168 8727 7995 9331 3800 1890 6046 8230 5190 4261 2002 3048 5148 8636 5159 4277 4338 3562 1212
22 627 6849 9705 5748 9012 8272 6951 4496 1584 8214 2989 9460 9945 8252 2778 3004 4381 4581 6505 2120 4813 443
25 3743 1869 3190 1968 3373 2260 4594 1181 8403 2362 3135 2654 112 9816 7007 8549 8496 4849 6176 7032 7540 5960 2456 3238 9938
37 3988 8102 1054 5359 8059 718 419 5818 1942 2121 7680 2104 8288 6880 3808 684 5007 2789 5966 6525 1572 6826 495 6092 9223 218 7589 1118 4416 8352 8683 7202 2196 763 4886 5855 6016
33 8329 9216 3025 6965 5089 266 6484 2082 6648 7900 9634 178 1235 6962 2285 3508 2447 2688 3935 7852 9098 5597 4616 1112 3198 7170 868 6070 480 6911 6819 2227 5265
22 1888 1776 7512 8774 7840 9469 7837 9300 9408 5715 2561 4874 2943 3890 5918 8908 6302 2628 1202 5485 7133 1247
26 8967 6502 4706 1564 8062 1415 1684 4105 7701 938 2921 586 2762 2866 4810 2994 5589 5448 7313 8846 8341 2469 3158 4755 3063 2554
31 7709 376 8029 5120 3191 137 3731 9611 9539 3429 8603 5559 8748 7805 8031 6604 2863 5396 9843 6628 4166 3297 8899 7845 488 5883 2287 6931 5682 3812 5398
21 2912 3149 3451 6832 2397 2440 2715 1783 8705 5795 8345 287 4380 5490 7127 6207 2096 7348 7742 4891 8789
36 7640 7249 2711 9314 6900 8426 7628 2180 599 9272 6379 5803 531 7587 7337 5133 8824 6776 2018 163 1748 3551 3852 936 4579 855 1624 4391 7469 6941 4783 5266 2502 1562 7943 472
32 5948 2357 3307 2424 1845 4017 3073 2952 8285 1412 8796 3230 3905 3210 2264 8926 7488 7034 6129 4739 7483 6697 33 1849 7519 5239 8677 540 6323 2677 7467 6221
